Removed Pin From Net: NetName=V_bat Pin=D1-2
Removed Pin From Net: NetName=V_bat Pin=J1-1
Removed Pin From Net: NetName=TX Pin=J1-2
Removed Pin From Net: NetName=RX Pin=J1-3
Removed Pin From Net: NetName=GND Pin=J1-4
Removed Pin From Net: NetName=VCC Pin=J3-1
Removed Pin From Net: NetName=V_bat Pin=J3-2
Removed Member From Class: ClassName=LED strip driver Member=D1
Removed Member From Class: ClassName=LED strip driver Member=J9
Change Component Designator: OldDesignator=C1 NewDesignator=C3
Change Component Designator: OldDesignator=C2 NewDesignator=C1
Change Component Designator: OldDesignator=C3 NewDesignator=C2
Change Component Designator: OldDesignator=CHRG1 NewDesignator=CHRG
Change Component Designator: OldDesignator=J2 NewDesignator=J1
Change Component Designator: OldDesignator=J4 NewDesignator=J3
Change Component Designator: OldDesignator=J5 NewDesignator=J4
Change Component Designator: OldDesignator=J6 NewDesignator=J5
Change Component Designator: OldDesignator=J7 NewDesignator=J2
Change Component Designator: OldDesignator=J8 NewDesignator=J6
Change Component Designator: OldDesignator=J9 NewDesignator=J7
Change Component Designator: OldDesignator=MIC1 NewDesignator=MIC?
Change Component Designator: OldDesignator=MIC2 NewDesignator=MIC?
Change Component Designator: OldDesignator=R1 NewDesignator=R2
Change Component Designator: OldDesignator=R2 NewDesignator=R3
Change Component Designator: OldDesignator=R3 NewDesignator=R14
Change Component Designator: OldDesignator=R4 NewDesignator=R1
Change Component Designator: OldDesignator=R5 NewDesignator=R15
Change Component Designator: OldDesignator=R6 NewDesignator=R4
Change Component Designator: OldDesignator=R7 NewDesignator=R5
Change Component Designator: OldDesignator=R8 NewDesignator=R6
Change Component Designator: OldDesignator=R9 NewDesignator=R7
Change Component Designator: OldDesignator=R10 NewDesignator=R8
Change Component Designator: OldDesignator=R11 NewDesignator=R9
Change Component Designator: OldDesignator=R12 NewDesignator=R10
Change Component Designator: OldDesignator=R13 NewDesignator=R11
Change Component Designator: OldDesignator=R14 NewDesignator=R12
Change Component Designator: OldDesignator=R15 NewDesignator=R13
Change Component Designator: OldDesignator=Rprog1 NewDesignator=Rprog
Change Component Designator: OldDesignator=STDBY1 NewDesignator=STDBY
Added Component: Designator=J8(CONN 4P PH=3.96mm_VH-4A-CS-HF)
Add component (AddParameter): Name = "CREATE_NAME"; Value = "Nathan"; VariantName = "[No Variations]"
Add component (AddParameter): Name = "CREATE_TIME"; Value = "01-Nov-2018"; VariantName = "[No Variations]"
Add component (AddParameter): Name = "Current"; Value = "5A"; VariantName = "[No Variations]"
Add component (AddParameter): Name = "DIP&SMD"; Value = "DIP"; VariantName = "[No Variations]"
Add component (AddParameter): Name = "MFG"; Value = "JST"; VariantName = "[No Variations]"
Add component (AddParameter): Name = "MFG Part"; Value = "VH-4A-CS-HF"; VariantName = "[No Variations]"
Add component (AddParameter): Name = "SAP"; Value = "T690300129900"; VariantName = "[No Variations]"
Add component (AddParameter): Name = "Type"; Value = "Connector"; VariantName = "[No Variations]"
Add component (AddParameter): Name = "Value"; Value = "3.96mm"; VariantName = "[No Variations]"
Add component (AddParameter): Name = "Vendor Code"; Value = ""; VariantName = "[No Variations]"
Add component (AddParameter): Name = "Vendor Name"; Value = ""; VariantName = "[No Variations]"
Added Pin To Net: NetName=V_bat Pin=J8-1
Added Pin To Net: NetName=TX Pin=J8-2
Added Pin To Net: NetName=RX Pin=J8-3
Added Pin To Net: NetName=GND Pin=J8-4
Added Pin To Net: NetName=V_bat Pin=U2-5
Change Net Name : Old Net Name=NetC1_1 New Net Name=NetC3_1
Change Net Name : Old Net Name=NetCHRG1_2 New Net Name=NetCHRG_2
Change Net Name : Old Net Name=NetJ2_3 New Net Name=NetJ1_3
Change Net Name : Old Net Name=NetJ2_4 New Net Name=NetJ1_4
Change Net Name : Old Net Name=NetJ2_5 New Net Name=NetJ1_5
Change Net Name : Old Net Name=NetJ2_6 New Net Name=NetJ1_6
Change Net Name : Old Net Name=NetJ2_7 New Net Name=NetJ1_7
Change Net Name : Old Net Name=NetJ5_1 New Net Name=NetJ4_1
Change Net Name : Old Net Name=NetJ5_2 New Net Name=NetJ4_2
Change Net Name : Old Net Name=NetJ5_3 New Net Name=NetJ4_3
Change Net Name : Old Net Name=NetR2_1 New Net Name=NetR3_1
Change Net Name : Old Net Name=NetR3_1 New Net Name=NetR14_1
Change Net Name : Old Net Name=NetR4_1 New Net Name=NetR1_1
Change Net Name : Old Net Name=NetR4_2 New Net Name=NetR1_2
Change Net Name : Old Net Name=NetR7_1 New Net Name=NetR5_1
Change Net Name : Old Net Name=NetR8_2 New Net Name=NetR6_2
Change Net Name : Old Net Name=NetR9_1 New Net Name=NetR7_1
Change Net Name : Old Net Name=NetR12_1 New Net Name=NetR10_1
Change Net Name : Old Net Name=NetR13_2 New Net Name=NetR11_2
Change Net Name : Old Net Name=NetR14_1 New Net Name=NetR12_1
Change Net Name : Old Net Name=NetRprog1_1 New Net Name=NetRprog_1
