Removed Pin From Net: NetName=GND Pin=J1-1
Removed Pin From Net: NetName=NetJ1_2 Pin=J1-2
Removed Pin From Net: NetName=-15V Pin=TP1-1
Removed Pin From Net: NetName=+15V Pin=TP2-1
Removed Member From Class: ClassName=+-15V Member=TP1
Removed Member From Class: ClassName=+-15V Member=TP2
Change Component Footprint: Designator=J1 Old Footprint=CONN 2P PH=3.96mm_VH-2A-CS New Footprint=CONN 2P PH=3.81mm RA_BLACK
Change Component Comment : Designator=J1 Old Comment=T690300152100 New Comment=T690300082800
Change component parameters: Designator = "J1"; Footprint = "CONN 2P PH=3.81mm RA_BLACK"; UniqueID = "\ILRVERYM"
Change component parameters. Clean all parameters for all variants
Change component parameters (AddParameter): Name = "CREATE_NAME"; Value = "Nathan"; VariantName = "[No Variations]"
Change component parameters (AddParameter): Name = "CREATE_TIME"; Value = "23-July-2019"; VariantName = "[No Variations]"
Change component parameters (AddParameter): Name = "Customer Specific"; Value = "N/A"; VariantName = "[No Variations]"
Change component parameters (AddParameter): Name = "DIP&SMD"; Value = "DIP"; VariantName = "[No Variations]"
Change component parameters (AddParameter): Name = "MFG"; Value = "PHOENIX"; VariantName = "[No Variations]"
Change component parameters (AddParameter): Name = "MFG Part"; Value = "1827619"; VariantName = "[No Variations]"
Change component parameters (AddParameter): Name = "Other"; Value = ""; VariantName = "[No Variations]"
Change component parameters (AddParameter): Name = "PACKAGE"; Value = ""; VariantName = "[No Variations]"
Change component parameters (AddParameter): Name = "SAP"; Value = "T690300082800"; VariantName = "[No Variations]"
Change component parameters (AddParameter): Name = "Tolerance"; Value = ""; VariantName = "[No Variations]"
Change component parameters (AddParameter): Name = "Type"; Value = "Connector"; VariantName = "[No Variations]"
Change component parameters (AddParameter): Name = "Vendor Code"; Value = ""; VariantName = "[No Variations]"
Change component parameters (AddParameter): Name = "Vendor Name"; Value = ""; VariantName = "[No Variations]"
Added Component: Designator=J2(CONN 2P PH=3.81mm RA_BLACK)
Add component. Clean all parameters for all variants
Add component (AddParameter): Name = "CREATE_NAME"; Value = "Nathan"; VariantName = "[No Variations]"
Add component (AddParameter): Name = "CREATE_TIME"; Value = "23-July-2019"; VariantName = "[No Variations]"
Add component (AddParameter): Name = "Customer Specific"; Value = "N/A"; VariantName = "[No Variations]"
Add component (AddParameter): Name = "DIP&SMD"; Value = "DIP"; VariantName = "[No Variations]"
Add component (AddParameter): Name = "MFG"; Value = "PHOENIX"; VariantName = "[No Variations]"
Add component (AddParameter): Name = "MFG Part"; Value = "1827619"; VariantName = "[No Variations]"
Add component (AddParameter): Name = "Other"; Value = ""; VariantName = "[No Variations]"
Add component (AddParameter): Name = "PACKAGE"; Value = ""; VariantName = "[No Variations]"
Add component (AddParameter): Name = "SAP"; Value = "T690300082800"; VariantName = "[No Variations]"
Add component (AddParameter): Name = "Tolerance"; Value = ""; VariantName = "[No Variations]"
Add component (AddParameter): Name = "Type"; Value = "Connector"; VariantName = "[No Variations]"
Add component (AddParameter): Name = "Vendor Code"; Value = ""; VariantName = "[No Variations]"
Add component (AddParameter): Name = "Vendor Name"; Value = ""; VariantName = "[No Variations]"
Added Component: Designator=J3(CONN 2P PH=3.81mm RA_BLACK)
Add component. Clean all parameters for all variants
Add component (AddParameter): Name = "CREATE_NAME"; Value = "Nathan"; VariantName = "[No Variations]"
Add component (AddParameter): Name = "CREATE_TIME"; Value = "23-July-2019"; VariantName = "[No Variations]"
Add component (AddParameter): Name = "Customer Specific"; Value = "N/A"; VariantName = "[No Variations]"
Add component (AddParameter): Name = "DIP&SMD"; Value = "DIP"; VariantName = "[No Variations]"
Add component (AddParameter): Name = "MFG"; Value = "PHOENIX"; VariantName = "[No Variations]"
Add component (AddParameter): Name = "MFG Part"; Value = "1827619"; VariantName = "[No Variations]"
Add component (AddParameter): Name = "Other"; Value = ""; VariantName = "[No Variations]"
Add component (AddParameter): Name = "PACKAGE"; Value = ""; VariantName = "[No Variations]"
Add component (AddParameter): Name = "SAP"; Value = "T690300082800"; VariantName = "[No Variations]"
Add component (AddParameter): Name = "Tolerance"; Value = ""; VariantName = "[No Variations]"
Add component (AddParameter): Name = "Type"; Value = "Connector"; VariantName = "[No Variations]"
Add component (AddParameter): Name = "Vendor Code"; Value = ""; VariantName = "[No Variations]"
Add component (AddParameter): Name = "Vendor Name"; Value = ""; VariantName = "[No Variations]"
Added Pin To Net: NetName=-15V Pin=J1-1
Added Pin To Net: NetName=GND Pin=J1-2
Added Pin To Net: NetName=+15V Pin=J2-1
Added Pin To Net: NetName=GND Pin=J2-2
Added Pin To Net: NetName=GND Pin=J3-1
Added Pin To Net: NetName=NetJ1_2 Pin=J3-2
Change Net Name : Old Net Name=NetJ1_2 New Net Name=NetJ3_2
Added Member To Class: ClassName=+-15V Member=Component J2 T690300082800
Added Member To Class: ClassName=+-15V Member=Component J3 T690300082800
Added Room: Name=+-15V
