Removed Pin From Net: NetName=V_Bat Pin=C16-2
Removed Pin From Net: NetName=NetD1_1 Pin=D2-2
Removed Pin From Net: NetName=V_Bat Pin=U3-2
Added Component: Designator=D5(LL34)
Add component (AddParameter): Name = "Current"; Value = "5MA"; VariantName = "[No Variations]"
Add component (AddParameter): Name = "Customer Specific"; Value = "N/A"; VariantName = "[No Variations]"
Add component (AddParameter): Name = "DIP&SMD"; Value = "SMD"; VariantName = "[No Variations]"
Add component (AddParameter): Name = "MFG"; Value = ""; VariantName = "[No Variations]"
Add component (AddParameter): Name = "MFG Part"; Value = "ZMM55-C22"; VariantName = "[No Variations]"
Add component (AddParameter): Name = "Package"; Value = "LL34"; VariantName = "[No Variations]"
Add component (AddParameter): Name = "Power"; Value = "500MW"; VariantName = "[No Variations]"
Add component (AddParameter): Name = "SAP"; Value = "T573003862018"; VariantName = "[No Variations]"
Add component (AddParameter): Name = "Tolerance"; Value = "5%"; VariantName = "[No Variations]"
Add component (AddParameter): Name = "Type"; Value = "ZENER"; VariantName = "[No Variations]"
Add component (AddParameter): Name = "Vendor Code"; Value = "10020343"; VariantName = "[No Variations]"
Add component (AddParameter): Name = "Vendor Name"; Value = "深圳市春明电子有限公司"; VariantName = "[No Variations]"
Add component (AddParameter): Name = "VOLTAGE"; Value = "22V"; VariantName = "[No Variations]"
Added Pin To Net: NetName=NetD1_1 Pin=D5-2
Added Pin To Net: NetName=NetD2_2 Pin=D2-2
Added Pin To Net: NetName=NetD2_2 Pin=D5-1
Added Net: Name=NetD2_2
Added Pin To Net: NetName=V_Bat_MCU Pin=C16-2
Added Pin To Net: NetName=V_Bat_MCU Pin=U3-2
Added Net: Name=V_Bat_MCU
Added Member To Class: ClassName=E-scooter Member=Component D5 RCZ005022-0010
