Added Component: Designator=P2(Motor connector)
Add component (AddParameter): Name = "Current"; Value = "5A"; VariantName = "[No Variations]"
Add component (AddParameter): Name = "DIP&SMD"; Value = "DIP"; VariantName = "[No Variations]"
Add component (AddParameter): Name = "MFG"; Value = "金明浩"; VariantName = "[No Variations]"
Add component (AddParameter): Name = "MFG Part"; Value = "DB8-6S1 N-Polar"; VariantName = "[No Variations]"
Add component (AddParameter): Name = "SAP"; Value = "T690300011500"; VariantName = "[No Variations]"
Add component (AddParameter): Name = "Type"; Value = "Connector"; VariantName = "[No Variations]"
Add component (AddParameter): Name = "Value"; Value = ""; VariantName = "[No Variations]"
Add component (AddParameter): Name = "Vendor Code"; Value = "10010007"; VariantName = "[No Variations]"
Add component (AddParameter): Name = "Vendor Name"; Value = "深圳市金明浩电子科技有限公司"; VariantName = "[No Variations]"
Added Component: Designator=P3(Motor connector)
Add component (AddParameter): Name = "Current"; Value = "5A"; VariantName = "[No Variations]"
Add component (AddParameter): Name = "DIP&SMD"; Value = "DIP"; VariantName = "[No Variations]"
Add component (AddParameter): Name = "MFG"; Value = "金明浩"; VariantName = "[No Variations]"
Add component (AddParameter): Name = "MFG Part"; Value = "DB8-6S1 N-Polar"; VariantName = "[No Variations]"
Add component (AddParameter): Name = "SAP"; Value = "T690300011500"; VariantName = "[No Variations]"
Add component (AddParameter): Name = "Type"; Value = "Connector"; VariantName = "[No Variations]"
Add component (AddParameter): Name = "Value"; Value = ""; VariantName = "[No Variations]"
Add component (AddParameter): Name = "Vendor Code"; Value = "10010007"; VariantName = "[No Variations]"
Add component (AddParameter): Name = "Vendor Name"; Value = "深圳市金明浩电子科技有限公司"; VariantName = "[No Variations]"
Added Component: Designator=R19(5W-22X10-H)
Add component (AddParameter): Name = "Customer Specific"; Value = "N/A"; VariantName = "[No Variations]"
Add component (AddParameter): Name = "DIP&SMD"; Value = "DIP"; VariantName = "[No Variations]"
Add component (AddParameter): Name = "MFG"; Value = "Xingdacheng"; VariantName = "[No Variations]"
Add component (AddParameter): Name = "MFG Part"; Value = "RES 5W 5% 5.1 OHM W10D9.5L22H22 QHE"; VariantName = "[No Variations]"
Add component (AddParameter): Name = "Package"; Value = "5W"; VariantName = "[No Variations]"
Add component (AddParameter): Name = "Power"; Value = "2W"; VariantName = "[No Variations]"
Add component (AddParameter): Name = "SAP"; Value = "T710600010200"; VariantName = "[No Variations]"
Add component (AddParameter): Name = "TOL"; Value = "5%"; VariantName = "[No Variations]"
Add component (AddParameter): Name = "Type"; Value = "Resistor"; VariantName = "[No Variations]"
Add component (AddParameter): Name = "Value"; Value = "5mR"; VariantName = "[No Variations]"
Add component (AddParameter): Name = "Vendor Code"; Value = "10008495"; VariantName = "[No Variations]"
Add component (AddParameter): Name = "Vendor Name"; Value = "深圳市兴达诚电子有限公司"; VariantName = "[No Variations]"
Added Pin To Net: NetName=M1 Pin=P2-1
Added Pin To Net: NetName=M1 Pin=P2-1
Added Pin To Net: NetName=M2 Pin=P2-2
Added Pin To Net: NetName=M2 Pin=P2-2
Added Pin To Net: NetName=M1 Pin=P3-1
Added Pin To Net: NetName=M1 Pin=P3-1
Added Pin To Net: NetName=M2 Pin=P3-2
Added Pin To Net: NetName=M2 Pin=P3-2
Added Pin To Net: NetName=GND Pin=R19-1
Added Pin To Net: NetName=NetQ4_3 Pin=R19-2
Added Member To Class: ClassName=Single motor monitoring Beta Member=Component P2 CJP012009-0050
Added Member To Class: ClassName=Single motor monitoring Beta Member=Component P3 CJP012009-0050
Added Member To Class: ClassName=Single motor monitoring Beta Member=Component R19 QHE505000-5190
