Added Component: Designator=C1(CAPC0201)
Add component (AddParameter): Name = "CREATE_NAME"; Value = "Nathan"; VariantName = "[No Variations]"
Add component (AddParameter): Name = "CREATE_TIME"; Value = "01-Nov-2018"; VariantName = "[No Variations]"
Add component (AddParameter): Name = "Customer Specific"; Value = "N/A"; VariantName = "[No Variations]"
Add component (AddParameter): Name = "DIP&SMD"; Value = "SMD"; VariantName = "[No Variations]"
Add component (AddParameter): Name = "MFG"; Value = "MURATA"; VariantName = "[No Variations]"
Add component (AddParameter): Name = "MFG Part"; Value = "GRM033R61A104KE15D"; VariantName = "[No Variations]"
Add component (AddParameter): Name = "Other"; Value = "X5R"; VariantName = "[No Variations]"
Add component (AddParameter): Name = "PACKAGE"; Value = "CAPC0201"; VariantName = "[No Variations]"
Add component (AddParameter): Name = "SAP"; Value = "T545091047205"; VariantName = "[No Variations]"
Add component (AddParameter): Name = "Tolerance"; Value = "10%"; VariantName = "[No Variations]"
Add component (AddParameter): Name = "Type"; Value = "Capacitor"; VariantName = "[No Variations]"
Add component (AddParameter): Name = "Value"; Value = "0.1uF"; VariantName = "[No Variations]"
Add component (AddParameter): Name = "Vendor Code"; Value = ""; VariantName = "[No Variations]"
Add component (AddParameter): Name = "Vendor Name"; Value = ""; VariantName = "[No Variations]"
Add component (AddParameter): Name = "Voltage"; Value = "10V"; VariantName = "[No Variations]"
Added Component: Designator=C2(CASE - D)
Add component (AddParameter): Name = "Customer Specific"; Value = "N/A"; VariantName = "[No Variations]"
Add component (AddParameter): Name = "DIP&SMD"; Value = "SMD"; VariantName = "[No Variations]"
Add component (AddParameter): Name = "MFG"; Value = ""; VariantName = "[No Variations]"
Add component (AddParameter): Name = "MFG Part"; Value = ""; VariantName = "[No Variations]"
Add component (AddParameter): Name = "Other"; Value = ""; VariantName = "[No Variations]"
Add component (AddParameter): Name = "PACKAGE"; Value = "CASE - D"; VariantName = "[No Variations]"
Add component (AddParameter): Name = "SAP"; Value = "T551101434030"; VariantName = "[No Variations]"
Add component (AddParameter): Name = "Tolerance"; Value = "20%"; VariantName = "[No Variations]"
Add component (AddParameter): Name = "Type"; Value = "Capacitor"; VariantName = "[No Variations]"
Add component (AddParameter): Name = "Value"; Value = "20uF"; VariantName = "[No Variations]"
Add component (AddParameter): Name = "Vendor Code"; Value = "10020343"; VariantName = "[No Variations]"
Add component (AddParameter): Name = "Vendor Name"; Value = "深圳市春明电子有限公司"; VariantName = "[No Variations]"
Add component (AddParameter): Name = "Voltage"; Value = "16V"; VariantName = "[No Variations]"
Added Component: Designator=C3(CAPC0201)
Add component (AddParameter): Name = "CREATE_NAME"; Value = "Nathan"; VariantName = "[No Variations]"
Add component (AddParameter): Name = "CREATE_TIME"; Value = "01-Nov-2018"; VariantName = "[No Variations]"
Add component (AddParameter): Name = "Customer Specific"; Value = "N/A"; VariantName = "[No Variations]"
Add component (AddParameter): Name = "DIP&SMD"; Value = "SMD"; VariantName = "[No Variations]"
Add component (AddParameter): Name = "MFG"; Value = "MURATA"; VariantName = "[No Variations]"
Add component (AddParameter): Name = "MFG Part"; Value = "GRM033R61A104KE15D"; VariantName = "[No Variations]"
Add component (AddParameter): Name = "Other"; Value = "X5R"; VariantName = "[No Variations]"
Add component (AddParameter): Name = "PACKAGE"; Value = "CAPC0201"; VariantName = "[No Variations]"
Add component (AddParameter): Name = "SAP"; Value = "T545091047205"; VariantName = "[No Variations]"
Add component (AddParameter): Name = "Tolerance"; Value = "10%"; VariantName = "[No Variations]"
Add component (AddParameter): Name = "Type"; Value = "Capacitor"; VariantName = "[No Variations]"
Add component (AddParameter): Name = "Value"; Value = "4.7uF"; VariantName = "[No Variations]"
Add component (AddParameter): Name = "Vendor Code"; Value = ""; VariantName = "[No Variations]"
Add component (AddParameter): Name = "Vendor Name"; Value = ""; VariantName = "[No Variations]"
Add component (AddParameter): Name = "Voltage"; Value = "50V"; VariantName = "[No Variations]"
Added Component: Designator=C4(0603P)
Added Component: Designator=C5(0603P)
Added Component: Designator=C6(CAPC0201)
Add component (AddParameter): Name = "CREATE_NAME"; Value = "Nathan"; VariantName = "[No Variations]"
Add component (AddParameter): Name = "CREATE_TIME"; Value = "01-Nov-2018"; VariantName = "[No Variations]"
Add component (AddParameter): Name = "Customer Specific"; Value = "N/A"; VariantName = "[No Variations]"
Add component (AddParameter): Name = "DIP&SMD"; Value = "SMD"; VariantName = "[No Variations]"
Add component (AddParameter): Name = "MFG"; Value = "MURATA"; VariantName = "[No Variations]"
Add component (AddParameter): Name = "MFG Part"; Value = "GRM033R61A104KE15D"; VariantName = "[No Variations]"
Add component (AddParameter): Name = "Other"; Value = "X5R"; VariantName = "[No Variations]"
Add component (AddParameter): Name = "PACKAGE"; Value = "CAPC0201"; VariantName = "[No Variations]"
Add component (AddParameter): Name = "SAP"; Value = "T545091047205"; VariantName = "[No Variations]"
Add component (AddParameter): Name = "Tolerance"; Value = "10%"; VariantName = "[No Variations]"
Add component (AddParameter): Name = "Type"; Value = "Capacitor"; VariantName = "[No Variations]"
Add component (AddParameter): Name = "Value"; Value = "6.8pF"; VariantName = "[No Variations]"
Add component (AddParameter): Name = "Vendor Code"; Value = ""; VariantName = "[No Variations]"
Add component (AddParameter): Name = "Vendor Name"; Value = ""; VariantName = "[No Variations]"
Add component (AddParameter): Name = "Voltage"; Value = "3V"; VariantName = "[No Variations]"
Added Component: Designator=C7(CAPC0201)
Add component (AddParameter): Name = "CREATE_NAME"; Value = "Nathan"; VariantName = "[No Variations]"
Add component (AddParameter): Name = "CREATE_TIME"; Value = "01-Nov-2018"; VariantName = "[No Variations]"
Add component (AddParameter): Name = "Customer Specific"; Value = "N/A"; VariantName = "[No Variations]"
Add component (AddParameter): Name = "DIP&SMD"; Value = "SMD"; VariantName = "[No Variations]"
Add component (AddParameter): Name = "MFG"; Value = "MURATA"; VariantName = "[No Variations]"
Add component (AddParameter): Name = "MFG Part"; Value = "GRM033R61A104KE15D"; VariantName = "[No Variations]"
Add component (AddParameter): Name = "Other"; Value = "X5R"; VariantName = "[No Variations]"
Add component (AddParameter): Name = "PACKAGE"; Value = "CAPC0201"; VariantName = "[No Variations]"
Add component (AddParameter): Name = "SAP"; Value = "T545091047205"; VariantName = "[No Variations]"
Add component (AddParameter): Name = "Tolerance"; Value = "10%"; VariantName = "[No Variations]"
Add component (AddParameter): Name = "Type"; Value = "Capacitor"; VariantName = "[No Variations]"
Add component (AddParameter): Name = "Value"; Value = "6.8nF"; VariantName = "[No Variations]"
Add component (AddParameter): Name = "Vendor Code"; Value = ""; VariantName = "[No Variations]"
Add component (AddParameter): Name = "Vendor Name"; Value = ""; VariantName = "[No Variations]"
Add component (AddParameter): Name = "Voltage"; Value = "3V"; VariantName = "[No Variations]"
Added Component: Designator=C8(0603P)
Added Component: Designator=C9(CASE - D)
Add component (AddParameter): Name = "Customer Specific"; Value = "N/A"; VariantName = "[No Variations]"
Add component (AddParameter): Name = "DIP&SMD"; Value = "SMD"; VariantName = "[No Variations]"
Add component (AddParameter): Name = "MFG"; Value = ""; VariantName = "[No Variations]"
Add component (AddParameter): Name = "MFG Part"; Value = ""; VariantName = "[No Variations]"
Add component (AddParameter): Name = "Other"; Value = ""; VariantName = "[No Variations]"
Add component (AddParameter): Name = "PACKAGE"; Value = "CASE - D"; VariantName = "[No Variations]"
Add component (AddParameter): Name = "SAP"; Value = "T551101434030"; VariantName = "[No Variations]"
Add component (AddParameter): Name = "Tolerance"; Value = "20%"; VariantName = "[No Variations]"
Add component (AddParameter): Name = "Type"; Value = "Capacitor"; VariantName = "[No Variations]"
Add component (AddParameter): Name = "Value"; Value = "10uF"; VariantName = "[No Variations]"
Add component (AddParameter): Name = "Vendor Code"; Value = "10020343"; VariantName = "[No Variations]"
Add component (AddParameter): Name = "Vendor Name"; Value = "深圳市春明电子有限公司"; VariantName = "[No Variations]"
Add component (AddParameter): Name = "Voltage"; Value = "6V"; VariantName = "[No Variations]"
Added Component: Designator=C10(CAPC0201)
Add component (AddParameter): Name = "CREATE_NAME"; Value = "Nathan"; VariantName = "[No Variations]"
Add component (AddParameter): Name = "CREATE_TIME"; Value = "01-Nov-2018"; VariantName = "[No Variations]"
Add component (AddParameter): Name = "Customer Specific"; Value = "N/A"; VariantName = "[No Variations]"
Add component (AddParameter): Name = "DIP&SMD"; Value = "SMD"; VariantName = "[No Variations]"
Add component (AddParameter): Name = "MFG"; Value = "MURATA"; VariantName = "[No Variations]"
Add component (AddParameter): Name = "MFG Part"; Value = "GRM033R61A104KE15D"; VariantName = "[No Variations]"
Add component (AddParameter): Name = "Other"; Value = "X5R"; VariantName = "[No Variations]"
Add component (AddParameter): Name = "PACKAGE"; Value = "CAPC0201"; VariantName = "[No Variations]"
Add component (AddParameter): Name = "SAP"; Value = "T545091047205"; VariantName = "[No Variations]"
Add component (AddParameter): Name = "Tolerance"; Value = "10%"; VariantName = "[No Variations]"
Add component (AddParameter): Name = "Type"; Value = "Capacitor"; VariantName = "[No Variations]"
Add component (AddParameter): Name = "Value"; Value = "1uF"; VariantName = "[No Variations]"
Add component (AddParameter): Name = "Vendor Code"; Value = ""; VariantName = "[No Variations]"
Add component (AddParameter): Name = "Vendor Name"; Value = ""; VariantName = "[No Variations]"
Add component (AddParameter): Name = "Voltage"; Value = "15V"; VariantName = "[No Variations]"
Added Component: Designator=C11(CAPC0201)
Add component (AddParameter): Name = "CREATE_NAME"; Value = "Nathan"; VariantName = "[No Variations]"
Add component (AddParameter): Name = "CREATE_TIME"; Value = "01-Nov-2018"; VariantName = "[No Variations]"
Add component (AddParameter): Name = "Customer Specific"; Value = "N/A"; VariantName = "[No Variations]"
Add component (AddParameter): Name = "DIP&SMD"; Value = "SMD"; VariantName = "[No Variations]"
Add component (AddParameter): Name = "MFG"; Value = "MURATA"; VariantName = "[No Variations]"
Add component (AddParameter): Name = "MFG Part"; Value = "GRM033R61A104KE15D"; VariantName = "[No Variations]"
Add component (AddParameter): Name = "Other"; Value = "X5R"; VariantName = "[No Variations]"
Add component (AddParameter): Name = "PACKAGE"; Value = "CAPC0201"; VariantName = "[No Variations]"
Add component (AddParameter): Name = "SAP"; Value = "T545091047205"; VariantName = "[No Variations]"
Add component (AddParameter): Name = "Tolerance"; Value = "10%"; VariantName = "[No Variations]"
Add component (AddParameter): Name = "Type"; Value = "Capacitor"; VariantName = "[No Variations]"
Add component (AddParameter): Name = "Value"; Value = "4.7uF"; VariantName = "[No Variations]"
Add component (AddParameter): Name = "Vendor Code"; Value = ""; VariantName = "[No Variations]"
Add component (AddParameter): Name = "Vendor Name"; Value = ""; VariantName = "[No Variations]"
Add component (AddParameter): Name = "Voltage"; Value = "3V"; VariantName = "[No Variations]"
Added Component: Designator=C12(CAPC0201)
Add component (AddParameter): Name = "CREATE_NAME"; Value = "Nathan"; VariantName = "[No Variations]"
Add component (AddParameter): Name = "CREATE_TIME"; Value = "01-Nov-2018"; VariantName = "[No Variations]"
Add component (AddParameter): Name = "Customer Specific"; Value = "N/A"; VariantName = "[No Variations]"
Add component (AddParameter): Name = "DIP&SMD"; Value = "SMD"; VariantName = "[No Variations]"
Add component (AddParameter): Name = "MFG"; Value = "MURATA"; VariantName = "[No Variations]"
Add component (AddParameter): Name = "MFG Part"; Value = "GRM033R61A104KE15D"; VariantName = "[No Variations]"
Add component (AddParameter): Name = "Other"; Value = "X5R"; VariantName = "[No Variations]"
Add component (AddParameter): Name = "PACKAGE"; Value = "CAPC0201"; VariantName = "[No Variations]"
Add component (AddParameter): Name = "SAP"; Value = "T545091047205"; VariantName = "[No Variations]"
Add component (AddParameter): Name = "Tolerance"; Value = "10%"; VariantName = "[No Variations]"
Add component (AddParameter): Name = "Type"; Value = "Capacitor"; VariantName = "[No Variations]"
Add component (AddParameter): Name = "Value"; Value = "103"; VariantName = "[No Variations]"
Add component (AddParameter): Name = "Vendor Code"; Value = ""; VariantName = "[No Variations]"
Add component (AddParameter): Name = "Vendor Name"; Value = ""; VariantName = "[No Variations]"
Add component (AddParameter): Name = "Voltage"; Value = "6V"; VariantName = "[No Variations]"
Added Component: Designator=D1(DO-41-V-P5.08)
Add component (AddParameter): Name = "Current"; Value = "1A"; VariantName = "[No Variations]"
Add component (AddParameter): Name = "Customer Specific"; Value = "N/A"; VariantName = "[No Variations]"
Add component (AddParameter): Name = "DIP&SMD"; Value = "DIP"; VariantName = "[No Variations]"
Add component (AddParameter): Name = "MFG"; Value = "PANJIT"; VariantName = "[No Variations]"
Add component (AddParameter): Name = "MFG Part"; Value = "1N5401"; VariantName = "[No Variations]"
Add component (AddParameter): Name = "Package"; Value = "DO-41"; VariantName = "[No Variations]"
Add component (AddParameter): Name = "SAP"; Value = "T571002250423"; VariantName = "[No Variations]"
Add component (AddParameter): Name = "Type"; Value = "DIODE"; VariantName = "[No Variations]"
Add component (AddParameter): Name = "Vendor Code"; Value = "10020343"; VariantName = "[No Variations]"
Add component (AddParameter): Name = "Vendor Name"; Value = "深圳市春明电子有限公司"; VariantName = "[No Variations]"
Add component (AddParameter): Name = "Voltage"; Value = "400V"; VariantName = "[No Variations]"
Added Component: Designator=D2(SOD-323)
Add component (AddParameter): Name = "CREATE_NAME"; Value = "Nathan"; VariantName = "[No Variations]"
Add component (AddParameter): Name = "CREATE_TIME"; Value = "17-Nov-2020"; VariantName = "[No Variations]"
Add component (AddParameter): Name = "Current"; Value = ""; VariantName = "[No Variations]"
Add component (AddParameter): Name = "Customer Specific"; Value = "N/A"; VariantName = "[No Variations]"
Add component (AddParameter): Name = "DIP&SMD"; Value = "SMD"; VariantName = "[No Variations]"
Add component (AddParameter): Name = "MFG"; Value = "Micro Commercial Components"; VariantName = "[No Variations]"
Add component (AddParameter): Name = "MFG Part"; Value = "SD107WS"; VariantName = "[No Variations]"
Add component (AddParameter): Name = "Package"; Value = "SOD-323"; VariantName = "[No Variations]"
Add component (AddParameter): Name = "SAP"; Value = ""; VariantName = "[No Variations]"
Add component (AddParameter): Name = "Type"; Value = "DIODE"; VariantName = "[No Variations]"
Add component (AddParameter): Name = "Vendor Code"; Value = ""; VariantName = "[No Variations]"
Add component (AddParameter): Name = "Vendor Name"; Value = ""; VariantName = "[No Variations]"
Add component (AddParameter): Name = "Voltage"; Value = ""; VariantName = "[No Variations]"
Added Component: Designator=D3(SOD-323)
Add component (AddParameter): Name = "CREATE_NAME"; Value = "Nathan"; VariantName = "[No Variations]"
Add component (AddParameter): Name = "CREATE_TIME"; Value = "17-Nov-2020"; VariantName = "[No Variations]"
Add component (AddParameter): Name = "Current"; Value = ""; VariantName = "[No Variations]"
Add component (AddParameter): Name = "Customer Specific"; Value = "N/A"; VariantName = "[No Variations]"
Add component (AddParameter): Name = "DIP&SMD"; Value = "SMD"; VariantName = "[No Variations]"
Add component (AddParameter): Name = "MFG"; Value = "Micro Commercial Components"; VariantName = "[No Variations]"
Add component (AddParameter): Name = "MFG Part"; Value = "SD107WS"; VariantName = "[No Variations]"
Add component (AddParameter): Name = "Package"; Value = "SOD-323"; VariantName = "[No Variations]"
Add component (AddParameter): Name = "SAP"; Value = ""; VariantName = "[No Variations]"
Add component (AddParameter): Name = "Type"; Value = "DIODE"; VariantName = "[No Variations]"
Add component (AddParameter): Name = "Vendor Code"; Value = ""; VariantName = "[No Variations]"
Add component (AddParameter): Name = "Vendor Name"; Value = ""; VariantName = "[No Variations]"
Add component (AddParameter): Name = "Voltage"; Value = ""; VariantName = "[No Variations]"
Added Component: Designator=D4(SOD-323)
Add component (AddParameter): Name = "CREATE_NAME"; Value = "Nathan"; VariantName = "[No Variations]"
Add component (AddParameter): Name = "CREATE_TIME"; Value = "17-Nov-2020"; VariantName = "[No Variations]"
Add component (AddParameter): Name = "Current"; Value = ""; VariantName = "[No Variations]"
Add component (AddParameter): Name = "Customer Specific"; Value = "N/A"; VariantName = "[No Variations]"
Add component (AddParameter): Name = "DIP&SMD"; Value = "SMD"; VariantName = "[No Variations]"
Add component (AddParameter): Name = "MFG"; Value = "Micro Commercial Components"; VariantName = "[No Variations]"
Add component (AddParameter): Name = "MFG Part"; Value = "SD107WS"; VariantName = "[No Variations]"
Add component (AddParameter): Name = "Package"; Value = "SOD-323"; VariantName = "[No Variations]"
Add component (AddParameter): Name = "SAP"; Value = ""; VariantName = "[No Variations]"
Add component (AddParameter): Name = "Type"; Value = "DIODE"; VariantName = "[No Variations]"
Add component (AddParameter): Name = "Vendor Code"; Value = ""; VariantName = "[No Variations]"
Add component (AddParameter): Name = "Vendor Name"; Value = ""; VariantName = "[No Variations]"
Add component (AddParameter): Name = "Voltage"; Value = ""; VariantName = "[No Variations]"
Added Component: Designator=D5(SOD-323)
Add component (AddParameter): Name = "CREATE_NAME"; Value = "Nathan"; VariantName = "[No Variations]"
Add component (AddParameter): Name = "CREATE_TIME"; Value = "17-Nov-2020"; VariantName = "[No Variations]"
Add component (AddParameter): Name = "Current"; Value = ""; VariantName = "[No Variations]"
Add component (AddParameter): Name = "Customer Specific"; Value = "N/A"; VariantName = "[No Variations]"
Add component (AddParameter): Name = "DIP&SMD"; Value = "SMD"; VariantName = "[No Variations]"
Add component (AddParameter): Name = "MFG"; Value = "Micro Commercial Components"; VariantName = "[No Variations]"
Add component (AddParameter): Name = "MFG Part"; Value = "SD107WS"; VariantName = "[No Variations]"
Add component (AddParameter): Name = "Package"; Value = "SOD-323"; VariantName = "[No Variations]"
Add component (AddParameter): Name = "SAP"; Value = ""; VariantName = "[No Variations]"
Add component (AddParameter): Name = "Type"; Value = "DIODE"; VariantName = "[No Variations]"
Add component (AddParameter): Name = "Vendor Code"; Value = ""; VariantName = "[No Variations]"
Add component (AddParameter): Name = "Vendor Name"; Value = ""; VariantName = "[No Variations]"
Add component (AddParameter): Name = "Voltage"; Value = ""; VariantName = "[No Variations]"
Added Component: Designator=J1(CONN 2P PH=2.5mm HAA250A-2 WHITE)
Add component (AddParameter): Name = "CREATE_NAME"; Value = "Nathan"; VariantName = "[No Variations]"
Add component (AddParameter): Name = "CREATE_TIME"; Value = "24-Nov-2017"; VariantName = "[No Variations]"
Add component (AddParameter): Name = "Current"; Value = "3A"; VariantName = "[No Variations]"
Add component (AddParameter): Name = "DIP&SMD"; Value = "DIP"; VariantName = "[No Variations]"
Add component (AddParameter): Name = "MFG"; Value = "金瑞康"; VariantName = "[No Variations]"
Add component (AddParameter): Name = "MFG Part"; Value = "HAA250A-2 BLACK"; VariantName = "[No Variations]"
Add component (AddParameter): Name = "SAP"; Value = "T690300125300"; VariantName = "[No Variations]"
Add component (AddParameter): Name = "Type"; Value = "Connector"; VariantName = "[No Variations]"
Add component (AddParameter): Name = "Value"; Value = "2.5mm"; VariantName = "[No Variations]"
Add component (AddParameter): Name = "Vendor Code"; Value = ""; VariantName = "[No Variations]"
Add component (AddParameter): Name = "Vendor Name"; Value = ""; VariantName = "[No Variations]"
Added Component: Designator=J2(CONN 6P PH=2.5mm RA XHB-6AW-KL)
Add component (AddParameter): Name = "CREATE_NAME"; Value = "Nathan"; VariantName = "[No Variations]"
Add component (AddParameter): Name = "CREATE_TIME"; Value = "27-Sep-2017"; VariantName = "[No Variations]"
Add component (AddParameter): Name = "Current"; Value = ""; VariantName = "[No Variations]"
Add component (AddParameter): Name = "DIP&SMD"; Value = "DIP"; VariantName = "[No Variations]"
Add component (AddParameter): Name = "MFG"; Value = "金佳电子"; VariantName = "[No Variations]"
Add component (AddParameter): Name = "MFG Part"; Value = "XHB-6AW-KL"; VariantName = "[No Variations]"
Add component (AddParameter): Name = "SAP"; Value = "T690300121600"; VariantName = "[No Variations]"
Add component (AddParameter): Name = "Type"; Value = "Connector"; VariantName = "[No Variations]"
Add component (AddParameter): Name = "Value"; Value = "2.5mm"; VariantName = "[No Variations]"
Add component (AddParameter): Name = "Vendor Code"; Value = ""; VariantName = "[No Variations]"
Add component (AddParameter): Name = "Vendor Name"; Value = ""; VariantName = "[No Variations]"
Added Component: Designator=J3(CONN 4P PH=2.5mm B4B-XH-A)
Add component (AddParameter): Name = "Current"; Value = "3A"; VariantName = "[No Variations]"
Add component (AddParameter): Name = "DIP&SMD"; Value = "DIP"; VariantName = "[No Variations]"
Add component (AddParameter): Name = "MFG"; Value = ""; VariantName = "[No Variations]"
Add component (AddParameter): Name = "MFG Part"; Value = ""; VariantName = "[No Variations]"
Add component (AddParameter): Name = "SAP"; Value = "T690300029000"; VariantName = "[No Variations]"
Add component (AddParameter): Name = "Type"; Value = "Connector"; VariantName = "[No Variations]"
Add component (AddParameter): Name = "Value"; Value = "2.5mm"; VariantName = "[No Variations]"
Add component (AddParameter): Name = "Vendor Code"; Value = "10009989"; VariantName = "[No Variations]"
Add component (AddParameter): Name = "Vendor Name"; Value = "亿源电子有限公司"; VariantName = "[No Variations]"
Added Component: Designator=J4(CONN 5P PH=2.5mm B5B-XH-A)
Add component (AddParameter): Name = "Current"; Value = "3A"; VariantName = "[No Variations]"
Add component (AddParameter): Name = "DIP&SMD"; Value = "DIP"; VariantName = "[No Variations]"
Add component (AddParameter): Name = "MFG"; Value = ""; VariantName = "[No Variations]"
Add component (AddParameter): Name = "MFG Part"; Value = ""; VariantName = "[No Variations]"
Add component (AddParameter): Name = "SAP"; Value = "T690300029100"; VariantName = "[No Variations]"
Add component (AddParameter): Name = "Type"; Value = "Connector"; VariantName = "[No Variations]"
Add component (AddParameter): Name = "Value"; Value = "2.5mm"; VariantName = "[No Variations]"
Add component (AddParameter): Name = "Vendor Code"; Value = "10020373"; VariantName = "[No Variations]"
Add component (AddParameter): Name = "Vendor Name"; Value = "深圳市利民丰电子有限公司"; VariantName = "[No Variations]"
Added Component: Designator=K1(RELAY HFD23/012-1ZS)
Add component (AddParameter): Name = "CREATE_NAME"; Value = "Nathan"; VariantName = "[No Variations]"
Add component (AddParameter): Name = "CREATE_TIME"; Value = "22-Mar-2021"; VariantName = "[No Variations]"
Add component (AddParameter): Name = "Current"; Value = ""; VariantName = "[No Variations]"
Add component (AddParameter): Name = "DIP&SMD"; Value = "DIP"; VariantName = "[No Variations]"
Add component (AddParameter): Name = "MFG"; Value = "HF"; VariantName = "[No Variations]"
Add component (AddParameter): Name = "MFG Part"; Value = "HFD23\012-1ZS"; VariantName = "[No Variations]"
Add component (AddParameter): Name = "SAP"; Value = ""; VariantName = "[No Variations]"
Add component (AddParameter): Name = "Type"; Value = "RELAY"; VariantName = "[No Variations]"
Add component (AddParameter): Name = "Vendor Code"; Value = ""; VariantName = "[No Variations]"
Add component (AddParameter): Name = "Vendor Name"; Value = ""; VariantName = "[No Variations]"
Add component (AddParameter): Name = "Voltage"; Value = "12V"; VariantName = "[No Variations]"
Added Component: Designator=K2(RELAY HFD23/012-1ZS)
Add component (AddParameter): Name = "CREATE_NAME"; Value = "Nathan"; VariantName = "[No Variations]"
Add component (AddParameter): Name = "CREATE_TIME"; Value = "22-Mar-2021"; VariantName = "[No Variations]"
Add component (AddParameter): Name = "Current"; Value = ""; VariantName = "[No Variations]"
Add component (AddParameter): Name = "DIP&SMD"; Value = "DIP"; VariantName = "[No Variations]"
Add component (AddParameter): Name = "MFG"; Value = "HF"; VariantName = "[No Variations]"
Add component (AddParameter): Name = "MFG Part"; Value = "HFD23\012-1ZS"; VariantName = "[No Variations]"
Add component (AddParameter): Name = "SAP"; Value = ""; VariantName = "[No Variations]"
Add component (AddParameter): Name = "Type"; Value = "RELAY"; VariantName = "[No Variations]"
Add component (AddParameter): Name = "Vendor Code"; Value = ""; VariantName = "[No Variations]"
Add component (AddParameter): Name = "Vendor Name"; Value = ""; VariantName = "[No Variations]"
Add component (AddParameter): Name = "Voltage"; Value = "12V"; VariantName = "[No Variations]"
Added Component: Designator=L1(IND CSAB0740)
Add component (AddParameter): Name = "CREATE_NAME"; Value = "Nathan"; VariantName = "[No Variations]"
Add component (AddParameter): Name = "CREATE_TIME"; Value = "30-Aug-2019"; VariantName = "[No Variations]"
Add component (AddParameter): Name = "Current"; Value = "4A"; VariantName = "[No Variations]"
Add component (AddParameter): Name = "Customer Specific"; Value = "N/A"; VariantName = "[No Variations]"
Add component (AddParameter): Name = "DCR"; Value = "125 mohm (max.)"; VariantName = "[No Variations]"
Add component (AddParameter): Name = "DIP&SMD"; Value = "SMD"; VariantName = "[No Variations]"
Add component (AddParameter): Name = "MFG"; Value = "CODACA"; VariantName = "[No Variations]"
Add component (AddParameter): Name = "MFG Part"; Value = "CSAB0740-220M"; VariantName = "[No Variations]"
Add component (AddParameter): Name = "SAP"; Value = "T621000090500"; VariantName = "[No Variations]"
Add component (AddParameter): Name = "Tolerance"; Value = "20%"; VariantName = "[No Variations]"
Add component (AddParameter): Name = "Type"; Value = "INDUCTOR"; VariantName = "[No Variations]"
Add component (AddParameter): Name = "Value"; Value = "22uH"; VariantName = "[No Variations]"
Add component (AddParameter): Name = "Vendor Code"; Value = ""; VariantName = "[No Variations]"
Add component (AddParameter): Name = "Vendor Name"; Value = ""; VariantName = "[No Variations]"
Added Component: Designator=LED1(LED 0603 JH-CW52E12SMP001)
Add component (AddParameter): Name = "Color"; Value = "White"; VariantName = "[No Variations]"
Add component (AddParameter): Name = "CREATE_NAME"; Value = "Tom"; VariantName = "[No Variations]"
Add component (AddParameter): Name = "CREATE_TIME"; Value = ""; VariantName = "[No Variations]"
Add component (AddParameter): Name = "DIP&SMD"; Value = "SMD"; VariantName = "[No Variations]"
Add component (AddParameter): Name = "Lens Type"; Value = ""; VariantName = "[No Variations]"
Add component (AddParameter): Name = "MFG"; Value = "MINGSHOU"; VariantName = "[No Variations]"
Add component (AddParameter): Name = "MFG Part"; Value = "JH-CW52E12SMP001"; VariantName = "[No Variations]"
Add component (AddParameter): Name = "Package"; Value = "0603"; VariantName = "[No Variations]"
Add component (AddParameter): Name = "SAP"; Value = "T575013160258"; VariantName = "[No Variations]"
Add component (AddParameter): Name = "Type"; Value = "LED"; VariantName = "[No Variations]"
Added Component: Designator=NC1(0603-RW)
Add component (AddParameter): Name = "CREATE_NAME"; Value = "Tom"; VariantName = "[No Variations]"
Add component (AddParameter): Name = "CREATE_TIME"; Value = "12-Apr-2016"; VariantName = "[No Variations]"
Add component (AddParameter): Name = "Customer Specific"; Value = "N/A"; VariantName = "[No Variations]"
Add component (AddParameter): Name = "DIP&SMD"; Value = "SMD"; VariantName = "[No Variations]"
Add component (AddParameter): Name = "MFG"; Value = "WALSIN"; VariantName = "[No Variations]"
Add component (AddParameter): Name = "MFG Part"; Value = "WF06T3481BTL"; VariantName = "[No Variations]"
Add component (AddParameter): Name = "Power"; Value = "1/16 W"; VariantName = "[No Variations]"
Add component (AddParameter): Name = "SAP"; Value = "T501348102129"; VariantName = "[No Variations]"
Add component (AddParameter): Name = "TOL"; Value = "0.1%"; VariantName = "[No Variations]"
Add component (AddParameter): Name = "Type"; Value = "Resistor"; VariantName = "[No Variations]"
Add component (AddParameter): Name = "Vendor Code"; Value = ""; VariantName = "[No Variations]"
Add component (AddParameter): Name = "Vendor Name"; Value = ""; VariantName = "[No Variations]"
Added Component: Designator=P1(AC INLET 2P DB8-6S1)
Add component (AddParameter): Name = "Current"; Value = "5A"; VariantName = "[No Variations]"
Add component (AddParameter): Name = "DIP&SMD"; Value = "DIP"; VariantName = "[No Variations]"
Add component (AddParameter): Name = "MFG"; Value = "金明浩"; VariantName = "[No Variations]"
Add component (AddParameter): Name = "MFG Part"; Value = "DB8-6S1 N-Polar"; VariantName = "[No Variations]"
Add component (AddParameter): Name = "SAP"; Value = "T690300011500"; VariantName = "[No Variations]"
Add component (AddParameter): Name = "Type"; Value = "Connector"; VariantName = "[No Variations]"
Add component (AddParameter): Name = "Value"; Value = ""; VariantName = "[No Variations]"
Add component (AddParameter): Name = "Vendor Code"; Value = "10010007"; VariantName = "[No Variations]"
Add component (AddParameter): Name = "Vendor Name"; Value = "深圳市金明浩电子科技有限公司"; VariantName = "[No Variations]"
Added Component: Designator=P2(AC INLET 2P ST-A03-002MS)
Add component (AddParameter): Name = "DIP&SMD"; Value = "DIP"; VariantName = "[No Variations]"
Add component (AddParameter): Name = "MFG"; Value = "金明浩"; VariantName = "[No Variations]"
Add component (AddParameter): Name = "MFG Part"; Value = "MOTOR"; VariantName = "[No Variations]"
Add component (AddParameter): Name = "SAP"; Value = "T690300012000"; VariantName = "[No Variations]"
Add component (AddParameter): Name = "Type"; Value = "Connector"; VariantName = "[No Variations]"
Add component (AddParameter): Name = "Value"; Value = ""; VariantName = "[No Variations]"
Add component (AddParameter): Name = "Vendor Code"; Value = "10010007"; VariantName = "[No Variations]"
Add component (AddParameter): Name = "Vendor Name"; Value = "深圳市金明浩电子科技有限公司"; VariantName = "[No Variations]"
Added Component: Designator=Q1(SOT23-132-RW)
Add component (AddParameter): Name = "Customer Specific"; Value = "N/A"; VariantName = "[No Variations]"
Add component (AddParameter): Name = "DIP&SMD"; Value = "SMD"; VariantName = "[No Variations]"
Add component (AddParameter): Name = "MFG"; Value = "LRC"; VariantName = "[No Variations]"
Add component (AddParameter): Name = "MFG Part"; Value = "2N5551"; VariantName = "[No Variations]"
Add component (AddParameter): Name = "Package"; Value = "SOT-23"; VariantName = "[No Variations]"
Add component (AddParameter): Name = "Power"; Value = ""; VariantName = "[No Variations]"
Add component (AddParameter): Name = "SAP"; Value = "T581003640437"; VariantName = "[No Variations]"
Add component (AddParameter): Name = "Type"; Value = "NPN"; VariantName = "[No Variations]"
Add component (AddParameter): Name = "Vendor Code"; Value = "10009129"; VariantName = "[No Variations]"
Add component (AddParameter): Name = "Vendor Name"; Value = "WING HING ENTERPRISE CO"; VariantName = "[No Variations]"
Add component (AddParameter): Name = "Voltage"; Value = ""; VariantName = "[No Variations]"
Added Component: Designator=Q2(TO220-F)
Add component (AddParameter): Name = "Current"; Value = "12A"; VariantName = "[No Variations]"
Add component (AddParameter): Name = "Customer Specific"; Value = "N/A"; VariantName = "[No Variations]"
Add component (AddParameter): Name = "DIP&SMD"; Value = "DIP"; VariantName = "[No Variations]"
Add component (AddParameter): Name = "MFG"; Value = "UTC"; VariantName = "[No Variations]"
Add component (AddParameter): Name = "MFG Part"; Value = "12N60L-A-TF3-T"; VariantName = "[No Variations]"
Add component (AddParameter): Name = "Package"; Value = "TO220"; VariantName = "[No Variations]"
Add component (AddParameter): Name = "Power"; Value = ""; VariantName = "[No Variations]"
Add component (AddParameter): Name = "SAP"; Value = "T586002570924"; VariantName = "[No Variations]"
Add component (AddParameter): Name = "Type"; Value = "MOSFET"; VariantName = "[No Variations]"
Add component (AddParameter): Name = "Vendor Code"; Value = "10020223"; VariantName = "[No Variations]"
Add component (AddParameter): Name = "Vendor Name"; Value = "丰富利科技（深圳）有限公司"; VariantName = "[No Variations]"
Add component (AddParameter): Name = "Voltage"; Value = "600V"; VariantName = "[No Variations]"
Added Component: Designator=Q3(TO220-F)
Add component (AddParameter): Name = "Current"; Value = "12A"; VariantName = "[No Variations]"
Add component (AddParameter): Name = "Customer Specific"; Value = "N/A"; VariantName = "[No Variations]"
Add component (AddParameter): Name = "DIP&SMD"; Value = "DIP"; VariantName = "[No Variations]"
Add component (AddParameter): Name = "MFG"; Value = "UTC"; VariantName = "[No Variations]"
Add component (AddParameter): Name = "MFG Part"; Value = "12N60L-A-TF3-T"; VariantName = "[No Variations]"
Add component (AddParameter): Name = "Package"; Value = "TO220"; VariantName = "[No Variations]"
Add component (AddParameter): Name = "Power"; Value = ""; VariantName = "[No Variations]"
Add component (AddParameter): Name = "SAP"; Value = "T586002570924"; VariantName = "[No Variations]"
Add component (AddParameter): Name = "Type"; Value = "MOSFET"; VariantName = "[No Variations]"
Add component (AddParameter): Name = "Vendor Code"; Value = "10020223"; VariantName = "[No Variations]"
Add component (AddParameter): Name = "Vendor Name"; Value = "丰富利科技（深圳）有限公司"; VariantName = "[No Variations]"
Add component (AddParameter): Name = "Voltage"; Value = "600V"; VariantName = "[No Variations]"
Added Component: Designator=Q4(SOT23-132-RW)
Add component (AddParameter): Name = "Customer Specific"; Value = "N/A"; VariantName = "[No Variations]"
Add component (AddParameter): Name = "DIP&SMD"; Value = "SMD"; VariantName = "[No Variations]"
Add component (AddParameter): Name = "MFG"; Value = "LRC"; VariantName = "[No Variations]"
Add component (AddParameter): Name = "MFG Part"; Value = "2N5551"; VariantName = "[No Variations]"
Add component (AddParameter): Name = "Package"; Value = "SOT-23"; VariantName = "[No Variations]"
Add component (AddParameter): Name = "Power"; Value = ""; VariantName = "[No Variations]"
Add component (AddParameter): Name = "SAP"; Value = "T581003640437"; VariantName = "[No Variations]"
Add component (AddParameter): Name = "Type"; Value = "NPN"; VariantName = "[No Variations]"
Add component (AddParameter): Name = "Vendor Code"; Value = "10009129"; VariantName = "[No Variations]"
Add component (AddParameter): Name = "Vendor Name"; Value = "WING HING ENTERPRISE CO"; VariantName = "[No Variations]"
Add component (AddParameter): Name = "Voltage"; Value = ""; VariantName = "[No Variations]"
Added Component: Designator=Q5(SOT23-132-RW)
Add component (AddParameter): Name = "Customer Specific"; Value = "N/A"; VariantName = "[No Variations]"
Add component (AddParameter): Name = "DIP&SMD"; Value = "SMD"; VariantName = "[No Variations]"
Add component (AddParameter): Name = "MFG"; Value = "LRC"; VariantName = "[No Variations]"
Add component (AddParameter): Name = "MFG Part"; Value = "2N5551"; VariantName = "[No Variations]"
Add component (AddParameter): Name = "Package"; Value = "SOT-23"; VariantName = "[No Variations]"
Add component (AddParameter): Name = "Power"; Value = ""; VariantName = "[No Variations]"
Add component (AddParameter): Name = "SAP"; Value = "T581003640437"; VariantName = "[No Variations]"
Add component (AddParameter): Name = "Type"; Value = "NPN"; VariantName = "[No Variations]"
Add component (AddParameter): Name = "Vendor Code"; Value = "10009129"; VariantName = "[No Variations]"
Add component (AddParameter): Name = "Vendor Name"; Value = "WING HING ENTERPRISE CO"; VariantName = "[No Variations]"
Add component (AddParameter): Name = "Voltage"; Value = ""; VariantName = "[No Variations]"
Added Component: Designator=Q6(TO220-F)
Add component (AddParameter): Name = "Current"; Value = "12A"; VariantName = "[No Variations]"
Add component (AddParameter): Name = "Customer Specific"; Value = "N/A"; VariantName = "[No Variations]"
Add component (AddParameter): Name = "DIP&SMD"; Value = "DIP"; VariantName = "[No Variations]"
Add component (AddParameter): Name = "MFG"; Value = "UTC"; VariantName = "[No Variations]"
Add component (AddParameter): Name = "MFG Part"; Value = "12N60L-A-TF3-T"; VariantName = "[No Variations]"
Add component (AddParameter): Name = "Package"; Value = "TO220"; VariantName = "[No Variations]"
Add component (AddParameter): Name = "Power"; Value = ""; VariantName = "[No Variations]"
Add component (AddParameter): Name = "SAP"; Value = "T586002570924"; VariantName = "[No Variations]"
Add component (AddParameter): Name = "Type"; Value = "MOSFET"; VariantName = "[No Variations]"
Add component (AddParameter): Name = "Vendor Code"; Value = "10020223"; VariantName = "[No Variations]"
Add component (AddParameter): Name = "Vendor Name"; Value = "丰富利科技（深圳）有限公司"; VariantName = "[No Variations]"
Add component (AddParameter): Name = "Voltage"; Value = "600V"; VariantName = "[No Variations]"
Added Component: Designator=Q7(TO220-F)
Add component (AddParameter): Name = "Current"; Value = "12A"; VariantName = "[No Variations]"
Add component (AddParameter): Name = "Customer Specific"; Value = "N/A"; VariantName = "[No Variations]"
Add component (AddParameter): Name = "DIP&SMD"; Value = "DIP"; VariantName = "[No Variations]"
Add component (AddParameter): Name = "MFG"; Value = "UTC"; VariantName = "[No Variations]"
Add component (AddParameter): Name = "MFG Part"; Value = "12N60L-A-TF3-T"; VariantName = "[No Variations]"
Add component (AddParameter): Name = "Package"; Value = "TO220"; VariantName = "[No Variations]"
Add component (AddParameter): Name = "Power"; Value = ""; VariantName = "[No Variations]"
Add component (AddParameter): Name = "SAP"; Value = "T586002570924"; VariantName = "[No Variations]"
Add component (AddParameter): Name = "Type"; Value = "MOSFET"; VariantName = "[No Variations]"
Add component (AddParameter): Name = "Vendor Code"; Value = "10020223"; VariantName = "[No Variations]"
Add component (AddParameter): Name = "Vendor Name"; Value = "丰富利科技（深圳）有限公司"; VariantName = "[No Variations]"
Add component (AddParameter): Name = "Voltage"; Value = "600V"; VariantName = "[No Variations]"
Added Component: Designator=R1(0603-RW)
Add component (AddParameter): Name = "CREATE_NAME"; Value = "Tom"; VariantName = "[No Variations]"
Add component (AddParameter): Name = "CREATE_TIME"; Value = "12-Apr-2016"; VariantName = "[No Variations]"
Add component (AddParameter): Name = "Customer Specific"; Value = "N/A"; VariantName = "[No Variations]"
Add component (AddParameter): Name = "DIP&SMD"; Value = "SMD"; VariantName = "[No Variations]"
Add component (AddParameter): Name = "MFG"; Value = "WALSIN"; VariantName = "[No Variations]"
Add component (AddParameter): Name = "MFG Part"; Value = "WF06T3481BTL"; VariantName = "[No Variations]"
Add component (AddParameter): Name = "Package"; Value = "0603"; VariantName = "[No Variations]"
Add component (AddParameter): Name = "Power"; Value = "1/16 W"; VariantName = "[No Variations]"
Add component (AddParameter): Name = "SAP"; Value = "T501348102129"; VariantName = "[No Variations]"
Add component (AddParameter): Name = "TOL"; Value = "0.1%"; VariantName = "[No Variations]"
Add component (AddParameter): Name = "Type"; Value = "Resistor"; VariantName = "[No Variations]"
Add component (AddParameter): Name = "Value"; Value = "22k"; VariantName = "[No Variations]"
Add component (AddParameter): Name = "Vendor Code"; Value = ""; VariantName = "[No Variations]"
Add component (AddParameter): Name = "Vendor Name"; Value = ""; VariantName = "[No Variations]"
Added Component: Designator=R2(0603-RW)
Add component (AddParameter): Name = "CREATE_NAME"; Value = "Tom"; VariantName = "[No Variations]"
Add component (AddParameter): Name = "CREATE_TIME"; Value = "12-Apr-2016"; VariantName = "[No Variations]"
Add component (AddParameter): Name = "Customer Specific"; Value = "N/A"; VariantName = "[No Variations]"
Add component (AddParameter): Name = "DIP&SMD"; Value = "SMD"; VariantName = "[No Variations]"
Add component (AddParameter): Name = "MFG"; Value = "WALSIN"; VariantName = "[No Variations]"
Add component (AddParameter): Name = "MFG Part"; Value = "WF06T3481BTL"; VariantName = "[No Variations]"
Add component (AddParameter): Name = "Package"; Value = "0603"; VariantName = "[No Variations]"
Add component (AddParameter): Name = "Power"; Value = "1/16 W"; VariantName = "[No Variations]"
Add component (AddParameter): Name = "SAP"; Value = "T501348102129"; VariantName = "[No Variations]"
Add component (AddParameter): Name = "TOL"; Value = "0.1%"; VariantName = "[No Variations]"
Add component (AddParameter): Name = "Type"; Value = "Resistor"; VariantName = "[No Variations]"
Add component (AddParameter): Name = "Value"; Value = "1K"; VariantName = "[No Variations]"
Add component (AddParameter): Name = "Vendor Code"; Value = ""; VariantName = "[No Variations]"
Add component (AddParameter): Name = "Vendor Name"; Value = ""; VariantName = "[No Variations]"
Added Component: Designator=R3(0603-RW)
Add component (AddParameter): Name = "CREATE_NAME"; Value = "Tom"; VariantName = "[No Variations]"
Add component (AddParameter): Name = "CREATE_TIME"; Value = "12-Apr-2016"; VariantName = "[No Variations]"
Add component (AddParameter): Name = "Customer Specific"; Value = "N/A"; VariantName = "[No Variations]"
Add component (AddParameter): Name = "DIP&SMD"; Value = "SMD"; VariantName = "[No Variations]"
Add component (AddParameter): Name = "MFG"; Value = "WALSIN"; VariantName = "[No Variations]"
Add component (AddParameter): Name = "MFG Part"; Value = "WF06T3481BTL"; VariantName = "[No Variations]"
Add component (AddParameter): Name = "Package"; Value = "0603"; VariantName = "[No Variations]"
Add component (AddParameter): Name = "Power"; Value = "1/16 W"; VariantName = "[No Variations]"
Add component (AddParameter): Name = "SAP"; Value = "T501348102129"; VariantName = "[No Variations]"
Add component (AddParameter): Name = "TOL"; Value = "0.1%"; VariantName = "[No Variations]"
Add component (AddParameter): Name = "Type"; Value = "Resistor"; VariantName = "[No Variations]"
Add component (AddParameter): Name = "Value"; Value = "101"; VariantName = "[No Variations]"
Add component (AddParameter): Name = "Vendor Code"; Value = ""; VariantName = "[No Variations]"
Add component (AddParameter): Name = "Vendor Name"; Value = ""; VariantName = "[No Variations]"
Added Component: Designator=R4(0603-RW)
Add component (AddParameter): Name = "CREATE_NAME"; Value = "Tom"; VariantName = "[No Variations]"
Add component (AddParameter): Name = "CREATE_TIME"; Value = "12-Apr-2016"; VariantName = "[No Variations]"
Add component (AddParameter): Name = "Customer Specific"; Value = "N/A"; VariantName = "[No Variations]"
Add component (AddParameter): Name = "DIP&SMD"; Value = "SMD"; VariantName = "[No Variations]"
Add component (AddParameter): Name = "MFG"; Value = "WALSIN"; VariantName = "[No Variations]"
Add component (AddParameter): Name = "MFG Part"; Value = "WF06T3481BTL"; VariantName = "[No Variations]"
Add component (AddParameter): Name = "Package"; Value = "0603"; VariantName = "[No Variations]"
Add component (AddParameter): Name = "Power"; Value = "1/16 W"; VariantName = "[No Variations]"
Add component (AddParameter): Name = "SAP"; Value = "T501348102129"; VariantName = "[No Variations]"
Add component (AddParameter): Name = "TOL"; Value = "0.1%"; VariantName = "[No Variations]"
Add component (AddParameter): Name = "Type"; Value = "Resistor"; VariantName = "[No Variations]"
Add component (AddParameter): Name = "Value"; Value = "182K"; VariantName = "[No Variations]"
Add component (AddParameter): Name = "Vendor Code"; Value = ""; VariantName = "[No Variations]"
Add component (AddParameter): Name = "Vendor Name"; Value = ""; VariantName = "[No Variations]"
Added Component: Designator=R5(0603-RW)
Add component (AddParameter): Name = "CREATE_NAME"; Value = "Tom"; VariantName = "[No Variations]"
Add component (AddParameter): Name = "CREATE_TIME"; Value = "12-Apr-2016"; VariantName = "[No Variations]"
Add component (AddParameter): Name = "Customer Specific"; Value = "N/A"; VariantName = "[No Variations]"
Add component (AddParameter): Name = "DIP&SMD"; Value = "SMD"; VariantName = "[No Variations]"
Add component (AddParameter): Name = "MFG"; Value = "WALSIN"; VariantName = "[No Variations]"
Add component (AddParameter): Name = "MFG Part"; Value = "WF06T3481BTL"; VariantName = "[No Variations]"
Add component (AddParameter): Name = "Package"; Value = "0603"; VariantName = "[No Variations]"
Add component (AddParameter): Name = "Power"; Value = "1/16 W"; VariantName = "[No Variations]"
Add component (AddParameter): Name = "SAP"; Value = "T501348102129"; VariantName = "[No Variations]"
Add component (AddParameter): Name = "TOL"; Value = "0.1%"; VariantName = "[No Variations]"
Add component (AddParameter): Name = "Type"; Value = "Resistor"; VariantName = "[No Variations]"
Add component (AddParameter): Name = "Value"; Value = "101"; VariantName = "[No Variations]"
Add component (AddParameter): Name = "Vendor Code"; Value = ""; VariantName = "[No Variations]"
Add component (AddParameter): Name = "Vendor Name"; Value = ""; VariantName = "[No Variations]"
Added Component: Designator=R6(0603-RW)
Add component (AddParameter): Name = "CREATE_NAME"; Value = "Tom"; VariantName = "[No Variations]"
Add component (AddParameter): Name = "CREATE_TIME"; Value = "12-Apr-2016"; VariantName = "[No Variations]"
Add component (AddParameter): Name = "Customer Specific"; Value = "N/A"; VariantName = "[No Variations]"
Add component (AddParameter): Name = "DIP&SMD"; Value = "SMD"; VariantName = "[No Variations]"
Add component (AddParameter): Name = "MFG"; Value = "WALSIN"; VariantName = "[No Variations]"
Add component (AddParameter): Name = "MFG Part"; Value = "WF06T3481BTL"; VariantName = "[No Variations]"
Add component (AddParameter): Name = "Package"; Value = "0603"; VariantName = "[No Variations]"
Add component (AddParameter): Name = "Power"; Value = "1/16 W"; VariantName = "[No Variations]"
Add component (AddParameter): Name = "SAP"; Value = "T501348102129"; VariantName = "[No Variations]"
Add component (AddParameter): Name = "TOL"; Value = "0.1%"; VariantName = "[No Variations]"
Add component (AddParameter): Name = "Type"; Value = "Resistor"; VariantName = "[No Variations]"
Add component (AddParameter): Name = "Value"; Value = "1k"; VariantName = "[No Variations]"
Add component (AddParameter): Name = "Vendor Code"; Value = ""; VariantName = "[No Variations]"
Add component (AddParameter): Name = "Vendor Name"; Value = ""; VariantName = "[No Variations]"
Added Component: Designator=R7(0603-RW)
Add component (AddParameter): Name = "CREATE_NAME"; Value = "Tom"; VariantName = "[No Variations]"
Add component (AddParameter): Name = "CREATE_TIME"; Value = "12-Apr-2016"; VariantName = "[No Variations]"
Add component (AddParameter): Name = "Customer Specific"; Value = "N/A"; VariantName = "[No Variations]"
Add component (AddParameter): Name = "DIP&SMD"; Value = "SMD"; VariantName = "[No Variations]"
Add component (AddParameter): Name = "MFG"; Value = "WALSIN"; VariantName = "[No Variations]"
Add component (AddParameter): Name = "MFG Part"; Value = "WF06T3481BTL"; VariantName = "[No Variations]"
Add component (AddParameter): Name = "Package"; Value = "0603"; VariantName = "[No Variations]"
Add component (AddParameter): Name = "Power"; Value = "1/16 W"; VariantName = "[No Variations]"
Add component (AddParameter): Name = "SAP"; Value = "T501348102129"; VariantName = "[No Variations]"
Add component (AddParameter): Name = "TOL"; Value = "0.1%"; VariantName = "[No Variations]"
Add component (AddParameter): Name = "Type"; Value = "Resistor"; VariantName = "[No Variations]"
Add component (AddParameter): Name = "Value"; Value = "10.5K"; VariantName = "[No Variations]"
Add component (AddParameter): Name = "Vendor Code"; Value = ""; VariantName = "[No Variations]"
Add component (AddParameter): Name = "Vendor Name"; Value = ""; VariantName = "[No Variations]"
Added Component: Designator=R8(0603-RW)
Add component (AddParameter): Name = "CREATE_NAME"; Value = "Tom"; VariantName = "[No Variations]"
Add component (AddParameter): Name = "CREATE_TIME"; Value = "12-Apr-2016"; VariantName = "[No Variations]"
Add component (AddParameter): Name = "Customer Specific"; Value = "N/A"; VariantName = "[No Variations]"
Add component (AddParameter): Name = "DIP&SMD"; Value = "SMD"; VariantName = "[No Variations]"
Add component (AddParameter): Name = "MFG"; Value = "WALSIN"; VariantName = "[No Variations]"
Add component (AddParameter): Name = "MFG Part"; Value = "WF06T3481BTL"; VariantName = "[No Variations]"
Add component (AddParameter): Name = "Package"; Value = "0603"; VariantName = "[No Variations]"
Add component (AddParameter): Name = "Power"; Value = "1/16 W"; VariantName = "[No Variations]"
Add component (AddParameter): Name = "SAP"; Value = "T501348102129"; VariantName = "[No Variations]"
Add component (AddParameter): Name = "TOL"; Value = "0.1%"; VariantName = "[No Variations]"
Add component (AddParameter): Name = "Type"; Value = "Resistor"; VariantName = "[No Variations]"
Add component (AddParameter): Name = "Value"; Value = "243K"; VariantName = "[No Variations]"
Add component (AddParameter): Name = "Vendor Code"; Value = ""; VariantName = "[No Variations]"
Add component (AddParameter): Name = "Vendor Name"; Value = ""; VariantName = "[No Variations]"
Added Component: Designator=R9(0603-RW)
Add component (AddParameter): Name = "CREATE_NAME"; Value = "Tom"; VariantName = "[No Variations]"
Add component (AddParameter): Name = "CREATE_TIME"; Value = "12-Apr-2016"; VariantName = "[No Variations]"
Add component (AddParameter): Name = "Customer Specific"; Value = "N/A"; VariantName = "[No Variations]"
Add component (AddParameter): Name = "DIP&SMD"; Value = "SMD"; VariantName = "[No Variations]"
Add component (AddParameter): Name = "MFG"; Value = "WALSIN"; VariantName = "[No Variations]"
Add component (AddParameter): Name = "MFG Part"; Value = "WF06T3481BTL"; VariantName = "[No Variations]"
Add component (AddParameter): Name = "Package"; Value = "0603"; VariantName = "[No Variations]"
Add component (AddParameter): Name = "Power"; Value = "1/16 W"; VariantName = "[No Variations]"
Add component (AddParameter): Name = "SAP"; Value = "T501348102129"; VariantName = "[No Variations]"
Add component (AddParameter): Name = "TOL"; Value = "0.1%"; VariantName = "[No Variations]"
Add component (AddParameter): Name = "Type"; Value = "Resistor"; VariantName = "[No Variations]"
Add component (AddParameter): Name = "Value"; Value = "10.2K"; VariantName = "[No Variations]"
Add component (AddParameter): Name = "Vendor Code"; Value = ""; VariantName = "[No Variations]"
Add component (AddParameter): Name = "Vendor Name"; Value = ""; VariantName = "[No Variations]"
Added Component: Designator=R10(0603-RW)
Add component (AddParameter): Name = "CREATE_NAME"; Value = "Tom"; VariantName = "[No Variations]"
Add component (AddParameter): Name = "CREATE_TIME"; Value = "12-Apr-2016"; VariantName = "[No Variations]"
Add component (AddParameter): Name = "Customer Specific"; Value = "N/A"; VariantName = "[No Variations]"
Add component (AddParameter): Name = "DIP&SMD"; Value = "SMD"; VariantName = "[No Variations]"
Add component (AddParameter): Name = "MFG"; Value = "WALSIN"; VariantName = "[No Variations]"
Add component (AddParameter): Name = "MFG Part"; Value = "WF06T3481BTL"; VariantName = "[No Variations]"
Add component (AddParameter): Name = "Package"; Value = "0603"; VariantName = "[No Variations]"
Add component (AddParameter): Name = "Power"; Value = "1/16 W"; VariantName = "[No Variations]"
Add component (AddParameter): Name = "SAP"; Value = "T501348102129"; VariantName = "[No Variations]"
Add component (AddParameter): Name = "TOL"; Value = "0.1%"; VariantName = "[No Variations]"
Add component (AddParameter): Name = "Type"; Value = "Resistor"; VariantName = "[No Variations]"
Add component (AddParameter): Name = "Value"; Value = "10R"; VariantName = "[No Variations]"
Add component (AddParameter): Name = "Vendor Code"; Value = ""; VariantName = "[No Variations]"
Add component (AddParameter): Name = "Vendor Name"; Value = ""; VariantName = "[No Variations]"
Added Component: Designator=R11(0603-RW)
Add component (AddParameter): Name = "CREATE_NAME"; Value = "Tom"; VariantName = "[No Variations]"
Add component (AddParameter): Name = "CREATE_TIME"; Value = "12-Apr-2016"; VariantName = "[No Variations]"
Add component (AddParameter): Name = "Customer Specific"; Value = "N/A"; VariantName = "[No Variations]"
Add component (AddParameter): Name = "DIP&SMD"; Value = "SMD"; VariantName = "[No Variations]"
Add component (AddParameter): Name = "MFG"; Value = "WALSIN"; VariantName = "[No Variations]"
Add component (AddParameter): Name = "MFG Part"; Value = "WF06T3481BTL"; VariantName = "[No Variations]"
Add component (AddParameter): Name = "Package"; Value = "0603"; VariantName = "[No Variations]"
Add component (AddParameter): Name = "Power"; Value = "1/16 W"; VariantName = "[No Variations]"
Add component (AddParameter): Name = "SAP"; Value = "T501348102129"; VariantName = "[No Variations]"
Add component (AddParameter): Name = "TOL"; Value = "0.1%"; VariantName = "[No Variations]"
Add component (AddParameter): Name = "Type"; Value = "Resistor"; VariantName = "[No Variations]"
Add component (AddParameter): Name = "Value"; Value = "100R"; VariantName = "[No Variations]"
Add component (AddParameter): Name = "Vendor Code"; Value = ""; VariantName = "[No Variations]"
Add component (AddParameter): Name = "Vendor Name"; Value = ""; VariantName = "[No Variations]"
Added Component: Designator=R12(0603-RW)
Add component (AddParameter): Name = "CREATE_NAME"; Value = "Tom"; VariantName = "[No Variations]"
Add component (AddParameter): Name = "CREATE_TIME"; Value = "12-Apr-2016"; VariantName = "[No Variations]"
Add component (AddParameter): Name = "Customer Specific"; Value = "N/A"; VariantName = "[No Variations]"
Add component (AddParameter): Name = "DIP&SMD"; Value = "SMD"; VariantName = "[No Variations]"
Add component (AddParameter): Name = "MFG"; Value = "WALSIN"; VariantName = "[No Variations]"
Add component (AddParameter): Name = "MFG Part"; Value = "WF06T3481BTL"; VariantName = "[No Variations]"
Add component (AddParameter): Name = "Package"; Value = "0603"; VariantName = "[No Variations]"
Add component (AddParameter): Name = "Power"; Value = "1/16 W"; VariantName = "[No Variations]"
Add component (AddParameter): Name = "SAP"; Value = "T501348102129"; VariantName = "[No Variations]"
Add component (AddParameter): Name = "TOL"; Value = "0.1%"; VariantName = "[No Variations]"
Add component (AddParameter): Name = "Type"; Value = "Resistor"; VariantName = "[No Variations]"
Add component (AddParameter): Name = "Value"; Value = "10K"; VariantName = "[No Variations]"
Add component (AddParameter): Name = "Vendor Code"; Value = ""; VariantName = "[No Variations]"
Add component (AddParameter): Name = "Vendor Name"; Value = ""; VariantName = "[No Variations]"
Added Component: Designator=R13(0603-RW)
Add component (AddParameter): Name = "CREATE_NAME"; Value = "Tom"; VariantName = "[No Variations]"
Add component (AddParameter): Name = "CREATE_TIME"; Value = "12-Apr-2016"; VariantName = "[No Variations]"
Add component (AddParameter): Name = "Customer Specific"; Value = "N/A"; VariantName = "[No Variations]"
Add component (AddParameter): Name = "DIP&SMD"; Value = "SMD"; VariantName = "[No Variations]"
Add component (AddParameter): Name = "MFG"; Value = "WALSIN"; VariantName = "[No Variations]"
Add component (AddParameter): Name = "MFG Part"; Value = "WF06T3481BTL"; VariantName = "[No Variations]"
Add component (AddParameter): Name = "Package"; Value = "0603"; VariantName = "[No Variations]"
Add component (AddParameter): Name = "Power"; Value = "1/16 W"; VariantName = "[No Variations]"
Add component (AddParameter): Name = "SAP"; Value = "T501348102129"; VariantName = "[No Variations]"
Add component (AddParameter): Name = "TOL"; Value = "0.1%"; VariantName = "[No Variations]"
Add component (AddParameter): Name = "Type"; Value = "Resistor"; VariantName = "[No Variations]"
Add component (AddParameter): Name = "Value"; Value = "4.7R"; VariantName = "[No Variations]"
Add component (AddParameter): Name = "Vendor Code"; Value = ""; VariantName = "[No Variations]"
Add component (AddParameter): Name = "Vendor Name"; Value = ""; VariantName = "[No Variations]"
Added Component: Designator=R14(0603-RW)
Add component (AddParameter): Name = "CREATE_NAME"; Value = "Tom"; VariantName = "[No Variations]"
Add component (AddParameter): Name = "CREATE_TIME"; Value = "12-Apr-2016"; VariantName = "[No Variations]"
Add component (AddParameter): Name = "Customer Specific"; Value = "N/A"; VariantName = "[No Variations]"
Add component (AddParameter): Name = "DIP&SMD"; Value = "SMD"; VariantName = "[No Variations]"
Add component (AddParameter): Name = "MFG"; Value = "WALSIN"; VariantName = "[No Variations]"
Add component (AddParameter): Name = "MFG Part"; Value = "WF06T3481BTL"; VariantName = "[No Variations]"
Add component (AddParameter): Name = "Package"; Value = "0603"; VariantName = "[No Variations]"
Add component (AddParameter): Name = "Power"; Value = "1/16 W"; VariantName = "[No Variations]"
Add component (AddParameter): Name = "SAP"; Value = "T501348102129"; VariantName = "[No Variations]"
Add component (AddParameter): Name = "TOL"; Value = "0.1%"; VariantName = "[No Variations]"
Add component (AddParameter): Name = "Type"; Value = "Resistor"; VariantName = "[No Variations]"
Add component (AddParameter): Name = "Value"; Value = "100R"; VariantName = "[No Variations]"
Add component (AddParameter): Name = "Vendor Code"; Value = ""; VariantName = "[No Variations]"
Add component (AddParameter): Name = "Vendor Name"; Value = ""; VariantName = "[No Variations]"
Added Component: Designator=R15(0603-RW)
Add component (AddParameter): Name = "CREATE_NAME"; Value = "Tom"; VariantName = "[No Variations]"
Add component (AddParameter): Name = "CREATE_TIME"; Value = "12-Apr-2016"; VariantName = "[No Variations]"
Add component (AddParameter): Name = "Customer Specific"; Value = "N/A"; VariantName = "[No Variations]"
Add component (AddParameter): Name = "DIP&SMD"; Value = "SMD"; VariantName = "[No Variations]"
Add component (AddParameter): Name = "MFG"; Value = "WALSIN"; VariantName = "[No Variations]"
Add component (AddParameter): Name = "MFG Part"; Value = "WF06T3481BTL"; VariantName = "[No Variations]"
Add component (AddParameter): Name = "Package"; Value = "0603"; VariantName = "[No Variations]"
Add component (AddParameter): Name = "Power"; Value = "1/16 W"; VariantName = "[No Variations]"
Add component (AddParameter): Name = "SAP"; Value = "T501348102129"; VariantName = "[No Variations]"
Add component (AddParameter): Name = "TOL"; Value = "0.1%"; VariantName = "[No Variations]"
Add component (AddParameter): Name = "Type"; Value = "Resistor"; VariantName = "[No Variations]"
Add component (AddParameter): Name = "Value"; Value = "102"; VariantName = "[No Variations]"
Add component (AddParameter): Name = "Vendor Code"; Value = ""; VariantName = "[No Variations]"
Add component (AddParameter): Name = "Vendor Name"; Value = ""; VariantName = "[No Variations]"
Added Component: Designator=R16(0603-RW)
Add component (AddParameter): Name = "CREATE_NAME"; Value = "Tom"; VariantName = "[No Variations]"
Add component (AddParameter): Name = "CREATE_TIME"; Value = "12-Apr-2016"; VariantName = "[No Variations]"
Add component (AddParameter): Name = "Customer Specific"; Value = "N/A"; VariantName = "[No Variations]"
Add component (AddParameter): Name = "DIP&SMD"; Value = "SMD"; VariantName = "[No Variations]"
Add component (AddParameter): Name = "MFG"; Value = "WALSIN"; VariantName = "[No Variations]"
Add component (AddParameter): Name = "MFG Part"; Value = "WF06T3481BTL"; VariantName = "[No Variations]"
Add component (AddParameter): Name = "Package"; Value = "0603"; VariantName = "[No Variations]"
Add component (AddParameter): Name = "Power"; Value = "1/16 W"; VariantName = "[No Variations]"
Add component (AddParameter): Name = "SAP"; Value = "T501348102129"; VariantName = "[No Variations]"
Add component (AddParameter): Name = "TOL"; Value = "0.1%"; VariantName = "[No Variations]"
Add component (AddParameter): Name = "Type"; Value = "Resistor"; VariantName = "[No Variations]"
Add component (AddParameter): Name = "Value"; Value = "1K"; VariantName = "[No Variations]"
Add component (AddParameter): Name = "Vendor Code"; Value = ""; VariantName = "[No Variations]"
Add component (AddParameter): Name = "Vendor Name"; Value = ""; VariantName = "[No Variations]"
Added Component: Designator=R17(5W-22X10-H)
Add component (AddParameter): Name = "Customer Specific"; Value = "N/A"; VariantName = "[No Variations]"
Add component (AddParameter): Name = "DIP&SMD"; Value = "DIP"; VariantName = "[No Variations]"
Add component (AddParameter): Name = "MFG"; Value = "Xingdacheng"; VariantName = "[No Variations]"
Add component (AddParameter): Name = "MFG Part"; Value = "RES 5W 5% 5.1 OHM W10D9.5L22H22 QHE"; VariantName = "[No Variations]"
Add component (AddParameter): Name = "Package"; Value = "5W"; VariantName = "[No Variations]"
Add component (AddParameter): Name = "Power"; Value = "2W"; VariantName = "[No Variations]"
Add component (AddParameter): Name = "SAP"; Value = "T710600010200"; VariantName = "[No Variations]"
Add component (AddParameter): Name = "TOL"; Value = "5%"; VariantName = "[No Variations]"
Add component (AddParameter): Name = "Type"; Value = "Resistor"; VariantName = "[No Variations]"
Add component (AddParameter): Name = "Value"; Value = "5mR"; VariantName = "[No Variations]"
Add component (AddParameter): Name = "Vendor Code"; Value = "10008495"; VariantName = "[No Variations]"
Add component (AddParameter): Name = "Vendor Name"; Value = "深圳市兴达诚电子有限公司"; VariantName = "[No Variations]"
Added Component: Designator=R18(0603-RW)
Add component (AddParameter): Name = "CREATE_NAME"; Value = "Tom"; VariantName = "[No Variations]"
Add component (AddParameter): Name = "CREATE_TIME"; Value = "12-Apr-2016"; VariantName = "[No Variations]"
Add component (AddParameter): Name = "Customer Specific"; Value = "N/A"; VariantName = "[No Variations]"
Add component (AddParameter): Name = "DIP&SMD"; Value = "SMD"; VariantName = "[No Variations]"
Add component (AddParameter): Name = "MFG"; Value = "WALSIN"; VariantName = "[No Variations]"
Add component (AddParameter): Name = "MFG Part"; Value = "WF06T3481BTL"; VariantName = "[No Variations]"
Add component (AddParameter): Name = "Package"; Value = "0603"; VariantName = "[No Variations]"
Add component (AddParameter): Name = "Power"; Value = "1/16 W"; VariantName = "[No Variations]"
Add component (AddParameter): Name = "SAP"; Value = "T501348102129"; VariantName = "[No Variations]"
Add component (AddParameter): Name = "TOL"; Value = "0.1%"; VariantName = "[No Variations]"
Add component (AddParameter): Name = "Type"; Value = "Resistor"; VariantName = "[No Variations]"
Add component (AddParameter): Name = "Value"; Value = "21K"; VariantName = "[No Variations]"
Add component (AddParameter): Name = "Vendor Code"; Value = ""; VariantName = "[No Variations]"
Add component (AddParameter): Name = "Vendor Name"; Value = ""; VariantName = "[No Variations]"
Added Component: Designator=R19(0603-RW)
Add component (AddParameter): Name = "CREATE_NAME"; Value = "Tom"; VariantName = "[No Variations]"
Add component (AddParameter): Name = "CREATE_TIME"; Value = "12-Apr-2016"; VariantName = "[No Variations]"
Add component (AddParameter): Name = "Customer Specific"; Value = "N/A"; VariantName = "[No Variations]"
Add component (AddParameter): Name = "DIP&SMD"; Value = "SMD"; VariantName = "[No Variations]"
Add component (AddParameter): Name = "MFG"; Value = "WALSIN"; VariantName = "[No Variations]"
Add component (AddParameter): Name = "MFG Part"; Value = "WF06T3481BTL"; VariantName = "[No Variations]"
Add component (AddParameter): Name = "Package"; Value = "0603"; VariantName = "[No Variations]"
Add component (AddParameter): Name = "Power"; Value = "1/16 W"; VariantName = "[No Variations]"
Add component (AddParameter): Name = "SAP"; Value = "T501348102129"; VariantName = "[No Variations]"
Add component (AddParameter): Name = "TOL"; Value = "0.1%"; VariantName = "[No Variations]"
Add component (AddParameter): Name = "Type"; Value = "Resistor"; VariantName = "[No Variations]"
Add component (AddParameter): Name = "Value"; Value = "1K"; VariantName = "[No Variations]"
Add component (AddParameter): Name = "Vendor Code"; Value = ""; VariantName = "[No Variations]"
Add component (AddParameter): Name = "Vendor Name"; Value = ""; VariantName = "[No Variations]"
Added Component: Designator=R20(0603-RW)
Add component (AddParameter): Name = "CREATE_NAME"; Value = "Tom"; VariantName = "[No Variations]"
Add component (AddParameter): Name = "CREATE_TIME"; Value = "12-Apr-2016"; VariantName = "[No Variations]"
Add component (AddParameter): Name = "Customer Specific"; Value = "N/A"; VariantName = "[No Variations]"
Add component (AddParameter): Name = "DIP&SMD"; Value = "SMD"; VariantName = "[No Variations]"
Add component (AddParameter): Name = "MFG"; Value = "WALSIN"; VariantName = "[No Variations]"
Add component (AddParameter): Name = "MFG Part"; Value = "WF06T3481BTL"; VariantName = "[No Variations]"
Add component (AddParameter): Name = "Package"; Value = "0603"; VariantName = "[No Variations]"
Add component (AddParameter): Name = "Power"; Value = "1/16 W"; VariantName = "[No Variations]"
Add component (AddParameter): Name = "SAP"; Value = "T501348102129"; VariantName = "[No Variations]"
Add component (AddParameter): Name = "TOL"; Value = "0.1%"; VariantName = "[No Variations]"
Add component (AddParameter): Name = "Type"; Value = "Resistor"; VariantName = "[No Variations]"
Add component (AddParameter): Name = "Value"; Value = "2.2k"; VariantName = "[No Variations]"
Add component (AddParameter): Name = "Vendor Code"; Value = ""; VariantName = "[No Variations]"
Add component (AddParameter): Name = "Vendor Name"; Value = ""; VariantName = "[No Variations]"
Added Component: Designator=R21(0603-RW)
Add component (AddParameter): Name = "CREATE_NAME"; Value = "Tom"; VariantName = "[No Variations]"
Add component (AddParameter): Name = "CREATE_TIME"; Value = "12-Apr-2016"; VariantName = "[No Variations]"
Add component (AddParameter): Name = "Customer Specific"; Value = "N/A"; VariantName = "[No Variations]"
Add component (AddParameter): Name = "DIP&SMD"; Value = "SMD"; VariantName = "[No Variations]"
Add component (AddParameter): Name = "MFG"; Value = "WALSIN"; VariantName = "[No Variations]"
Add component (AddParameter): Name = "MFG Part"; Value = "WF06T3481BTL"; VariantName = "[No Variations]"
Add component (AddParameter): Name = "Package"; Value = "0603"; VariantName = "[No Variations]"
Add component (AddParameter): Name = "Power"; Value = "1/16 W"; VariantName = "[No Variations]"
Add component (AddParameter): Name = "SAP"; Value = "T501348102129"; VariantName = "[No Variations]"
Add component (AddParameter): Name = "TOL"; Value = "0.1%"; VariantName = "[No Variations]"
Add component (AddParameter): Name = "Type"; Value = "Resistor"; VariantName = "[No Variations]"
Add component (AddParameter): Name = "Value"; Value = "2.2k"; VariantName = "[No Variations]"
Add component (AddParameter): Name = "Vendor Code"; Value = ""; VariantName = "[No Variations]"
Add component (AddParameter): Name = "Vendor Name"; Value = ""; VariantName = "[No Variations]"
Added Component: Designator=R22(0603-RW)
Add component (AddParameter): Name = "CREATE_NAME"; Value = "Tom"; VariantName = "[No Variations]"
Add component (AddParameter): Name = "CREATE_TIME"; Value = "12-Apr-2016"; VariantName = "[No Variations]"
Add component (AddParameter): Name = "Customer Specific"; Value = "N/A"; VariantName = "[No Variations]"
Add component (AddParameter): Name = "DIP&SMD"; Value = "SMD"; VariantName = "[No Variations]"
Add component (AddParameter): Name = "MFG"; Value = "WALSIN"; VariantName = "[No Variations]"
Add component (AddParameter): Name = "MFG Part"; Value = "WF06T3481BTL"; VariantName = "[No Variations]"
Add component (AddParameter): Name = "Package"; Value = "0603"; VariantName = "[No Variations]"
Add component (AddParameter): Name = "Power"; Value = "1/16 W"; VariantName = "[No Variations]"
Add component (AddParameter): Name = "SAP"; Value = "T501348102129"; VariantName = "[No Variations]"
Add component (AddParameter): Name = "TOL"; Value = "0.1%"; VariantName = "[No Variations]"
Add component (AddParameter): Name = "Type"; Value = "Resistor"; VariantName = "[No Variations]"
Add component (AddParameter): Name = "Value"; Value = "10K"; VariantName = "[No Variations]"
Add component (AddParameter): Name = "Vendor Code"; Value = ""; VariantName = "[No Variations]"
Add component (AddParameter): Name = "Vendor Name"; Value = ""; VariantName = "[No Variations]"
Added Component: Designator=R23(5W-22X10-H)
Add component (AddParameter): Name = "Customer Specific"; Value = "N/A"; VariantName = "[No Variations]"
Add component (AddParameter): Name = "DIP&SMD"; Value = "DIP"; VariantName = "[No Variations]"
Add component (AddParameter): Name = "MFG"; Value = "Xingdacheng"; VariantName = "[No Variations]"
Add component (AddParameter): Name = "MFG Part"; Value = "RES 5W 5% 5.1 OHM W10D9.5L22H22 QHE"; VariantName = "[No Variations]"
Add component (AddParameter): Name = "Package"; Value = "5W"; VariantName = "[No Variations]"
Add component (AddParameter): Name = "Power"; Value = "2W"; VariantName = "[No Variations]"
Add component (AddParameter): Name = "SAP"; Value = "T710600010200"; VariantName = "[No Variations]"
Add component (AddParameter): Name = "TOL"; Value = "5%"; VariantName = "[No Variations]"
Add component (AddParameter): Name = "Type"; Value = "Resistor"; VariantName = "[No Variations]"
Add component (AddParameter): Name = "Value"; Value = "5mR"; VariantName = "[No Variations]"
Add component (AddParameter): Name = "Vendor Code"; Value = "10008495"; VariantName = "[No Variations]"
Add component (AddParameter): Name = "Vendor Name"; Value = "深圳市兴达诚电子有限公司"; VariantName = "[No Variations]"
Added Component: Designator=SW1(TS_6X6X8_DIP)
Add component (AddParameter): Name = "Current"; Value = ""; VariantName = "[No Variations]"
Add component (AddParameter): Name = "DIP&SMD"; Value = "DIP"; VariantName = "[No Variations]"
Add component (AddParameter): Name = "Force"; Value = "250gf"; VariantName = "[No Variations]"
Add component (AddParameter): Name = "MFG"; Value = "ShenZhen GanHad"; VariantName = "[No Variations]"
Add component (AddParameter): Name = "MFG Part"; Value = "TS-06V-8HM"; VariantName = "[No Variations]"
Add component (AddParameter): Name = "SAP"; Value = "T670200001500"; VariantName = "[No Variations]"
Add component (AddParameter): Name = "Type"; Value = "Switch"; VariantName = "[No Variations]"
Add component (AddParameter): Name = "Value"; Value = "TACT"; VariantName = "[No Variations]"
Add component (AddParameter): Name = "Vendor Code"; Value = ""; VariantName = "[No Variations]"
Add component (AddParameter): Name = "Vendor Name"; Value = ""; VariantName = "[No Variations]"
Add component (AddParameter): Name = "Voltage"; Value = ""; VariantName = "[No Variations]"
Added Component: Designator=U1(SO8-EP)
Added Component: Designator=U2(TSSOP20)
Add component (AddParameter): Name = "CREATE_NAME"; Value = "GordonL@Deftronics"; VariantName = "[No Variations]"
Add component (AddParameter): Name = "CREATE_TIME"; Value = "23-Mar-2014"; VariantName = "[No Variations]"
Add component (AddParameter): Name = "Customer Specific"; Value = "N/A"; VariantName = "[No Variations]"
Add component (AddParameter): Name = "DIP&SMD"; Value = "SMD"; VariantName = "[No Variations]"
Add component (AddParameter): Name = "MFG"; Value = "ST"; VariantName = "[No Variations]"
Add component (AddParameter): Name = "MFG Part"; Value = "STM8S003F3P6"; VariantName = "[No Variations]"
Add component (AddParameter): Name = "SAP"; Value = "T610300083725"; VariantName = "[No Variations]"
Add component (AddParameter): Name = "Type"; Value = "IC"; VariantName = "[No Variations]"
Add component (AddParameter): Name = "Vendor Code"; Value = ""; VariantName = "[No Variations]"
Add component (AddParameter): Name = "Vendor Name"; Value = ""; VariantName = "[No Variations]"
Added Component: Designator=U3(SO8)
Add component (AddParameter): Name = "CREATE_NAME"; Value = "Nathan"; VariantName = "[No Variations]"
Add component (AddParameter): Name = "CREATE_TIME"; Value = "14-Apr-2020"; VariantName = "[No Variations]"
Add component (AddParameter): Name = "Customer Specific"; Value = "N/A"; VariantName = "[No Variations]"
Add component (AddParameter): Name = "DIP&SMD"; Value = "SMD"; VariantName = "[No Variations]"
Add component (AddParameter): Name = "MFG"; Value = "Infineon"; VariantName = "[No Variations]"
Add component (AddParameter): Name = "MFG Part"; Value = "EG2106"; VariantName = "[No Variations]"
Add component (AddParameter): Name = "SAP"; Value = "T610900027257"; VariantName = "[No Variations]"
Add component (AddParameter): Name = "Type"; Value = "IC"; VariantName = "[No Variations]"
Add component (AddParameter): Name = "Vendor Code"; Value = ""; VariantName = "[No Variations]"
Add component (AddParameter): Name = "Vendor Name"; Value = ""; VariantName = "[No Variations]"
Added Component: Designator=U4(SO8)
Add component (AddParameter): Name = "Customer Specific"; Value = "N/A"; VariantName = "[No Variations]"
Add component (AddParameter): Name = "DIP&SMD"; Value = "SMD"; VariantName = "[No Variations]"
Add component (AddParameter): Name = "MFG"; Value = "National SEMI"; VariantName = "[No Variations]"
Add component (AddParameter): Name = "MFG Part"; Value = "LM358AM"; VariantName = "[No Variations]"
Add component (AddParameter): Name = "SAP"; Value = "T610500008001"; VariantName = "[No Variations]"
Add component (AddParameter): Name = "Type"; Value = "IC AMP"; VariantName = "[No Variations]"
Add component (AddParameter): Name = "Vendor Code"; Value = "10020355"; VariantName = "[No Variations]"
Add component (AddParameter): Name = "Vendor Name"; Value = "SERIAL MICROELECTRONICS (HK) LIMITE"; VariantName = "[No Variations]"
Added Component: Designator=U5(2SC2712GR)
Added Component: Designator=UVLO1(0603-RW)
Add component (AddParameter): Name = "CREATE_NAME"; Value = "Tom"; VariantName = "[No Variations]"
Add component (AddParameter): Name = "CREATE_TIME"; Value = "12-Apr-2016"; VariantName = "[No Variations]"
Add component (AddParameter): Name = "Customer Specific"; Value = "N/A"; VariantName = "[No Variations]"
Add component (AddParameter): Name = "DIP&SMD"; Value = "SMD"; VariantName = "[No Variations]"
Add component (AddParameter): Name = "MFG"; Value = "WALSIN"; VariantName = "[No Variations]"
Add component (AddParameter): Name = "MFG Part"; Value = "WF06T3481BTL"; VariantName = "[No Variations]"
Add component (AddParameter): Name = "Package"; Value = "0603"; VariantName = "[No Variations]"
Add component (AddParameter): Name = "Power"; Value = "1/16 W"; VariantName = "[No Variations]"
Add component (AddParameter): Name = "SAP"; Value = "T501348102129"; VariantName = "[No Variations]"
Add component (AddParameter): Name = "TOL"; Value = "0.1%"; VariantName = "[No Variations]"
Add component (AddParameter): Name = "Type"; Value = "Resistor"; VariantName = "[No Variations]"
Add component (AddParameter): Name = "Value"; Value = "1.676M"; VariantName = "[No Variations]"
Add component (AddParameter): Name = "Vendor Code"; Value = ""; VariantName = "[No Variations]"
Add component (AddParameter): Name = "Vendor Name"; Value = ""; VariantName = "[No Variations]"
Added Component: Designator=UVLO2(0603-RW)
Add component (AddParameter): Name = "CREATE_NAME"; Value = "Tom"; VariantName = "[No Variations]"
Add component (AddParameter): Name = "CREATE_TIME"; Value = "12-Apr-2016"; VariantName = "[No Variations]"
Add component (AddParameter): Name = "Customer Specific"; Value = "N/A"; VariantName = "[No Variations]"
Add component (AddParameter): Name = "DIP&SMD"; Value = "SMD"; VariantName = "[No Variations]"
Add component (AddParameter): Name = "MFG"; Value = "WALSIN"; VariantName = "[No Variations]"
Add component (AddParameter): Name = "MFG Part"; Value = "WF06T3481BTL"; VariantName = "[No Variations]"
Add component (AddParameter): Name = "Package"; Value = "0603"; VariantName = "[No Variations]"
Add component (AddParameter): Name = "Power"; Value = "1/16 W"; VariantName = "[No Variations]"
Add component (AddParameter): Name = "SAP"; Value = "T501348102129"; VariantName = "[No Variations]"
Add component (AddParameter): Name = "TOL"; Value = "0.1%"; VariantName = "[No Variations]"
Add component (AddParameter): Name = "Type"; Value = "Resistor"; VariantName = "[No Variations]"
Add component (AddParameter): Name = "Value"; Value = "60K"; VariantName = "[No Variations]"
Add component (AddParameter): Name = "Vendor Code"; Value = ""; VariantName = "[No Variations]"
Add component (AddParameter): Name = "Vendor Name"; Value = ""; VariantName = "[No Variations]"
Added Pin To Net: NetName=NetC1_1 Pin=C1-1
Added Pin To Net: NetName=NetC1_2 Pin=C1-2
Added Pin To Net: NetName=15V Pin=C2-1
Added Pin To Net: NetName=GND Pin=C2-2
Added Pin To Net: NetName=GND Pin=C3-1
Added Pin To Net: NetName=V_Bat Pin=C3-2
Added Pin To Net: NetName=GND Pin=C4-1
Added Pin To Net: NetName=NetC4_2 Pin=C4-2
Added Pin To Net: NetName=GND Pin=C5-1
Added Pin To Net: NetName=VDD Pin=C5-2
Added Pin To Net: NetName=GND Pin=C6-1
Added Pin To Net: NetName=NetC6_2 Pin=C6-2
Added Pin To Net: NetName=GND Pin=C7-1
Added Pin To Net: NetName=NetC7_2 Pin=C7-2
Added Pin To Net: NetName=NetC8_1 Pin=C8-1
Added Pin To Net: NetName=NetC8_2 Pin=C8-2
Added Pin To Net: NetName=NetC9_1 Pin=C9-1
Added Pin To Net: NetName=NetC9_2 Pin=C9-2
Added Pin To Net: NetName=GND Pin=C10-1
Added Pin To Net: NetName=15V Pin=C10-2
Added Pin To Net: NetName=GND Pin=C11-1
Added Pin To Net: NetName=VDD Pin=C11-2
Added Pin To Net: NetName=GND Pin=C12-1
Added Pin To Net: NetName=NetC12_2 Pin=C12-2
Added Pin To Net: NetName=NetD1_1 Pin=D1-1
Added Pin To Net: NetName=V_Bat Pin=D1-2
Added Pin To Net: NetName=GND Pin=D2-1
Added Pin To Net: NetName=NetC1_2 Pin=D2-2
Added Pin To Net: NetName=15V Pin=D3-1
Added Pin To Net: NetName=NetC9_1 Pin=D3-2
Added Pin To Net: NetName=NetD4_1 Pin=D4-1
Added Pin To Net: NetName=V_Bat Pin=D4-2
Added Pin To Net: NetName=NetD5_1 Pin=D5-1
Added Pin To Net: NetName=V_Bat Pin=D5-2
Added Pin To Net: NetName=NetD1_1 Pin=J1-1
Added Pin To Net: NetName=GND Pin=J2-1
Added Pin To Net: NetName=Hall Pin=J2-2
Added Pin To Net: NetName=NetJ2_3 Pin=J2-3
Added Pin To Net: NetName=H/L/BRK Pin=J2-5
Added Pin To Net: NetName=VDD Pin=J2-6
Added Pin To Net: NetName=VDD Pin=J3-1
Added Pin To Net: NetName=RX Pin=J3-2
Added Pin To Net: NetName=OCP/TX Pin=J3-3
Added Pin To Net: NetName=GND Pin=J3-4
Added Pin To Net: NetName=VDD Pin=J4-1
Added Pin To Net: NetName=SCL Pin=J4-2
Added Pin To Net: NetName=RST Pin=J4-3
Added Pin To Net: NetName=SDA Pin=J4-4
Added Pin To Net: NetName=GND Pin=J4-5
Added Pin To Net: NetName=V_Bat Pin=K1-1
Added Pin To Net: NetName=NetK1_2 Pin=K1-2
Added Pin To Net: NetName=V_Bat Pin=K1-3
Added Pin To Net: NetName=F Pin=K1-4
Added Pin To Net: NetName=NetK1_6 Pin=K1-6
Added Pin To Net: NetName=V_Bat Pin=K2-1
Added Pin To Net: NetName=NetK1_2 Pin=K2-2
Added Pin To Net: NetName=V_Bat Pin=K2-3
Added Pin To Net: NetName=B Pin=K2-4
Added Pin To Net: NetName=NetC8_1 Pin=K2-6
Added Pin To Net: NetName=NetC1_2 Pin=L1-1
Added Pin To Net: NetName=15V Pin=L1-2
Added Pin To Net: NetName=Err_IDC Pin=LED1-1
Added Pin To Net: NetName=NetLED1_2 Pin=LED1-2
Added Pin To Net: NetName=NetD4_1 Pin=NC1-1
Added Pin To Net: NetName=NetD5_1 Pin=NC1-2
Added Pin To Net: NetName=V_Bat Pin=P1-1
Added Pin To Net: NetName=GND Pin=P1-2
Added Pin To Net: NetName=NetK1_6 Pin=P2-1
Added Pin To Net: NetName=NetC8_1 Pin=P2-2
Added Pin To Net: NetName=NetQ1_1 Pin=Q1-1
Added Pin To Net: NetName=GND Pin=Q1-2
Added Pin To Net: NetName=SCL Pin=Q1-3
Added Pin To Net: NetName=NetQ2_1 Pin=Q2-1
Added Pin To Net: NetName=V_Bat Pin=Q2-2
Added Pin To Net: NetName=NetK1_2 Pin=Q2-3
Added Pin To Net: NetName=NetQ3_1 Pin=Q3-1
Added Pin To Net: NetName=NetK1_2 Pin=Q3-2
Added Pin To Net: NetName=NetC12_2 Pin=Q3-3
Added Pin To Net: NetName=NetQ4_1 Pin=Q4-1
Added Pin To Net: NetName=GND Pin=Q4-2
Added Pin To Net: NetName=B Pin=Q4-3
Added Pin To Net: NetName=NetQ5_1 Pin=Q5-1
Added Pin To Net: NetName=GND Pin=Q5-2
Added Pin To Net: NetName=F Pin=Q5-3
Added Pin To Net: NetName=NetQ2_1 Pin=Q6-1
Added Pin To Net: NetName=V_Bat Pin=Q6-2
Added Pin To Net: NetName=NetK1_2 Pin=Q6-3
Added Pin To Net: NetName=NetQ3_1 Pin=Q7-1
Added Pin To Net: NetName=NetK1_2 Pin=Q7-2
Added Pin To Net: NetName=NetC12_2 Pin=Q7-3
Added Pin To Net: NetName=NetQ1_1 Pin=R1-1
Added Pin To Net: NetName=NetD1_1 Pin=R1-2
Added Pin To Net: NetName=NetLED1_2 Pin=R2-1
Added Pin To Net: NetName=VDD Pin=R2-2
Added Pin To Net: NetName=NetJ2_3 Pin=R3-1
Added Pin To Net: NetName=VDD Pin=R3-2
Added Pin To Net: NetName=15V Pin=R4-1
Added Pin To Net: NetName=NetR4_2 Pin=R4-2
Added Pin To Net: NetName=15V Pin=R5-1
Added Pin To Net: NetName=NetC4_2 Pin=R5-2
Added Pin To Net: NetName=GND Pin=R6-1
Added Pin To Net: NetName=NetQ1_1 Pin=R6-2
Added Pin To Net: NetName=NetC6_2 Pin=R7-1
Added Pin To Net: NetName=NetC7_2 Pin=R7-2
Added Pin To Net: NetName=GND Pin=R8-1
Added Pin To Net: NetName=NetR8_2 Pin=R8-2
Added Pin To Net: NetName=NetR4_2 Pin=R9-1
Added Pin To Net: NetName=GND Pin=R9-2
Added Pin To Net: NetName=NetK1_6 Pin=R10-1
Added Pin To Net: NetName=NetC8_2 Pin=R10-2
Added Pin To Net: NetName=HO Pin=R11-1
Added Pin To Net: NetName=NetQ2_1 Pin=R11-2
Added Pin To Net: NetName=NetK1_2 Pin=R12-1
Added Pin To Net: NetName=NetQ2_1 Pin=R12-2
Added Pin To Net: NetName=NetC9_2 Pin=R13-1
Added Pin To Net: NetName=NetK1_2 Pin=R13-2
Added Pin To Net: NetName=LO Pin=R14-1
Added Pin To Net: NetName=NetQ3_1 Pin=R14-2
Added Pin To Net: NetName=NetR15_1 Pin=R15-1
Added Pin To Net: NetName=NetC12_2 Pin=R15-2
Added Pin To Net: NetName=NetR16_1 Pin=R16-1
Added Pin To Net: NetName=A_SEN Pin=R16-2
Added Pin To Net: NetName=GND Pin=R17-1
Added Pin To Net: NetName=NetC12_2 Pin=R17-2
Added Pin To Net: NetName=NetR18_1 Pin=R18-1
Added Pin To Net: NetName=NetR16_1 Pin=R18-2
Added Pin To Net: NetName=GND Pin=R19-1
Added Pin To Net: NetName=NetR18_1 Pin=R19-2
Added Pin To Net: NetName=FW Pin=R20-1
Added Pin To Net: NetName=NetQ5_1 Pin=R20-2
Added Pin To Net: NetName=BW Pin=R21-1
Added Pin To Net: NetName=NetQ4_1 Pin=R21-2
Added Pin To Net: NetName=NetC12_2 Pin=R22-1
Added Pin To Net: NetName=NetQ3_1 Pin=R22-2
Added Pin To Net: NetName=GND Pin=R23-1
Added Pin To Net: NetName=NetC12_2 Pin=R23-2
Added Pin To Net: NetName=SW Pin=SW1-2
Added Pin To Net: NetName=GND Pin=SW1-4
Added Pin To Net: NetName=GND Pin=U1-0
Added Pin To Net: NetName=NetC1_1 Pin=U1-1
Added Pin To Net: NetName=V_Bat Pin=U1-2
Added Pin To Net: NetName=NetU1_3 Pin=U1-3
Added Pin To Net: NetName=NetR8_2 Pin=U1-4
Added Pin To Net: NetName=NetR4_2 Pin=U1-5
Added Pin To Net: NetName=NetC6_2 Pin=U1-6
Added Pin To Net: NetName=GND Pin=U1-7
Added Pin To Net: NetName=NetC1_2 Pin=U1-8
Added Pin To Net: NetName=A_SEN Pin=U2-1
Added Pin To Net: NetName=OCP/TX Pin=U2-2
Added Pin To Net: NetName=RX Pin=U2-3
Added Pin To Net: NetName=RST Pin=U2-4
Added Pin To Net: NetName=H/L/BRK Pin=U2-5
Added Pin To Net: NetName=Hall Pin=U2-6
Added Pin To Net: NetName=GND Pin=U2-7
Added Pin To Net: NetName=SDA Pin=U2-8
Added Pin To Net: NetName=VDD Pin=U2-9
Added Pin To Net: NetName=PLC Pin=U2-11
Added Pin To Net: NetName=SW Pin=U2-12
Added Pin To Net: NetName=Err_IDC Pin=U2-13
Added Pin To Net: NetName=V_DET Pin=U2-14
Added Pin To Net: NetName=BW Pin=U2-15
Added Pin To Net: NetName=FW Pin=U2-16
Added Pin To Net: NetName=HI Pin=U2-17
Added Pin To Net: NetName=SCL Pin=U2-18
Added Pin To Net: NetName=LI Pin=U2-19
Added Pin To Net: NetName=MOS_DET Pin=U2-20
Added Pin To Net: NetName=15V Pin=U3-1
Added Pin To Net: NetName=HI Pin=U3-2
Added Pin To Net: NetName=LI Pin=U3-3
Added Pin To Net: NetName=GND Pin=U3-4
Added Pin To Net: NetName=LO Pin=U3-5
Added Pin To Net: NetName=NetC9_2 Pin=U3-6
Added Pin To Net: NetName=HO Pin=U3-7
Added Pin To Net: NetName=NetC9_1 Pin=U3-8
Added Pin To Net: NetName=NetR16_1 Pin=U4-1
Added Pin To Net: NetName=NetR15_1 Pin=U4-2
Added Pin To Net: NetName=NetR18_1 Pin=U4-3
Added Pin To Net: NetName=GND Pin=U4-4
Added Pin To Net: NetName=VDD Pin=U4-8
Added Pin To Net: NetName=VDD Pin=U5-1
Added Pin To Net: NetName=GND Pin=U5-2
Added Pin To Net: NetName=NetU1_3 Pin=UVLO1-1
Added Pin To Net: NetName=V_Bat Pin=UVLO1-2
Added Pin To Net: NetName=GND Pin=UVLO2-1
Added Pin To Net: NetName=NetU1_3 Pin=UVLO2-2
Change Net Color : Old Net Color=RGB(158, 161, 117) New Net Color=Default
Added Member To Class: ClassName=Single motor monitoring Beta Member=Component C1 10V
Added Member To Class: ClassName=Single motor monitoring Beta Member=Component C2 PBE099540-1010
Added Member To Class: ClassName=Single motor monitoring Beta Member=Component C3 10V
Added Member To Class: ClassName=Single motor monitoring Beta Member=Component C4 4.7uF
Added Member To Class: ClassName=Single motor monitoring Beta Member=Component C5 4.7uF
Added Member To Class: ClassName=Single motor monitoring Beta Member=Component C6 10V
Added Member To Class: ClassName=Single motor monitoring Beta Member=Component C7 3V
Added Member To Class: ClassName=Single motor monitoring Beta Member=Component C8 104
Added Member To Class: ClassName=Single motor monitoring Beta Member=Component C9 PBE099540-1010
Added Member To Class: ClassName=Single motor monitoring Beta Member=Component C10 3V
Added Member To Class: ClassName=Single motor monitoring Beta Member=Component C11 3V
Added Member To Class: ClassName=Single motor monitoring Beta Member=Component C12 3V
Added Member To Class: ClassName=Single motor monitoring Beta Member=Component D1 RAD114004-0010
Added Member To Class: ClassName=Single motor monitoring Beta Member=Component D2 42V 5A
Added Member To Class: ClassName=Single motor monitoring Beta Member=Component D3 42V 5A
Added Member To Class: ClassName=Single motor monitoring Beta Member=Component D4 42V 5A
Added Member To Class: ClassName=Single motor monitoring Beta Member=Component D5 42V 5A
Added Member To Class: ClassName=Single motor monitoring Beta Member=Component J1 T690300125300
Added Member To Class: ClassName=Single motor monitoring Beta Member=Component J2 T690300121600
Added Member To Class: ClassName=Single motor monitoring Beta Member=Component J3 CCN250000-0104
Added Member To Class: ClassName=Single motor monitoring Beta Member=Component J4 CCN250000-0105
Added Member To Class: ClassName=Single motor monitoring Beta Member=Component K1 RELAY HFD23/012-1ZS
Added Member To Class: ClassName=Single motor monitoring Beta Member=Component K2 RELAY HFD23/012-1ZS
Added Member To Class: ClassName=Single motor monitoring Beta Member=Component L1 T621000090500
Added Member To Class: ClassName=Single motor monitoring Beta Member=Component LED1 T575013160258
Added Member To Class: ClassName=Single motor monitoring Beta Member=Component NC1 T501348102129
Added Member To Class: ClassName=Single motor monitoring Beta Member=Component P1 CJP012009-0050
Added Member To Class: ClassName=Single motor monitoring Beta Member=Component P2 CJPA12002-0010
Added Member To Class: ClassName=Single motor monitoring Beta Member=Component Q1 RCN000846-0001
Added Member To Class: ClassName=Single motor monitoring Beta Member=Component Q2 RHM120060-1001
Added Member To Class: ClassName=Single motor monitoring Beta Member=Component Q3 RHM120060-1001
Added Member To Class: ClassName=Single motor monitoring Beta Member=Component Q4 RCN000846-0001
Added Member To Class: ClassName=Single motor monitoring Beta Member=Component Q5 RCN000846-0001
Added Member To Class: ClassName=Single motor monitoring Beta Member=Component Q6 RHM120060-1001
Added Member To Class: ClassName=Single motor monitoring Beta Member=Component Q7 RHM120060-1001
Added Member To Class: ClassName=Single motor monitoring Beta Member=Component R1 T501348102129
Added Member To Class: ClassName=Single motor monitoring Beta Member=Component R2 T501348102129
Added Member To Class: ClassName=Single motor monitoring Beta Member=Component R3 T501348102129
Added Member To Class: ClassName=Single motor monitoring Beta Member=Component R4 T501348102129
Added Member To Class: ClassName=Single motor monitoring Beta Member=Component R5 T501348102129
Added Member To Class: ClassName=Single motor monitoring Beta Member=Component R6 T501348102129
Added Member To Class: ClassName=Single motor monitoring Beta Member=Component R7 T501348102129
Added Member To Class: ClassName=Single motor monitoring Beta Member=Component R8 T501348102129
Added Member To Class: ClassName=Single motor monitoring Beta Member=Component R9 T501348102129
Added Member To Class: ClassName=Single motor monitoring Beta Member=Component R10 T501348102129
Added Member To Class: ClassName=Single motor monitoring Beta Member=Component R11 T501348102129
Added Member To Class: ClassName=Single motor monitoring Beta Member=Component R12 T501348102129
Added Member To Class: ClassName=Single motor monitoring Beta Member=Component R13 T501348102129
Added Member To Class: ClassName=Single motor monitoring Beta Member=Component R14 T501348102129
Added Member To Class: ClassName=Single motor monitoring Beta Member=Component R15 T501348102129
Added Member To Class: ClassName=Single motor monitoring Beta Member=Component R16 T501348102129
Added Member To Class: ClassName=Single motor monitoring Beta Member=Component R17 QHE505000-5190
Added Member To Class: ClassName=Single motor monitoring Beta Member=Component R18 T501348102129
Added Member To Class: ClassName=Single motor monitoring Beta Member=Component R19 T501348102129
Added Member To Class: ClassName=Single motor monitoring Beta Member=Component R20 T501348102129
Added Member To Class: ClassName=Single motor monitoring Beta Member=Component R21 T501348102129
Added Member To Class: ClassName=Single motor monitoring Beta Member=Component R22 T501348102129
Added Member To Class: ClassName=Single motor monitoring Beta Member=Component R23 QHE505000-5190
Added Member To Class: ClassName=Single motor monitoring Beta Member=Component SW1 MSWA06012-0010
Added Member To Class: ClassName=Single motor monitoring Beta Member=Component U1 TPS54540
Added Member To Class: ClassName=Single motor monitoring Beta Member=Component U2 RCI800336-0001
Added Member To Class: ClassName=Single motor monitoring Beta Member=Component U3 T610900027257
Added Member To Class: ClassName=Single motor monitoring Beta Member=Component U4 RCI000358-0001
Added Member To Class: ClassName=Single motor monitoring Beta Member=Component U5 7805
Added Member To Class: ClassName=Single motor monitoring Beta Member=Component UVLO1 T501348102129
Added Member To Class: ClassName=Single motor monitoring Beta Member=Component UVLO2 T501348102129
Added Room: Name=Single motor monitoring Beta
