Removed Pin From Net: NetName=NetC4_2 Pin=C4-2
Removed Pin From Net: NetName=NetC12_1 Pin=C12-1
Removed Pin From Net: NetName=NetF1_1 Pin=F1-1
Removed Pin From Net: NetName=NetF1_1 Pin=F1-1
Removed Pin From Net: NetName=GND Pin=F1-2
Removed Pin From Net: NetName=GND Pin=F1-2
Removed Pin From Net: NetName=F Pin=NC1-1
Removed Pin From Net: NetName=B Pin=NC1-2
Removed Pin From Net: NetName=V_Bat Pin=P1-2
Removed Pin From Net: NetName=NetC4_2 Pin=R5-2
Removed Pin From Net: NetName=NetR16_1 Pin=R16-1
Removed Pin From Net: NetName=NetC4_2 Pin=U2-2
Removed Pin From Net: NetName=GND Pin=U2-3
Removed Pin From Net: NetName=15V Pin=U4-1
Removed Pin From Net: NetName=NetR16_1 Pin=U5-2
Removed Pin From Net: NetName=NetR20_1 Pin=U5-3
Removed Member From Class: ClassName=Single motor monitoring Beta Member=F1
Removed Member From Class: ClassName=Single motor monitoring Beta Member=NC1
Change Component Footprint: Designator=U2 Old Footprint=2SC2712GR New Footprint=SOT89
Change Component Designator: OldDesignator=C3 NewDesignator=C4
Change Component Designator: OldDesignator=C4 NewDesignator=C5
Change Component Designator: OldDesignator=C5 NewDesignator=C6
Change Component Designator: OldDesignator=C6 NewDesignator=C7
Change Component Designator: OldDesignator=C7 NewDesignator=C8
Change Component Designator: OldDesignator=C8 NewDesignator=C9
Change Component Designator: OldDesignator=C9 NewDesignator=C11
Change Component Designator: OldDesignator=C11 NewDesignator=C12
Change Component Designator: OldDesignator=C12 NewDesignator=C13
Change Component Designator: OldDesignator=C13 NewDesignator=C3
Change Component Designator: OldDesignator=D3 NewDesignator=D4
Change Component Designator: OldDesignator=D4 NewDesignator=D6
Change Component Designator: OldDesignator=D5 NewDesignator=D7
Change Component Designator: OldDesignator=P1 NewDesignator=P2
Change Component Designator: OldDesignator=R12 NewDesignator=R13
Change Component Designator: OldDesignator=R13 NewDesignator=R14
Change Component Designator: OldDesignator=R14 NewDesignator=R15
Change Component Designator: OldDesignator=R15 NewDesignator=R16
Change Component Designator: OldDesignator=R16 NewDesignator=R17
Change Component Designator: OldDesignator=R17 NewDesignator=R18
Change Component Designator: OldDesignator=R18 NewDesignator=R19
Change component parameters: Designator = "C6" ("C7"); Footprint = "CAPC0603-RW"; UniqueID = "\YHFHOYEI" ("\YHFHOYEI")
Change component parameters (AddParameter): Name = "Customer Specific"; Value = "N/A"; VariantName = "[No Variations]"
Change component parameters (AddParameter): Name = "DIP&SMD"; Value = "SMD"; VariantName = "[No Variations]"
Change component parameters (AddParameter): Name = "MFG"; Value = ""; VariantName = "[No Variations]"
Change component parameters (AddParameter): Name = "MFG Part"; Value = ""; VariantName = "[No Variations]"
Change component parameters (AddParameter): Name = "Other"; Value = "X7R"; VariantName = "[No Variations]"
Change component parameters (AddParameter): Name = "PACKAGE"; Value = "CAPC0603"; VariantName = "[No Variations]"
Change component parameters (AddParameter): Name = "SAP"; Value = "T542021537508"; VariantName = "[No Variations]"
Change component parameters (AddParameter): Name = "Tolerance"; Value = "10%"; VariantName = "[No Variations]"
Change component parameters (AddParameter): Name = "Type"; Value = "Capacitor"; VariantName = "[No Variations]"
Change component parameters (AddParameter): Name = "Value"; Value = "68pF"; VariantName = "[No Variations]"
Change component parameters (AddParameter): Name = "Vendor Code"; Value = "10010262"; VariantName = "[No Variations]"
Change component parameters (AddParameter): Name = "Vendor Name"; Value = "东莞市晴远电子有限公司"; VariantName = "[No Variations]"
Change component parameters (AddParameter): Name = "Voltage"; Value = "3V"; VariantName = "[No Variations]"
Change component parameters: Designator = "C12" ("C13"); Footprint = "CAPC0603-RW"; UniqueID = "\DLSKSEJV" ("\DLSKSEJV")
Change component parameters (AddParameter): Name = "Customer Specific"; Value = "N/A"; VariantName = "[No Variations]"
Change component parameters (AddParameter): Name = "DIP&SMD"; Value = "SMD"; VariantName = "[No Variations]"
Change component parameters (AddParameter): Name = "MFG"; Value = ""; VariantName = "[No Variations]"
Change component parameters (AddParameter): Name = "MFG Part"; Value = ""; VariantName = "[No Variations]"
Change component parameters (AddParameter): Name = "Other"; Value = "X7R"; VariantName = "[No Variations]"
Change component parameters (AddParameter): Name = "PACKAGE"; Value = "CAPC0603"; VariantName = "[No Variations]"
Change component parameters (AddParameter): Name = "SAP"; Value = "T542021537508"; VariantName = "[No Variations]"
Change component parameters (AddParameter): Name = "Tolerance"; Value = "10%"; VariantName = "[No Variations]"
Change component parameters (AddParameter): Name = "Type"; Value = "Capacitor"; VariantName = "[No Variations]"
Change component parameters (AddParameter): Name = "Value"; Value = "102"; VariantName = "[No Variations]"
Change component parameters (AddParameter): Name = "Vendor Code"; Value = "10010262"; VariantName = "[No Variations]"
Change component parameters (AddParameter): Name = "Vendor Name"; Value = "东莞市晴远电子有限公司"; VariantName = "[No Variations]"
Change component parameters (AddParameter): Name = "Voltage"; Value = "6V"; VariantName = "[No Variations]"
Change component parameters: Designator = "R5" ("R5"); Footprint = "0603-RW"; UniqueID = "\TJBGDNDG" ("\TJBGDNDG")
Change component parameters (AddParameter): Name = "CREATE_NAME"; Value = "Tom"; VariantName = "[No Variations]"
Change component parameters (AddParameter): Name = "CREATE_TIME"; Value = "12-Apr-2016"; VariantName = "[No Variations]"
Change component parameters (AddParameter): Name = "Customer Specific"; Value = "N/A"; VariantName = "[No Variations]"
Change component parameters (AddParameter): Name = "DIP&SMD"; Value = "SMD"; VariantName = "[No Variations]"
Change component parameters (AddParameter): Name = "MFG"; Value = "WALSIN"; VariantName = "[No Variations]"
Change component parameters (AddParameter): Name = "MFG Part"; Value = "WF06T3481BTL"; VariantName = "[No Variations]"
Change component parameters (AddParameter): Name = "Package"; Value = "0603"; VariantName = "[No Variations]"
Change component parameters (AddParameter): Name = "Power"; Value = "1/16 W"; VariantName = "[No Variations]"
Change component parameters (AddParameter): Name = "SAP"; Value = "T501348102129"; VariantName = "[No Variations]"
Change component parameters (AddParameter): Name = "TOL"; Value = "0.1%"; VariantName = "[No Variations]"
Change component parameters (AddParameter): Name = "Type"; Value = "Resistor"; VariantName = "[No Variations]"
Change component parameters (AddParameter): Name = "Value"; Value = "0ohm"; VariantName = "[No Variations]"
Change component parameters (AddParameter): Name = "Vendor Code"; Value = ""; VariantName = "[No Variations]"
Change component parameters (AddParameter): Name = "Vendor Name"; Value = ""; VariantName = "[No Variations]"
Change component parameters: Designator = "R11" ("R11"); Footprint = "0603-RW"; UniqueID = "\ULVCDJOS" ("\ULVCDJOS")
Change component parameters (AddParameter): Name = "CREATE_NAME"; Value = "Tom"; VariantName = "[No Variations]"
Change component parameters (AddParameter): Name = "CREATE_TIME"; Value = "12-Apr-2016"; VariantName = "[No Variations]"
Change component parameters (AddParameter): Name = "Customer Specific"; Value = "N/A"; VariantName = "[No Variations]"
Change component parameters (AddParameter): Name = "DIP&SMD"; Value = "SMD"; VariantName = "[No Variations]"
Change component parameters (AddParameter): Name = "MFG"; Value = "WALSIN"; VariantName = "[No Variations]"
Change component parameters (AddParameter): Name = "MFG Part"; Value = "WF06T3481BTL"; VariantName = "[No Variations]"
Change component parameters (AddParameter): Name = "Package"; Value = "0603"; VariantName = "[No Variations]"
Change component parameters (AddParameter): Name = "Power"; Value = "1/16 W"; VariantName = "[No Variations]"
Change component parameters (AddParameter): Name = "SAP"; Value = "T501348102129"; VariantName = "[No Variations]"
Change component parameters (AddParameter): Name = "TOL"; Value = "0.1%"; VariantName = "[No Variations]"
Change component parameters (AddParameter): Name = "Type"; Value = "Resistor"; VariantName = "[No Variations]"
Change component parameters (AddParameter): Name = "Value"; Value = "4.7R"; VariantName = "[No Variations]"
Change component parameters (AddParameter): Name = "Vendor Code"; Value = ""; VariantName = "[No Variations]"
Change component parameters (AddParameter): Name = "Vendor Name"; Value = ""; VariantName = "[No Variations]"
Added Component: Designator=D3(SOD-523)
Add component (AddParameter): Name = "CREATE_NAME"; Value = "Nathan"; VariantName = "[No Variations]"
Add component (AddParameter): Name = "CREATE_TIME"; Value = "23-Jun-2020"; VariantName = "[No Variations]"
Add component (AddParameter): Name = "Current"; Value = "1A"; VariantName = "[No Variations]"
Add component (AddParameter): Name = "Customer Specific"; Value = "N/A"; VariantName = "[No Variations]"
Add component (AddParameter): Name = "DIP&SMD"; Value = "SMD"; VariantName = "[No Variations]"
Add component (AddParameter): Name = "MFG"; Value = "DIODES"; VariantName = "[No Variations]"
Add component (AddParameter): Name = "MFG Part"; Value = "1N4148WT"; VariantName = "[No Variations]"
Add component (AddParameter): Name = "Package"; Value = "SOD-123"; VariantName = "[No Variations]"
Add component (AddParameter): Name = "SAP"; Value = ""; VariantName = "[No Variations]"
Add component (AddParameter): Name = "Type"; Value = "DIODE"; VariantName = "[No Variations]"
Add component (AddParameter): Name = "Vendor Code"; Value = ""; VariantName = "[No Variations]"
Add component (AddParameter): Name = "Vendor Name"; Value = ""; VariantName = "[No Variations]"
Add component (AddParameter): Name = "Voltage"; Value = "75V"; VariantName = "[No Variations]"
Added Component: Designator=D5(SOD-523)
Add component (AddParameter): Name = "CREATE_NAME"; Value = "Nathan"; VariantName = "[No Variations]"
Add component (AddParameter): Name = "CREATE_TIME"; Value = "23-Jun-2020"; VariantName = "[No Variations]"
Add component (AddParameter): Name = "Current"; Value = "1A"; VariantName = "[No Variations]"
Add component (AddParameter): Name = "Customer Specific"; Value = "N/A"; VariantName = "[No Variations]"
Add component (AddParameter): Name = "DIP&SMD"; Value = "SMD"; VariantName = "[No Variations]"
Add component (AddParameter): Name = "MFG"; Value = "DIODES"; VariantName = "[No Variations]"
Add component (AddParameter): Name = "MFG Part"; Value = "1N4148WT"; VariantName = "[No Variations]"
Add component (AddParameter): Name = "Package"; Value = "SOD-123"; VariantName = "[No Variations]"
Add component (AddParameter): Name = "SAP"; Value = ""; VariantName = "[No Variations]"
Add component (AddParameter): Name = "Type"; Value = "DIODE"; VariantName = "[No Variations]"
Add component (AddParameter): Name = "Vendor Code"; Value = ""; VariantName = "[No Variations]"
Add component (AddParameter): Name = "Vendor Name"; Value = ""; VariantName = "[No Variations]"
Add component (AddParameter): Name = "Voltage"; Value = "75V"; VariantName = "[No Variations]"
Added Component: Designator=R12(0603-RW)
Add component (AddParameter): Name = "CREATE_NAME"; Value = "Tom"; VariantName = "[No Variations]"
Add component (AddParameter): Name = "CREATE_TIME"; Value = "12-Apr-2016"; VariantName = "[No Variations]"
Add component (AddParameter): Name = "Customer Specific"; Value = "N/A"; VariantName = "[No Variations]"
Add component (AddParameter): Name = "DIP&SMD"; Value = "SMD"; VariantName = "[No Variations]"
Add component (AddParameter): Name = "MFG"; Value = "WALSIN"; VariantName = "[No Variations]"
Add component (AddParameter): Name = "MFG Part"; Value = "WF06T3481BTL"; VariantName = "[No Variations]"
Add component (AddParameter): Name = "Package"; Value = "0603"; VariantName = "[No Variations]"
Add component (AddParameter): Name = "Power"; Value = "1/16 W"; VariantName = "[No Variations]"
Add component (AddParameter): Name = "SAP"; Value = "T501348102129"; VariantName = "[No Variations]"
Add component (AddParameter): Name = "TOL"; Value = "0.1%"; VariantName = "[No Variations]"
Add component (AddParameter): Name = "Type"; Value = "Resistor"; VariantName = "[No Variations]"
Add component (AddParameter): Name = "Value"; Value = "4.7R"; VariantName = "[No Variations]"
Add component (AddParameter): Name = "Vendor Code"; Value = ""; VariantName = "[No Variations]"
Add component (AddParameter): Name = "Vendor Name"; Value = ""; VariantName = "[No Variations]"
Added Pin To Net: NetName=NetR16_1 Pin=C5-2
Added Pin To Net: NetName=A_SEN Pin=C13-1
Added Pin To Net: NetName=NetQ2_1 Pin=D3-1
Added Pin To Net: NetName=HO Pin=D3-2
Added Pin To Net: NetName=NetQ4_1 Pin=D5-1
Added Pin To Net: NetName=LO Pin=D5-2
Added Pin To Net: NetName=GND Pin=P1-2
Added Pin To Net: NetName=NetR16_1 Pin=R5-2
Added Pin To Net: NetName=NetF1_1 Pin=R12-1
Added Pin To Net: NetName=15V Pin=R12-2
Added Pin To Net: NetName=NetC4_2 Pin=R17-1
Added Pin To Net: NetName=GND Pin=U2-2
Added Pin To Net: NetName=NetF1_1 Pin=U4-1
Added Pin To Net: NetName=NetR20_1 Pin=U5-2
Added Pin To Net: NetName=NetC4_2 Pin=U5-3
Change Net Name : Old Net Name=NetC4_2 New Net Name=NetR17_1
Change Net Name : Old Net Name=NetC6_1 New Net Name=NetC7_1
Change Net Name : Old Net Name=NetC7_1 New Net Name=NetC8_1
Change Net Name : Old Net Name=NetC8_1 New Net Name=M2
Change Net Name : Old Net Name=NetC8_2 New Net Name=NetC9_2
Change Net Name : Old Net Name=NetC9_1 New Net Name=NetC11_1
Change Net Name : Old Net Name=NetC9_2 New Net Name=NetC11_2
Change Net Name : Old Net Name=NetC12_1 New Net Name=NetQ4_3
Change Net Name : Old Net Name=NetF1_1 New Net Name=NetR12_1
Change Net Name : Old Net Name=NetK1_5 New Net Name=M1
Change Net Name : Old Net Name=NetQ2_1 New Net Name=NetD3_1
Change Net Name : Old Net Name=NetQ4_1 New Net Name=NetD5_1
Change Net Name : Old Net Name=NetR16_1 New Net Name=NetC5_2
Change Net Name : Old Net Name=NetR17_1 New Net Name=NetR18_1
Added Member To Class: ClassName=Single motor monitoring Beta Member=Component D6 42V 5A
Added Member To Class: ClassName=Single motor monitoring Beta Member=Component D7 42V 5A
Added Member To Class: ClassName=Single motor monitoring Beta Member=Component P2 CJP012009-0050
Added Member To Class: ClassName=Single motor monitoring Beta Member=Component R19 QHE505000-5190
Added Room: Name=Single motor monitoring Beta
