Added Component: Designator=C1(CAPC0603-RW)
Add component (AddParameter): Name = "Customer Specific"; Value = "N/A"; VariantName = "[No Variations]"
Add component (AddParameter): Name = "DIP&SMD"; Value = "SMD"; VariantName = "[No Variations]"
Add component (AddParameter): Name = "MFG"; Value = ""; VariantName = "[No Variations]"
Add component (AddParameter): Name = "MFG Part"; Value = ""; VariantName = "[No Variations]"
Add component (AddParameter): Name = "Other"; Value = "X7R"; VariantName = "[No Variations]"
Add component (AddParameter): Name = "PACKAGE"; Value = "CAPC0603"; VariantName = "[No Variations]"
Add component (AddParameter): Name = "SAP"; Value = "T542021537508"; VariantName = "[No Variations]"
Add component (AddParameter): Name = "Tolerance"; Value = "10%"; VariantName = "[No Variations]"
Add component (AddParameter): Name = "Type"; Value = "Capacitor"; VariantName = "[No Variations]"
Add component (AddParameter): Name = "Value"; Value = "0.1uF"; VariantName = "[No Variations]"
Add component (AddParameter): Name = "Vendor Code"; Value = "10010262"; VariantName = "[No Variations]"
Add component (AddParameter): Name = "Vendor Name"; Value = "东莞市晴远电子有限公司"; VariantName = "[No Variations]"
Add component (AddParameter): Name = "Voltage"; Value = "10V"; VariantName = "[No Variations]"
Added Component: Designator=C2(CASE - D)
Add component (AddParameter): Name = "Customer Specific"; Value = "N/A"; VariantName = "[No Variations]"
Add component (AddParameter): Name = "DIP&SMD"; Value = "SMD"; VariantName = "[No Variations]"
Add component (AddParameter): Name = "MFG"; Value = ""; VariantName = "[No Variations]"
Add component (AddParameter): Name = "MFG Part"; Value = ""; VariantName = "[No Variations]"
Add component (AddParameter): Name = "Other"; Value = ""; VariantName = "[No Variations]"
Add component (AddParameter): Name = "PACKAGE"; Value = "CASE - D"; VariantName = "[No Variations]"
Add component (AddParameter): Name = "SAP"; Value = "T551101434030"; VariantName = "[No Variations]"
Add component (AddParameter): Name = "Tolerance"; Value = "20%"; VariantName = "[No Variations]"
Add component (AddParameter): Name = "Type"; Value = "Capacitor"; VariantName = "[No Variations]"
Add component (AddParameter): Name = "Value"; Value = "20uF"; VariantName = "[No Variations]"
Add component (AddParameter): Name = "Vendor Code"; Value = "10020343"; VariantName = "[No Variations]"
Add component (AddParameter): Name = "Vendor Name"; Value = "深圳市春明电子有限公司"; VariantName = "[No Variations]"
Add component (AddParameter): Name = "Voltage"; Value = "16V"; VariantName = "[No Variations]"
Added Component: Designator=C3(CAP_Radial_D13L25P5.0)
Add component (AddParameter): Name = "Customer Specific"; Value = "N/A"; VariantName = "[No Variations]"
Add component (AddParameter): Name = "DIP&SMD"; Value = "DIP"; VariantName = "[No Variations]"
Add component (AddParameter): Name = "MFG"; Value = "佳维诚"; VariantName = "[No Variations]"
Add component (AddParameter): Name = "MFG Part"; Value = ""; VariantName = "[No Variations]"
Add component (AddParameter): Name = "Other"; Value = ""; VariantName = "[No Variations]"
Add component (AddParameter): Name = "PACKAGE"; Value = "470uF/50V"; VariantName = "[No Variations]"
Add component (AddParameter): Name = "SAP"; Value = "T552471464020"; VariantName = "[No Variations]"
Add component (AddParameter): Name = "Tolerance"; Value = "20%"; VariantName = "[No Variations]"
Add component (AddParameter): Name = "Type"; Value = "Capacitor"; VariantName = "[No Variations]"
Add component (AddParameter): Name = "Value"; Value = "1000uF"; VariantName = "[No Variations]"
Add component (AddParameter): Name = "Vendor Code"; Value = "10020154"; VariantName = "[No Variations]"
Add component (AddParameter): Name = "Vendor Name"; Value = "惠州市佳维诚电子有限公司"; VariantName = "[No Variations]"
Add component (AddParameter): Name = "Voltage"; Value = "50V"; VariantName = "[No Variations]"
Added Component: Designator=C4(CAPC0603-RW)
Add component (AddParameter): Name = "Customer Specific"; Value = "N/A"; VariantName = "[No Variations]"
Add component (AddParameter): Name = "DIP&SMD"; Value = "SMD"; VariantName = "[No Variations]"
Add component (AddParameter): Name = "MFG"; Value = ""; VariantName = "[No Variations]"
Add component (AddParameter): Name = "MFG Part"; Value = ""; VariantName = "[No Variations]"
Add component (AddParameter): Name = "Other"; Value = "X7R"; VariantName = "[No Variations]"
Add component (AddParameter): Name = "PACKAGE"; Value = "CAPC0603"; VariantName = "[No Variations]"
Add component (AddParameter): Name = "SAP"; Value = "T542021537508"; VariantName = "[No Variations]"
Add component (AddParameter): Name = "Tolerance"; Value = "10%"; VariantName = "[No Variations]"
Add component (AddParameter): Name = "Type"; Value = "Capacitor"; VariantName = "[No Variations]"
Add component (AddParameter): Name = "Value"; Value = "4.7uF"; VariantName = "[No Variations]"
Add component (AddParameter): Name = "Vendor Code"; Value = "10010262"; VariantName = "[No Variations]"
Add component (AddParameter): Name = "Vendor Name"; Value = "东莞市晴远电子有限公司"; VariantName = "[No Variations]"
Add component (AddParameter): Name = "Voltage"; Value = "50V"; VariantName = "[No Variations]"
Added Component: Designator=C5(0603P)
Added Component: Designator=C6(0603P)
Added Component: Designator=C7(CAPC0603-RW)
Add component (AddParameter): Name = "Customer Specific"; Value = "N/A"; VariantName = "[No Variations]"
Add component (AddParameter): Name = "DIP&SMD"; Value = "SMD"; VariantName = "[No Variations]"
Add component (AddParameter): Name = "MFG"; Value = ""; VariantName = "[No Variations]"
Add component (AddParameter): Name = "MFG Part"; Value = ""; VariantName = "[No Variations]"
Add component (AddParameter): Name = "Other"; Value = "X7R"; VariantName = "[No Variations]"
Add component (AddParameter): Name = "PACKAGE"; Value = "CAPC0603"; VariantName = "[No Variations]"
Add component (AddParameter): Name = "SAP"; Value = "T542021537508"; VariantName = "[No Variations]"
Add component (AddParameter): Name = "Tolerance"; Value = "10%"; VariantName = "[No Variations]"
Add component (AddParameter): Name = "Type"; Value = "Capacitor"; VariantName = "[No Variations]"
Add component (AddParameter): Name = "Value"; Value = "68pF"; VariantName = "[No Variations]"
Add component (AddParameter): Name = "Vendor Code"; Value = "10010262"; VariantName = "[No Variations]"
Add component (AddParameter): Name = "Vendor Name"; Value = "东莞市晴远电子有限公司"; VariantName = "[No Variations]"
Add component (AddParameter): Name = "Voltage"; Value = "3V"; VariantName = "[No Variations]"
Added Component: Designator=C8(CAPC0603-RW)
Add component (AddParameter): Name = "Customer Specific"; Value = "N/A"; VariantName = "[No Variations]"
Add component (AddParameter): Name = "DIP&SMD"; Value = "SMD"; VariantName = "[No Variations]"
Add component (AddParameter): Name = "MFG"; Value = ""; VariantName = "[No Variations]"
Add component (AddParameter): Name = "MFG Part"; Value = ""; VariantName = "[No Variations]"
Add component (AddParameter): Name = "Other"; Value = "X7R"; VariantName = "[No Variations]"
Add component (AddParameter): Name = "PACKAGE"; Value = "CAPC0603"; VariantName = "[No Variations]"
Add component (AddParameter): Name = "SAP"; Value = "T542021537508"; VariantName = "[No Variations]"
Add component (AddParameter): Name = "Tolerance"; Value = "10%"; VariantName = "[No Variations]"
Add component (AddParameter): Name = "Type"; Value = "Capacitor"; VariantName = "[No Variations]"
Add component (AddParameter): Name = "Value"; Value = "6.8nF"; VariantName = "[No Variations]"
Add component (AddParameter): Name = "Vendor Code"; Value = "10010262"; VariantName = "[No Variations]"
Add component (AddParameter): Name = "Vendor Name"; Value = "东莞市晴远电子有限公司"; VariantName = "[No Variations]"
Add component (AddParameter): Name = "Voltage"; Value = "3V"; VariantName = "[No Variations]"
Added Component: Designator=C9(0603P)
Added Component: Designator=C10(CAPC0603-RW)
Add component (AddParameter): Name = "Customer Specific"; Value = "N/A"; VariantName = "[No Variations]"
Add component (AddParameter): Name = "DIP&SMD"; Value = "SMD"; VariantName = "[No Variations]"
Add component (AddParameter): Name = "MFG"; Value = ""; VariantName = "[No Variations]"
Add component (AddParameter): Name = "MFG Part"; Value = ""; VariantName = "[No Variations]"
Add component (AddParameter): Name = "Other"; Value = "X7R"; VariantName = "[No Variations]"
Add component (AddParameter): Name = "PACKAGE"; Value = "CAPC0603"; VariantName = "[No Variations]"
Add component (AddParameter): Name = "SAP"; Value = "T542021537508"; VariantName = "[No Variations]"
Add component (AddParameter): Name = "Tolerance"; Value = "10%"; VariantName = "[No Variations]"
Add component (AddParameter): Name = "Type"; Value = "Capacitor"; VariantName = "[No Variations]"
Add component (AddParameter): Name = "Value"; Value = "1uF"; VariantName = "[No Variations]"
Add component (AddParameter): Name = "Vendor Code"; Value = "10010262"; VariantName = "[No Variations]"
Add component (AddParameter): Name = "Vendor Name"; Value = "东莞市晴远电子有限公司"; VariantName = "[No Variations]"
Add component (AddParameter): Name = "Voltage"; Value = "16V"; VariantName = "[No Variations]"
Added Component: Designator=C11(CASE - D)
Add component (AddParameter): Name = "Customer Specific"; Value = "N/A"; VariantName = "[No Variations]"
Add component (AddParameter): Name = "DIP&SMD"; Value = "SMD"; VariantName = "[No Variations]"
Add component (AddParameter): Name = "MFG"; Value = ""; VariantName = "[No Variations]"
Add component (AddParameter): Name = "MFG Part"; Value = ""; VariantName = "[No Variations]"
Add component (AddParameter): Name = "Other"; Value = ""; VariantName = "[No Variations]"
Add component (AddParameter): Name = "PACKAGE"; Value = "CASE - D"; VariantName = "[No Variations]"
Add component (AddParameter): Name = "SAP"; Value = "T551101434030"; VariantName = "[No Variations]"
Add component (AddParameter): Name = "Tolerance"; Value = "20%"; VariantName = "[No Variations]"
Add component (AddParameter): Name = "Type"; Value = "Capacitor"; VariantName = "[No Variations]"
Add component (AddParameter): Name = "Value"; Value = "10uF"; VariantName = "[No Variations]"
Add component (AddParameter): Name = "Vendor Code"; Value = "10020343"; VariantName = "[No Variations]"
Add component (AddParameter): Name = "Vendor Name"; Value = "深圳市春明电子有限公司"; VariantName = "[No Variations]"
Add component (AddParameter): Name = "Voltage"; Value = "6V"; VariantName = "[No Variations]"
Added Component: Designator=C12(CAPC0603-RW)
Add component (AddParameter): Name = "Customer Specific"; Value = "N/A"; VariantName = "[No Variations]"
Add component (AddParameter): Name = "DIP&SMD"; Value = "SMD"; VariantName = "[No Variations]"
Add component (AddParameter): Name = "MFG"; Value = ""; VariantName = "[No Variations]"
Add component (AddParameter): Name = "MFG Part"; Value = ""; VariantName = "[No Variations]"
Add component (AddParameter): Name = "Other"; Value = "X7R"; VariantName = "[No Variations]"
Add component (AddParameter): Name = "PACKAGE"; Value = "CAPC0603"; VariantName = "[No Variations]"
Add component (AddParameter): Name = "SAP"; Value = "T542021537508"; VariantName = "[No Variations]"
Add component (AddParameter): Name = "Tolerance"; Value = "10%"; VariantName = "[No Variations]"
Add component (AddParameter): Name = "Type"; Value = "Capacitor"; VariantName = "[No Variations]"
Add component (AddParameter): Name = "Value"; Value = "4.7uF"; VariantName = "[No Variations]"
Add component (AddParameter): Name = "Vendor Code"; Value = "10010262"; VariantName = "[No Variations]"
Add component (AddParameter): Name = "Vendor Name"; Value = "东莞市晴远电子有限公司"; VariantName = "[No Variations]"
Add component (AddParameter): Name = "Voltage"; Value = "6V"; VariantName = "[No Variations]"
Added Component: Designator=C13(CAPC0603-RW)
Add component (AddParameter): Name = "Customer Specific"; Value = "N/A"; VariantName = "[No Variations]"
Add component (AddParameter): Name = "DIP&SMD"; Value = "SMD"; VariantName = "[No Variations]"
Add component (AddParameter): Name = "MFG"; Value = ""; VariantName = "[No Variations]"
Add component (AddParameter): Name = "MFG Part"; Value = ""; VariantName = "[No Variations]"
Add component (AddParameter): Name = "Other"; Value = "X7R"; VariantName = "[No Variations]"
Add component (AddParameter): Name = "PACKAGE"; Value = "CAPC0603"; VariantName = "[No Variations]"
Add component (AddParameter): Name = "SAP"; Value = "T542021537508"; VariantName = "[No Variations]"
Add component (AddParameter): Name = "Tolerance"; Value = "10%"; VariantName = "[No Variations]"
Add component (AddParameter): Name = "Type"; Value = "Capacitor"; VariantName = "[No Variations]"
Add component (AddParameter): Name = "Value"; Value = "102"; VariantName = "[No Variations]"
Add component (AddParameter): Name = "Vendor Code"; Value = "10010262"; VariantName = "[No Variations]"
Add component (AddParameter): Name = "Vendor Name"; Value = "东莞市晴远电子有限公司"; VariantName = "[No Variations]"
Add component (AddParameter): Name = "Voltage"; Value = "6V"; VariantName = "[No Variations]"
Added Component: Designator=D1(DO-41-V-P5.08)
Add component (AddParameter): Name = "Current"; Value = "1A"; VariantName = "[No Variations]"
Add component (AddParameter): Name = "Customer Specific"; Value = "N/A"; VariantName = "[No Variations]"
Add component (AddParameter): Name = "DIP&SMD"; Value = "DIP"; VariantName = "[No Variations]"
Add component (AddParameter): Name = "MFG"; Value = "PANJIT"; VariantName = "[No Variations]"
Add component (AddParameter): Name = "MFG Part"; Value = "1N5401"; VariantName = "[No Variations]"
Add component (AddParameter): Name = "Package"; Value = "DO-41"; VariantName = "[No Variations]"
Add component (AddParameter): Name = "SAP"; Value = "T571002250423"; VariantName = "[No Variations]"
Add component (AddParameter): Name = "Type"; Value = "DIODE"; VariantName = "[No Variations]"
Add component (AddParameter): Name = "Vendor Code"; Value = "10020343"; VariantName = "[No Variations]"
Add component (AddParameter): Name = "Vendor Name"; Value = "深圳市春明电子有限公司"; VariantName = "[No Variations]"
Add component (AddParameter): Name = "Voltage"; Value = "400V"; VariantName = "[No Variations]"
Added Component: Designator=D2(SOD-323)
Add component (AddParameter): Name = "CREATE_NAME"; Value = "Nathan"; VariantName = "[No Variations]"
Add component (AddParameter): Name = "CREATE_TIME"; Value = "17-Nov-2020"; VariantName = "[No Variations]"
Add component (AddParameter): Name = "Current"; Value = ""; VariantName = "[No Variations]"
Add component (AddParameter): Name = "Customer Specific"; Value = "N/A"; VariantName = "[No Variations]"
Add component (AddParameter): Name = "DIP&SMD"; Value = "SMD"; VariantName = "[No Variations]"
Add component (AddParameter): Name = "MFG"; Value = "Micro Commercial Components"; VariantName = "[No Variations]"
Add component (AddParameter): Name = "MFG Part"; Value = "SD107WS"; VariantName = "[No Variations]"
Add component (AddParameter): Name = "Package"; Value = "SOD-323"; VariantName = "[No Variations]"
Add component (AddParameter): Name = "SAP"; Value = ""; VariantName = "[No Variations]"
Add component (AddParameter): Name = "Type"; Value = "DIODE"; VariantName = "[No Variations]"
Add component (AddParameter): Name = "Vendor Code"; Value = ""; VariantName = "[No Variations]"
Add component (AddParameter): Name = "Vendor Name"; Value = ""; VariantName = "[No Variations]"
Add component (AddParameter): Name = "Voltage"; Value = ""; VariantName = "[No Variations]"
Added Component: Designator=D3(SOD-523)
Add component (AddParameter): Name = "CREATE_NAME"; Value = "Nathan"; VariantName = "[No Variations]"
Add component (AddParameter): Name = "CREATE_TIME"; Value = "23-Jun-2020"; VariantName = "[No Variations]"
Add component (AddParameter): Name = "Current"; Value = "1A"; VariantName = "[No Variations]"
Add component (AddParameter): Name = "Customer Specific"; Value = "N/A"; VariantName = "[No Variations]"
Add component (AddParameter): Name = "DIP&SMD"; Value = "SMD"; VariantName = "[No Variations]"
Add component (AddParameter): Name = "MFG"; Value = "DIODES"; VariantName = "[No Variations]"
Add component (AddParameter): Name = "MFG Part"; Value = "1N4148WT"; VariantName = "[No Variations]"
Add component (AddParameter): Name = "Package"; Value = "SOD-123"; VariantName = "[No Variations]"
Add component (AddParameter): Name = "SAP"; Value = ""; VariantName = "[No Variations]"
Add component (AddParameter): Name = "Type"; Value = "DIODE"; VariantName = "[No Variations]"
Add component (AddParameter): Name = "Vendor Code"; Value = ""; VariantName = "[No Variations]"
Add component (AddParameter): Name = "Vendor Name"; Value = ""; VariantName = "[No Variations]"
Add component (AddParameter): Name = "Voltage"; Value = "75V"; VariantName = "[No Variations]"
Added Component: Designator=D4(SOD-323)
Add component (AddParameter): Name = "CREATE_NAME"; Value = "Nathan"; VariantName = "[No Variations]"
Add component (AddParameter): Name = "CREATE_TIME"; Value = "17-Nov-2020"; VariantName = "[No Variations]"
Add component (AddParameter): Name = "Current"; Value = ""; VariantName = "[No Variations]"
Add component (AddParameter): Name = "Customer Specific"; Value = "N/A"; VariantName = "[No Variations]"
Add component (AddParameter): Name = "DIP&SMD"; Value = "SMD"; VariantName = "[No Variations]"
Add component (AddParameter): Name = "MFG"; Value = "Micro Commercial Components"; VariantName = "[No Variations]"
Add component (AddParameter): Name = "MFG Part"; Value = "SD107WS"; VariantName = "[No Variations]"
Add component (AddParameter): Name = "Package"; Value = "SOD-323"; VariantName = "[No Variations]"
Add component (AddParameter): Name = "SAP"; Value = ""; VariantName = "[No Variations]"
Add component (AddParameter): Name = "Type"; Value = "DIODE"; VariantName = "[No Variations]"
Add component (AddParameter): Name = "Vendor Code"; Value = ""; VariantName = "[No Variations]"
Add component (AddParameter): Name = "Vendor Name"; Value = ""; VariantName = "[No Variations]"
Add component (AddParameter): Name = "Voltage"; Value = ""; VariantName = "[No Variations]"
Added Component: Designator=D5(SOD-523)
Add component (AddParameter): Name = "CREATE_NAME"; Value = "Nathan"; VariantName = "[No Variations]"
Add component (AddParameter): Name = "CREATE_TIME"; Value = "23-Jun-2020"; VariantName = "[No Variations]"
Add component (AddParameter): Name = "Current"; Value = "1A"; VariantName = "[No Variations]"
Add component (AddParameter): Name = "Customer Specific"; Value = "N/A"; VariantName = "[No Variations]"
Add component (AddParameter): Name = "DIP&SMD"; Value = "SMD"; VariantName = "[No Variations]"
Add component (AddParameter): Name = "MFG"; Value = "DIODES"; VariantName = "[No Variations]"
Add component (AddParameter): Name = "MFG Part"; Value = "1N4148WT"; VariantName = "[No Variations]"
Add component (AddParameter): Name = "Package"; Value = "SOD-123"; VariantName = "[No Variations]"
Add component (AddParameter): Name = "SAP"; Value = ""; VariantName = "[No Variations]"
Add component (AddParameter): Name = "Type"; Value = "DIODE"; VariantName = "[No Variations]"
Add component (AddParameter): Name = "Vendor Code"; Value = ""; VariantName = "[No Variations]"
Add component (AddParameter): Name = "Vendor Name"; Value = ""; VariantName = "[No Variations]"
Add component (AddParameter): Name = "Voltage"; Value = "75V"; VariantName = "[No Variations]"
Added Component: Designator=D6(SOD-323)
Add component (AddParameter): Name = "CREATE_NAME"; Value = "Nathan"; VariantName = "[No Variations]"
Add component (AddParameter): Name = "CREATE_TIME"; Value = "17-Nov-2020"; VariantName = "[No Variations]"
Add component (AddParameter): Name = "Current"; Value = ""; VariantName = "[No Variations]"
Add component (AddParameter): Name = "Customer Specific"; Value = "N/A"; VariantName = "[No Variations]"
Add component (AddParameter): Name = "DIP&SMD"; Value = "SMD"; VariantName = "[No Variations]"
Add component (AddParameter): Name = "MFG"; Value = "Micro Commercial Components"; VariantName = "[No Variations]"
Add component (AddParameter): Name = "MFG Part"; Value = "SD107WS"; VariantName = "[No Variations]"
Add component (AddParameter): Name = "Package"; Value = "SOD-323"; VariantName = "[No Variations]"
Add component (AddParameter): Name = "SAP"; Value = ""; VariantName = "[No Variations]"
Add component (AddParameter): Name = "Type"; Value = "DIODE"; VariantName = "[No Variations]"
Add component (AddParameter): Name = "Vendor Code"; Value = ""; VariantName = "[No Variations]"
Add component (AddParameter): Name = "Vendor Name"; Value = ""; VariantName = "[No Variations]"
Add component (AddParameter): Name = "Voltage"; Value = ""; VariantName = "[No Variations]"
Added Component: Designator=D7(SOD-323)
Add component (AddParameter): Name = "CREATE_NAME"; Value = "Nathan"; VariantName = "[No Variations]"
Add component (AddParameter): Name = "CREATE_TIME"; Value = "17-Nov-2020"; VariantName = "[No Variations]"
Add component (AddParameter): Name = "Current"; Value = ""; VariantName = "[No Variations]"
Add component (AddParameter): Name = "Customer Specific"; Value = "N/A"; VariantName = "[No Variations]"
Add component (AddParameter): Name = "DIP&SMD"; Value = "SMD"; VariantName = "[No Variations]"
Add component (AddParameter): Name = "MFG"; Value = "Micro Commercial Components"; VariantName = "[No Variations]"
Add component (AddParameter): Name = "MFG Part"; Value = "SD107WS"; VariantName = "[No Variations]"
Add component (AddParameter): Name = "Package"; Value = "SOD-323"; VariantName = "[No Variations]"
Add component (AddParameter): Name = "SAP"; Value = ""; VariantName = "[No Variations]"
Add component (AddParameter): Name = "Type"; Value = "DIODE"; VariantName = "[No Variations]"
Add component (AddParameter): Name = "Vendor Code"; Value = ""; VariantName = "[No Variations]"
Add component (AddParameter): Name = "Vendor Name"; Value = ""; VariantName = "[No Variations]"
Add component (AddParameter): Name = "Voltage"; Value = ""; VariantName = "[No Variations]"
Added Component: Designator=J1(CONN 2P PH=2.5mm HAA250A-2 WHITE)
Add component (AddParameter): Name = "CREATE_NAME"; Value = "Nathan"; VariantName = "[No Variations]"
Add component (AddParameter): Name = "CREATE_TIME"; Value = "24-Nov-2017"; VariantName = "[No Variations]"
Add component (AddParameter): Name = "Current"; Value = "3A"; VariantName = "[No Variations]"
Add component (AddParameter): Name = "DIP&SMD"; Value = "DIP"; VariantName = "[No Variations]"
Add component (AddParameter): Name = "MFG"; Value = "金瑞康"; VariantName = "[No Variations]"
Add component (AddParameter): Name = "MFG Part"; Value = "HAA250A-2 BLACK"; VariantName = "[No Variations]"
Add component (AddParameter): Name = "SAP"; Value = "T690300125300"; VariantName = "[No Variations]"
Add component (AddParameter): Name = "Type"; Value = "Connector"; VariantName = "[No Variations]"
Add component (AddParameter): Name = "Value"; Value = "2.5mm"; VariantName = "[No Variations]"
Add component (AddParameter): Name = "Vendor Code"; Value = ""; VariantName = "[No Variations]"
Add component (AddParameter): Name = "Vendor Name"; Value = ""; VariantName = "[No Variations]"
Added Component: Designator=J2(CONN 6P PH=2.5mm RA XHB-6AW-KL)
Add component (AddParameter): Name = "CREATE_NAME"; Value = "Nathan"; VariantName = "[No Variations]"
Add component (AddParameter): Name = "CREATE_TIME"; Value = "27-Sep-2017"; VariantName = "[No Variations]"
Add component (AddParameter): Name = "Current"; Value = ""; VariantName = "[No Variations]"
Add component (AddParameter): Name = "DIP&SMD"; Value = "DIP"; VariantName = "[No Variations]"
Add component (AddParameter): Name = "MFG"; Value = "金佳电子"; VariantName = "[No Variations]"
Add component (AddParameter): Name = "MFG Part"; Value = "XHB-6AW-KL"; VariantName = "[No Variations]"
Add component (AddParameter): Name = "SAP"; Value = "T690300121600"; VariantName = "[No Variations]"
Add component (AddParameter): Name = "Type"; Value = "Connector"; VariantName = "[No Variations]"
Add component (AddParameter): Name = "Value"; Value = "2.5mm"; VariantName = "[No Variations]"
Add component (AddParameter): Name = "Vendor Code"; Value = ""; VariantName = "[No Variations]"
Add component (AddParameter): Name = "Vendor Name"; Value = ""; VariantName = "[No Variations]"
Added Component: Designator=J3(CONN 4P PH=2.5mm B4B-XH-A)
Add component (AddParameter): Name = "Current"; Value = "3A"; VariantName = "[No Variations]"
Add component (AddParameter): Name = "DIP&SMD"; Value = "DIP"; VariantName = "[No Variations]"
Add component (AddParameter): Name = "MFG"; Value = ""; VariantName = "[No Variations]"
Add component (AddParameter): Name = "MFG Part"; Value = ""; VariantName = "[No Variations]"
Add component (AddParameter): Name = "SAP"; Value = "T690300029000"; VariantName = "[No Variations]"
Add component (AddParameter): Name = "Type"; Value = "Connector"; VariantName = "[No Variations]"
Add component (AddParameter): Name = "Value"; Value = "2.5mm"; VariantName = "[No Variations]"
Add component (AddParameter): Name = "Vendor Code"; Value = "10009989"; VariantName = "[No Variations]"
Add component (AddParameter): Name = "Vendor Name"; Value = "亿源电子有限公司"; VariantName = "[No Variations]"
Added Component: Designator=J4(CONN 5P PH=2.5mm B5B-XH-A)
Add component (AddParameter): Name = "Current"; Value = "3A"; VariantName = "[No Variations]"
Add component (AddParameter): Name = "DIP&SMD"; Value = "DIP"; VariantName = "[No Variations]"
Add component (AddParameter): Name = "MFG"; Value = ""; VariantName = "[No Variations]"
Add component (AddParameter): Name = "MFG Part"; Value = ""; VariantName = "[No Variations]"
Add component (AddParameter): Name = "SAP"; Value = "T690300029100"; VariantName = "[No Variations]"
Add component (AddParameter): Name = "Type"; Value = "Connector"; VariantName = "[No Variations]"
Add component (AddParameter): Name = "Value"; Value = "2.5mm"; VariantName = "[No Variations]"
Add component (AddParameter): Name = "Vendor Code"; Value = "10020373"; VariantName = "[No Variations]"
Add component (AddParameter): Name = "Vendor Name"; Value = "深圳市利民丰电子有限公司"; VariantName = "[No Variations]"
Added Component: Designator=K1(RELAY SLB4119)
Added Component: Designator=K2(RELAY SLB4119)
Added Component: Designator=L1(IND CSAB0740)
Add component (AddParameter): Name = "CREATE_NAME"; Value = "Nathan"; VariantName = "[No Variations]"
Add component (AddParameter): Name = "CREATE_TIME"; Value = "30-Aug-2019"; VariantName = "[No Variations]"
Add component (AddParameter): Name = "Current"; Value = "4A"; VariantName = "[No Variations]"
Add component (AddParameter): Name = "Customer Specific"; Value = "N/A"; VariantName = "[No Variations]"
Add component (AddParameter): Name = "DCR"; Value = "125 mohm (max.)"; VariantName = "[No Variations]"
Add component (AddParameter): Name = "DIP&SMD"; Value = "SMD"; VariantName = "[No Variations]"
Add component (AddParameter): Name = "MFG"; Value = "CODACA"; VariantName = "[No Variations]"
Add component (AddParameter): Name = "MFG Part"; Value = "CSAB0740-220M"; VariantName = "[No Variations]"
Add component (AddParameter): Name = "SAP"; Value = "T621000090500"; VariantName = "[No Variations]"
Add component (AddParameter): Name = "Tolerance"; Value = "20%"; VariantName = "[No Variations]"
Add component (AddParameter): Name = "Type"; Value = "INDUCTOR"; VariantName = "[No Variations]"
Add component (AddParameter): Name = "Value"; Value = "22uH"; VariantName = "[No Variations]"
Add component (AddParameter): Name = "Vendor Code"; Value = ""; VariantName = "[No Variations]"
Add component (AddParameter): Name = "Vendor Name"; Value = ""; VariantName = "[No Variations]"
Added Component: Designator=LED1(LED 0603 JH-CW52E12SMP001)
Add component (AddParameter): Name = "Color"; Value = "White"; VariantName = "[No Variations]"
Add component (AddParameter): Name = "CREATE_NAME"; Value = "Tom"; VariantName = "[No Variations]"
Add component (AddParameter): Name = "CREATE_TIME"; Value = ""; VariantName = "[No Variations]"
Add component (AddParameter): Name = "DIP&SMD"; Value = "SMD"; VariantName = "[No Variations]"
Add component (AddParameter): Name = "Lens Type"; Value = ""; VariantName = "[No Variations]"
Add component (AddParameter): Name = "MFG"; Value = "MINGSHOU"; VariantName = "[No Variations]"
Add component (AddParameter): Name = "MFG Part"; Value = "JH-CW52E12SMP001"; VariantName = "[No Variations]"
Add component (AddParameter): Name = "Package"; Value = "0603"; VariantName = "[No Variations]"
Add component (AddParameter): Name = "SAP"; Value = "T575013160258"; VariantName = "[No Variations]"
Add component (AddParameter): Name = "Type"; Value = "LED"; VariantName = "[No Variations]"
Added Component: Designator=P1(Motor&Bat connector)
Add component (AddParameter): Name = "Current"; Value = "5A"; VariantName = "[No Variations]"
Add component (AddParameter): Name = "DIP&SMD"; Value = "DIP"; VariantName = "[No Variations]"
Add component (AddParameter): Name = "MFG"; Value = "金明浩"; VariantName = "[No Variations]"
Add component (AddParameter): Name = "MFG Part"; Value = "DB8-6S1 N-Polar"; VariantName = "[No Variations]"
Add component (AddParameter): Name = "SAP"; Value = "T690300011500"; VariantName = "[No Variations]"
Add component (AddParameter): Name = "Type"; Value = "Connector"; VariantName = "[No Variations]"
Add component (AddParameter): Name = "Value"; Value = ""; VariantName = "[No Variations]"
Add component (AddParameter): Name = "Vendor Code"; Value = "10010007"; VariantName = "[No Variations]"
Add component (AddParameter): Name = "Vendor Name"; Value = "深圳市金明浩电子科技有限公司"; VariantName = "[No Variations]"
Added Component: Designator=P2(Motor&Bat connector)
Add component (AddParameter): Name = "Current"; Value = "5A"; VariantName = "[No Variations]"
Add component (AddParameter): Name = "DIP&SMD"; Value = "DIP"; VariantName = "[No Variations]"
Add component (AddParameter): Name = "MFG"; Value = "金明浩"; VariantName = "[No Variations]"
Add component (AddParameter): Name = "MFG Part"; Value = "DB8-6S1 N-Polar"; VariantName = "[No Variations]"
Add component (AddParameter): Name = "SAP"; Value = "T690300011500"; VariantName = "[No Variations]"
Add component (AddParameter): Name = "Type"; Value = "Connector"; VariantName = "[No Variations]"
Add component (AddParameter): Name = "Value"; Value = ""; VariantName = "[No Variations]"
Add component (AddParameter): Name = "Vendor Code"; Value = "10010007"; VariantName = "[No Variations]"
Add component (AddParameter): Name = "Vendor Name"; Value = "深圳市金明浩电子科技有限公司"; VariantName = "[No Variations]"
Added Component: Designator=Q1(SOT23-132-RW)
Add component (AddParameter): Name = "Customer Specific"; Value = "N/A"; VariantName = "[No Variations]"
Add component (AddParameter): Name = "DIP&SMD"; Value = "SMD"; VariantName = "[No Variations]"
Add component (AddParameter): Name = "MFG"; Value = "LRC"; VariantName = "[No Variations]"
Add component (AddParameter): Name = "MFG Part"; Value = "2N5551"; VariantName = "[No Variations]"
Add component (AddParameter): Name = "Package"; Value = "SOT-23"; VariantName = "[No Variations]"
Add component (AddParameter): Name = "Power"; Value = ""; VariantName = "[No Variations]"
Add component (AddParameter): Name = "SAP"; Value = "T581003640437"; VariantName = "[No Variations]"
Add component (AddParameter): Name = "Type"; Value = "NPN"; VariantName = "[No Variations]"
Add component (AddParameter): Name = "Vendor Code"; Value = "10009129"; VariantName = "[No Variations]"
Add component (AddParameter): Name = "Vendor Name"; Value = "WING HING ENTERPRISE CO"; VariantName = "[No Variations]"
Add component (AddParameter): Name = "Voltage"; Value = ""; VariantName = "[No Variations]"
Added Component: Designator=Q2(TO220-F)
Add component (AddParameter): Name = "Current"; Value = "12A"; VariantName = "[No Variations]"
Add component (AddParameter): Name = "Customer Specific"; Value = "N/A"; VariantName = "[No Variations]"
Add component (AddParameter): Name = "DIP&SMD"; Value = "DIP"; VariantName = "[No Variations]"
Add component (AddParameter): Name = "MFG"; Value = "UTC"; VariantName = "[No Variations]"
Add component (AddParameter): Name = "MFG Part"; Value = "12N60L-A-TF3-T"; VariantName = "[No Variations]"
Add component (AddParameter): Name = "Package"; Value = "TO220"; VariantName = "[No Variations]"
Add component (AddParameter): Name = "Power"; Value = ""; VariantName = "[No Variations]"
Add component (AddParameter): Name = "SAP"; Value = "T586002570924"; VariantName = "[No Variations]"
Add component (AddParameter): Name = "Type"; Value = "MOSFET"; VariantName = "[No Variations]"
Add component (AddParameter): Name = "Vendor Code"; Value = "10020223"; VariantName = "[No Variations]"
Add component (AddParameter): Name = "Vendor Name"; Value = "丰富利科技（深圳）有限公司"; VariantName = "[No Variations]"
Add component (AddParameter): Name = "Voltage"; Value = "600V"; VariantName = "[No Variations]"
Added Component: Designator=Q3(TO220-F)
Add component (AddParameter): Name = "Current"; Value = "12A"; VariantName = "[No Variations]"
Add component (AddParameter): Name = "Customer Specific"; Value = "N/A"; VariantName = "[No Variations]"
Add component (AddParameter): Name = "DIP&SMD"; Value = "DIP"; VariantName = "[No Variations]"
Add component (AddParameter): Name = "MFG"; Value = "UTC"; VariantName = "[No Variations]"
Add component (AddParameter): Name = "MFG Part"; Value = "12N60L-A-TF3-T"; VariantName = "[No Variations]"
Add component (AddParameter): Name = "Package"; Value = "TO220"; VariantName = "[No Variations]"
Add component (AddParameter): Name = "Power"; Value = ""; VariantName = "[No Variations]"
Add component (AddParameter): Name = "SAP"; Value = "T586002570924"; VariantName = "[No Variations]"
Add component (AddParameter): Name = "Type"; Value = "MOSFET"; VariantName = "[No Variations]"
Add component (AddParameter): Name = "Vendor Code"; Value = "10020223"; VariantName = "[No Variations]"
Add component (AddParameter): Name = "Vendor Name"; Value = "丰富利科技（深圳）有限公司"; VariantName = "[No Variations]"
Add component (AddParameter): Name = "Voltage"; Value = "600V"; VariantName = "[No Variations]"
Added Component: Designator=Q4(TO220-F)
Add component (AddParameter): Name = "Current"; Value = "12A"; VariantName = "[No Variations]"
Add component (AddParameter): Name = "Customer Specific"; Value = "N/A"; VariantName = "[No Variations]"
Add component (AddParameter): Name = "DIP&SMD"; Value = "DIP"; VariantName = "[No Variations]"
Add component (AddParameter): Name = "MFG"; Value = "UTC"; VariantName = "[No Variations]"
Add component (AddParameter): Name = "MFG Part"; Value = "12N60L-A-TF3-T"; VariantName = "[No Variations]"
Add component (AddParameter): Name = "Package"; Value = "TO220"; VariantName = "[No Variations]"
Add component (AddParameter): Name = "Power"; Value = ""; VariantName = "[No Variations]"
Add component (AddParameter): Name = "SAP"; Value = "T586002570924"; VariantName = "[No Variations]"
Add component (AddParameter): Name = "Type"; Value = "MOSFET"; VariantName = "[No Variations]"
Add component (AddParameter): Name = "Vendor Code"; Value = "10020223"; VariantName = "[No Variations]"
Add component (AddParameter): Name = "Vendor Name"; Value = "丰富利科技（深圳）有限公司"; VariantName = "[No Variations]"
Add component (AddParameter): Name = "Voltage"; Value = "600V"; VariantName = "[No Variations]"
Added Component: Designator=Q5(TO220-F)
Add component (AddParameter): Name = "Current"; Value = "12A"; VariantName = "[No Variations]"
Add component (AddParameter): Name = "Customer Specific"; Value = "N/A"; VariantName = "[No Variations]"
Add component (AddParameter): Name = "DIP&SMD"; Value = "DIP"; VariantName = "[No Variations]"
Add component (AddParameter): Name = "MFG"; Value = "UTC"; VariantName = "[No Variations]"
Add component (AddParameter): Name = "MFG Part"; Value = "12N60L-A-TF3-T"; VariantName = "[No Variations]"
Add component (AddParameter): Name = "Package"; Value = "TO220"; VariantName = "[No Variations]"
Add component (AddParameter): Name = "Power"; Value = ""; VariantName = "[No Variations]"
Add component (AddParameter): Name = "SAP"; Value = "T586002570924"; VariantName = "[No Variations]"
Add component (AddParameter): Name = "Type"; Value = "MOSFET"; VariantName = "[No Variations]"
Add component (AddParameter): Name = "Vendor Code"; Value = "10020223"; VariantName = "[No Variations]"
Add component (AddParameter): Name = "Vendor Name"; Value = "丰富利科技（深圳）有限公司"; VariantName = "[No Variations]"
Add component (AddParameter): Name = "Voltage"; Value = "600V"; VariantName = "[No Variations]"
Added Component: Designator=Q6(SOT23-132-RW)
Add component (AddParameter): Name = "Customer Specific"; Value = "N/A"; VariantName = "[No Variations]"
Add component (AddParameter): Name = "DIP&SMD"; Value = "SMD"; VariantName = "[No Variations]"
Add component (AddParameter): Name = "MFG"; Value = "LRC"; VariantName = "[No Variations]"
Add component (AddParameter): Name = "MFG Part"; Value = "2N5551"; VariantName = "[No Variations]"
Add component (AddParameter): Name = "Package"; Value = "SOT-23"; VariantName = "[No Variations]"
Add component (AddParameter): Name = "Power"; Value = ""; VariantName = "[No Variations]"
Add component (AddParameter): Name = "SAP"; Value = "T581003640437"; VariantName = "[No Variations]"
Add component (AddParameter): Name = "Type"; Value = "NPN"; VariantName = "[No Variations]"
Add component (AddParameter): Name = "Vendor Code"; Value = "10009129"; VariantName = "[No Variations]"
Add component (AddParameter): Name = "Vendor Name"; Value = "WING HING ENTERPRISE CO"; VariantName = "[No Variations]"
Add component (AddParameter): Name = "Voltage"; Value = ""; VariantName = "[No Variations]"
Added Component: Designator=Q7(SOT23-132-RW)
Add component (AddParameter): Name = "Customer Specific"; Value = "N/A"; VariantName = "[No Variations]"
Add component (AddParameter): Name = "DIP&SMD"; Value = "SMD"; VariantName = "[No Variations]"
Add component (AddParameter): Name = "MFG"; Value = "LRC"; VariantName = "[No Variations]"
Add component (AddParameter): Name = "MFG Part"; Value = "2N5551"; VariantName = "[No Variations]"
Add component (AddParameter): Name = "Package"; Value = "SOT-23"; VariantName = "[No Variations]"
Add component (AddParameter): Name = "Power"; Value = ""; VariantName = "[No Variations]"
Add component (AddParameter): Name = "SAP"; Value = "T581003640437"; VariantName = "[No Variations]"
Add component (AddParameter): Name = "Type"; Value = "NPN"; VariantName = "[No Variations]"
Add component (AddParameter): Name = "Vendor Code"; Value = "10009129"; VariantName = "[No Variations]"
Add component (AddParameter): Name = "Vendor Name"; Value = "WING HING ENTERPRISE CO"; VariantName = "[No Variations]"
Add component (AddParameter): Name = "Voltage"; Value = ""; VariantName = "[No Variations]"
Added Component: Designator=R1(0603-RW)
Add component (AddParameter): Name = "CREATE_NAME"; Value = "Tom"; VariantName = "[No Variations]"
Add component (AddParameter): Name = "CREATE_TIME"; Value = "12-Apr-2016"; VariantName = "[No Variations]"
Add component (AddParameter): Name = "Customer Specific"; Value = "N/A"; VariantName = "[No Variations]"
Add component (AddParameter): Name = "DIP&SMD"; Value = "SMD"; VariantName = "[No Variations]"
Add component (AddParameter): Name = "MFG"; Value = "WALSIN"; VariantName = "[No Variations]"
Add component (AddParameter): Name = "MFG Part"; Value = "WF06T3481BTL"; VariantName = "[No Variations]"
Add component (AddParameter): Name = "Package"; Value = "0603"; VariantName = "[No Variations]"
Add component (AddParameter): Name = "Power"; Value = "1/16 W"; VariantName = "[No Variations]"
Add component (AddParameter): Name = "SAP"; Value = "T501348102129"; VariantName = "[No Variations]"
Add component (AddParameter): Name = "TOL"; Value = "0.1%"; VariantName = "[No Variations]"
Add component (AddParameter): Name = "Type"; Value = "Resistor"; VariantName = "[No Variations]"
Add component (AddParameter): Name = "Value"; Value = "22k"; VariantName = "[No Variations]"
Add component (AddParameter): Name = "Vendor Code"; Value = ""; VariantName = "[No Variations]"
Add component (AddParameter): Name = "Vendor Name"; Value = ""; VariantName = "[No Variations]"
Added Component: Designator=R2(0603-RW)
Add component (AddParameter): Name = "CREATE_NAME"; Value = "Tom"; VariantName = "[No Variations]"
Add component (AddParameter): Name = "CREATE_TIME"; Value = "12-Apr-2016"; VariantName = "[No Variations]"
Add component (AddParameter): Name = "Customer Specific"; Value = "N/A"; VariantName = "[No Variations]"
Add component (AddParameter): Name = "DIP&SMD"; Value = "SMD"; VariantName = "[No Variations]"
Add component (AddParameter): Name = "MFG"; Value = "WALSIN"; VariantName = "[No Variations]"
Add component (AddParameter): Name = "MFG Part"; Value = "WF06T3481BTL"; VariantName = "[No Variations]"
Add component (AddParameter): Name = "Package"; Value = "0603"; VariantName = "[No Variations]"
Add component (AddParameter): Name = "Power"; Value = "1/16 W"; VariantName = "[No Variations]"
Add component (AddParameter): Name = "SAP"; Value = "T501348102129"; VariantName = "[No Variations]"
Add component (AddParameter): Name = "TOL"; Value = "0.1%"; VariantName = "[No Variations]"
Add component (AddParameter): Name = "Type"; Value = "Resistor"; VariantName = "[No Variations]"
Add component (AddParameter): Name = "Value"; Value = "1K"; VariantName = "[No Variations]"
Add component (AddParameter): Name = "Vendor Code"; Value = ""; VariantName = "[No Variations]"
Add component (AddParameter): Name = "Vendor Name"; Value = ""; VariantName = "[No Variations]"
Added Component: Designator=R3(0603-RW)
Add component (AddParameter): Name = "CREATE_NAME"; Value = "Tom"; VariantName = "[No Variations]"
Add component (AddParameter): Name = "CREATE_TIME"; Value = "12-Apr-2016"; VariantName = "[No Variations]"
Add component (AddParameter): Name = "Customer Specific"; Value = "N/A"; VariantName = "[No Variations]"
Add component (AddParameter): Name = "DIP&SMD"; Value = "SMD"; VariantName = "[No Variations]"
Add component (AddParameter): Name = "MFG"; Value = "WALSIN"; VariantName = "[No Variations]"
Add component (AddParameter): Name = "MFG Part"; Value = "WF06T3481BTL"; VariantName = "[No Variations]"
Add component (AddParameter): Name = "Package"; Value = "0603"; VariantName = "[No Variations]"
Add component (AddParameter): Name = "Power"; Value = "1/16 W"; VariantName = "[No Variations]"
Add component (AddParameter): Name = "SAP"; Value = "T501348102129"; VariantName = "[No Variations]"
Add component (AddParameter): Name = "TOL"; Value = "0.1%"; VariantName = "[No Variations]"
Add component (AddParameter): Name = "Type"; Value = "Resistor"; VariantName = "[No Variations]"
Add component (AddParameter): Name = "Value"; Value = "101"; VariantName = "[No Variations]"
Add component (AddParameter): Name = "Vendor Code"; Value = ""; VariantName = "[No Variations]"
Add component (AddParameter): Name = "Vendor Name"; Value = ""; VariantName = "[No Variations]"
Added Component: Designator=R4(0603-RW)
Add component (AddParameter): Name = "CREATE_NAME"; Value = "Tom"; VariantName = "[No Variations]"
Add component (AddParameter): Name = "CREATE_TIME"; Value = "12-Apr-2016"; VariantName = "[No Variations]"
Add component (AddParameter): Name = "Customer Specific"; Value = "N/A"; VariantName = "[No Variations]"
Add component (AddParameter): Name = "DIP&SMD"; Value = "SMD"; VariantName = "[No Variations]"
Add component (AddParameter): Name = "MFG"; Value = "WALSIN"; VariantName = "[No Variations]"
Add component (AddParameter): Name = "MFG Part"; Value = "WF06T3481BTL"; VariantName = "[No Variations]"
Add component (AddParameter): Name = "Package"; Value = "0603"; VariantName = "[No Variations]"
Add component (AddParameter): Name = "Power"; Value = "1/16 W"; VariantName = "[No Variations]"
Add component (AddParameter): Name = "SAP"; Value = "T501348102129"; VariantName = "[No Variations]"
Add component (AddParameter): Name = "TOL"; Value = "0.1%"; VariantName = "[No Variations]"
Add component (AddParameter): Name = "Type"; Value = "Resistor"; VariantName = "[No Variations]"
Add component (AddParameter): Name = "Value"; Value = "182K"; VariantName = "[No Variations]"
Add component (AddParameter): Name = "Vendor Code"; Value = ""; VariantName = "[No Variations]"
Add component (AddParameter): Name = "Vendor Name"; Value = ""; VariantName = "[No Variations]"
Added Component: Designator=R5(0603-RW)
Add component (AddParameter): Name = "CREATE_NAME"; Value = "Tom"; VariantName = "[No Variations]"
Add component (AddParameter): Name = "CREATE_TIME"; Value = "12-Apr-2016"; VariantName = "[No Variations]"
Add component (AddParameter): Name = "Customer Specific"; Value = "N/A"; VariantName = "[No Variations]"
Add component (AddParameter): Name = "DIP&SMD"; Value = "SMD"; VariantName = "[No Variations]"
Add component (AddParameter): Name = "MFG"; Value = "WALSIN"; VariantName = "[No Variations]"
Add component (AddParameter): Name = "MFG Part"; Value = "WF06T3481BTL"; VariantName = "[No Variations]"
Add component (AddParameter): Name = "Package"; Value = "0603"; VariantName = "[No Variations]"
Add component (AddParameter): Name = "Power"; Value = "1/16 W"; VariantName = "[No Variations]"
Add component (AddParameter): Name = "SAP"; Value = "T501348102129"; VariantName = "[No Variations]"
Add component (AddParameter): Name = "TOL"; Value = "0.1%"; VariantName = "[No Variations]"
Add component (AddParameter): Name = "Type"; Value = "Resistor"; VariantName = "[No Variations]"
Add component (AddParameter): Name = "Value"; Value = "0ohm"; VariantName = "[No Variations]"
Add component (AddParameter): Name = "Vendor Code"; Value = ""; VariantName = "[No Variations]"
Add component (AddParameter): Name = "Vendor Name"; Value = ""; VariantName = "[No Variations]"
Added Component: Designator=R6(0603-RW)
Add component (AddParameter): Name = "CREATE_NAME"; Value = "Tom"; VariantName = "[No Variations]"
Add component (AddParameter): Name = "CREATE_TIME"; Value = "12-Apr-2016"; VariantName = "[No Variations]"
Add component (AddParameter): Name = "Customer Specific"; Value = "N/A"; VariantName = "[No Variations]"
Add component (AddParameter): Name = "DIP&SMD"; Value = "SMD"; VariantName = "[No Variations]"
Add component (AddParameter): Name = "MFG"; Value = "WALSIN"; VariantName = "[No Variations]"
Add component (AddParameter): Name = "MFG Part"; Value = "WF06T3481BTL"; VariantName = "[No Variations]"
Add component (AddParameter): Name = "Package"; Value = "0603"; VariantName = "[No Variations]"
Add component (AddParameter): Name = "Power"; Value = "1/16 W"; VariantName = "[No Variations]"
Add component (AddParameter): Name = "SAP"; Value = "T501348102129"; VariantName = "[No Variations]"
Add component (AddParameter): Name = "TOL"; Value = "0.1%"; VariantName = "[No Variations]"
Add component (AddParameter): Name = "Type"; Value = "Resistor"; VariantName = "[No Variations]"
Add component (AddParameter): Name = "Value"; Value = "1k"; VariantName = "[No Variations]"
Add component (AddParameter): Name = "Vendor Code"; Value = ""; VariantName = "[No Variations]"
Add component (AddParameter): Name = "Vendor Name"; Value = ""; VariantName = "[No Variations]"
Added Component: Designator=R7(0603-RW)
Add component (AddParameter): Name = "CREATE_NAME"; Value = "Tom"; VariantName = "[No Variations]"
Add component (AddParameter): Name = "CREATE_TIME"; Value = "12-Apr-2016"; VariantName = "[No Variations]"
Add component (AddParameter): Name = "Customer Specific"; Value = "N/A"; VariantName = "[No Variations]"
Add component (AddParameter): Name = "DIP&SMD"; Value = "SMD"; VariantName = "[No Variations]"
Add component (AddParameter): Name = "MFG"; Value = "WALSIN"; VariantName = "[No Variations]"
Add component (AddParameter): Name = "MFG Part"; Value = "WF06T3481BTL"; VariantName = "[No Variations]"
Add component (AddParameter): Name = "Package"; Value = "0603"; VariantName = "[No Variations]"
Add component (AddParameter): Name = "Power"; Value = "1/16 W"; VariantName = "[No Variations]"
Add component (AddParameter): Name = "SAP"; Value = "T501348102129"; VariantName = "[No Variations]"
Add component (AddParameter): Name = "TOL"; Value = "0.1%"; VariantName = "[No Variations]"
Add component (AddParameter): Name = "Type"; Value = "Resistor"; VariantName = "[No Variations]"
Add component (AddParameter): Name = "Value"; Value = "10.5K"; VariantName = "[No Variations]"
Add component (AddParameter): Name = "Vendor Code"; Value = ""; VariantName = "[No Variations]"
Add component (AddParameter): Name = "Vendor Name"; Value = ""; VariantName = "[No Variations]"
Added Component: Designator=R8(0603-RW)
Add component (AddParameter): Name = "CREATE_NAME"; Value = "Tom"; VariantName = "[No Variations]"
Add component (AddParameter): Name = "CREATE_TIME"; Value = "12-Apr-2016"; VariantName = "[No Variations]"
Add component (AddParameter): Name = "Customer Specific"; Value = "N/A"; VariantName = "[No Variations]"
Add component (AddParameter): Name = "DIP&SMD"; Value = "SMD"; VariantName = "[No Variations]"
Add component (AddParameter): Name = "MFG"; Value = "WALSIN"; VariantName = "[No Variations]"
Add component (AddParameter): Name = "MFG Part"; Value = "WF06T3481BTL"; VariantName = "[No Variations]"
Add component (AddParameter): Name = "Package"; Value = "0603"; VariantName = "[No Variations]"
Add component (AddParameter): Name = "Power"; Value = "1/16 W"; VariantName = "[No Variations]"
Add component (AddParameter): Name = "SAP"; Value = "T501348102129"; VariantName = "[No Variations]"
Add component (AddParameter): Name = "TOL"; Value = "0.1%"; VariantName = "[No Variations]"
Add component (AddParameter): Name = "Type"; Value = "Resistor"; VariantName = "[No Variations]"
Add component (AddParameter): Name = "Value"; Value = "243K"; VariantName = "[No Variations]"
Add component (AddParameter): Name = "Vendor Code"; Value = ""; VariantName = "[No Variations]"
Add component (AddParameter): Name = "Vendor Name"; Value = ""; VariantName = "[No Variations]"
Added Component: Designator=R9(0603-RW)
Add component (AddParameter): Name = "CREATE_NAME"; Value = "Tom"; VariantName = "[No Variations]"
Add component (AddParameter): Name = "CREATE_TIME"; Value = "12-Apr-2016"; VariantName = "[No Variations]"
Add component (AddParameter): Name = "Customer Specific"; Value = "N/A"; VariantName = "[No Variations]"
Add component (AddParameter): Name = "DIP&SMD"; Value = "SMD"; VariantName = "[No Variations]"
Add component (AddParameter): Name = "MFG"; Value = "WALSIN"; VariantName = "[No Variations]"
Add component (AddParameter): Name = "MFG Part"; Value = "WF06T3481BTL"; VariantName = "[No Variations]"
Add component (AddParameter): Name = "Package"; Value = "0603"; VariantName = "[No Variations]"
Add component (AddParameter): Name = "Power"; Value = "1/16 W"; VariantName = "[No Variations]"
Add component (AddParameter): Name = "SAP"; Value = "T501348102129"; VariantName = "[No Variations]"
Add component (AddParameter): Name = "TOL"; Value = "0.1%"; VariantName = "[No Variations]"
Add component (AddParameter): Name = "Type"; Value = "Resistor"; VariantName = "[No Variations]"
Add component (AddParameter): Name = "Value"; Value = "10.2K"; VariantName = "[No Variations]"
Add component (AddParameter): Name = "Vendor Code"; Value = ""; VariantName = "[No Variations]"
Add component (AddParameter): Name = "Vendor Name"; Value = ""; VariantName = "[No Variations]"
Added Component: Designator=R10(0603-RW)
Add component (AddParameter): Name = "CREATE_NAME"; Value = "Tom"; VariantName = "[No Variations]"
Add component (AddParameter): Name = "CREATE_TIME"; Value = "12-Apr-2016"; VariantName = "[No Variations]"
Add component (AddParameter): Name = "Customer Specific"; Value = "N/A"; VariantName = "[No Variations]"
Add component (AddParameter): Name = "DIP&SMD"; Value = "SMD"; VariantName = "[No Variations]"
Add component (AddParameter): Name = "MFG"; Value = "WALSIN"; VariantName = "[No Variations]"
Add component (AddParameter): Name = "MFG Part"; Value = "WF06T3481BTL"; VariantName = "[No Variations]"
Add component (AddParameter): Name = "Package"; Value = "0603"; VariantName = "[No Variations]"
Add component (AddParameter): Name = "Power"; Value = "1/16 W"; VariantName = "[No Variations]"
Add component (AddParameter): Name = "SAP"; Value = "T501348102129"; VariantName = "[No Variations]"
Add component (AddParameter): Name = "TOL"; Value = "0.1%"; VariantName = "[No Variations]"
Add component (AddParameter): Name = "Type"; Value = "Resistor"; VariantName = "[No Variations]"
Add component (AddParameter): Name = "Value"; Value = "10R"; VariantName = "[No Variations]"
Add component (AddParameter): Name = "Vendor Code"; Value = ""; VariantName = "[No Variations]"
Add component (AddParameter): Name = "Vendor Name"; Value = ""; VariantName = "[No Variations]"
Added Component: Designator=R11(0603-RW)
Add component (AddParameter): Name = "CREATE_NAME"; Value = "Tom"; VariantName = "[No Variations]"
Add component (AddParameter): Name = "CREATE_TIME"; Value = "12-Apr-2016"; VariantName = "[No Variations]"
Add component (AddParameter): Name = "Customer Specific"; Value = "N/A"; VariantName = "[No Variations]"
Add component (AddParameter): Name = "DIP&SMD"; Value = "SMD"; VariantName = "[No Variations]"
Add component (AddParameter): Name = "MFG"; Value = "WALSIN"; VariantName = "[No Variations]"
Add component (AddParameter): Name = "MFG Part"; Value = "WF06T3481BTL"; VariantName = "[No Variations]"
Add component (AddParameter): Name = "Package"; Value = "0603"; VariantName = "[No Variations]"
Add component (AddParameter): Name = "Power"; Value = "1/16 W"; VariantName = "[No Variations]"
Add component (AddParameter): Name = "SAP"; Value = "T501348102129"; VariantName = "[No Variations]"
Add component (AddParameter): Name = "TOL"; Value = "0.1%"; VariantName = "[No Variations]"
Add component (AddParameter): Name = "Type"; Value = "Resistor"; VariantName = "[No Variations]"
Add component (AddParameter): Name = "Value"; Value = "4.7R"; VariantName = "[No Variations]"
Add component (AddParameter): Name = "Vendor Code"; Value = ""; VariantName = "[No Variations]"
Add component (AddParameter): Name = "Vendor Name"; Value = ""; VariantName = "[No Variations]"
Added Component: Designator=R12(0603-RW)
Add component (AddParameter): Name = "CREATE_NAME"; Value = "Tom"; VariantName = "[No Variations]"
Add component (AddParameter): Name = "CREATE_TIME"; Value = "12-Apr-2016"; VariantName = "[No Variations]"
Add component (AddParameter): Name = "Customer Specific"; Value = "N/A"; VariantName = "[No Variations]"
Add component (AddParameter): Name = "DIP&SMD"; Value = "SMD"; VariantName = "[No Variations]"
Add component (AddParameter): Name = "MFG"; Value = "WALSIN"; VariantName = "[No Variations]"
Add component (AddParameter): Name = "MFG Part"; Value = "WF06T3481BTL"; VariantName = "[No Variations]"
Add component (AddParameter): Name = "Package"; Value = "0603"; VariantName = "[No Variations]"
Add component (AddParameter): Name = "Power"; Value = "1/16 W"; VariantName = "[No Variations]"
Add component (AddParameter): Name = "SAP"; Value = "T501348102129"; VariantName = "[No Variations]"
Add component (AddParameter): Name = "TOL"; Value = "0.1%"; VariantName = "[No Variations]"
Add component (AddParameter): Name = "Type"; Value = "Resistor"; VariantName = "[No Variations]"
Add component (AddParameter): Name = "Value"; Value = "4.7R"; VariantName = "[No Variations]"
Add component (AddParameter): Name = "Vendor Code"; Value = ""; VariantName = "[No Variations]"
Add component (AddParameter): Name = "Vendor Name"; Value = ""; VariantName = "[No Variations]"
Added Component: Designator=R13(0603-RW)
Add component (AddParameter): Name = "CREATE_NAME"; Value = "Tom"; VariantName = "[No Variations]"
Add component (AddParameter): Name = "CREATE_TIME"; Value = "12-Apr-2016"; VariantName = "[No Variations]"
Add component (AddParameter): Name = "Customer Specific"; Value = "N/A"; VariantName = "[No Variations]"
Add component (AddParameter): Name = "DIP&SMD"; Value = "SMD"; VariantName = "[No Variations]"
Add component (AddParameter): Name = "MFG"; Value = "WALSIN"; VariantName = "[No Variations]"
Add component (AddParameter): Name = "MFG Part"; Value = "WF06T3481BTL"; VariantName = "[No Variations]"
Add component (AddParameter): Name = "Package"; Value = "0603"; VariantName = "[No Variations]"
Add component (AddParameter): Name = "Power"; Value = "1/16 W"; VariantName = "[No Variations]"
Add component (AddParameter): Name = "SAP"; Value = "T501348102129"; VariantName = "[No Variations]"
Add component (AddParameter): Name = "TOL"; Value = "0.1%"; VariantName = "[No Variations]"
Add component (AddParameter): Name = "Type"; Value = "Resistor"; VariantName = "[No Variations]"
Add component (AddParameter): Name = "Value"; Value = "10K"; VariantName = "[No Variations]"
Add component (AddParameter): Name = "Vendor Code"; Value = ""; VariantName = "[No Variations]"
Add component (AddParameter): Name = "Vendor Name"; Value = ""; VariantName = "[No Variations]"
Added Component: Designator=R14(0603-RW)
Add component (AddParameter): Name = "CREATE_NAME"; Value = "Tom"; VariantName = "[No Variations]"
Add component (AddParameter): Name = "CREATE_TIME"; Value = "12-Apr-2016"; VariantName = "[No Variations]"
Add component (AddParameter): Name = "Customer Specific"; Value = "N/A"; VariantName = "[No Variations]"
Add component (AddParameter): Name = "DIP&SMD"; Value = "SMD"; VariantName = "[No Variations]"
Add component (AddParameter): Name = "MFG"; Value = "WALSIN"; VariantName = "[No Variations]"
Add component (AddParameter): Name = "MFG Part"; Value = "WF06T3481BTL"; VariantName = "[No Variations]"
Add component (AddParameter): Name = "Package"; Value = "0603"; VariantName = "[No Variations]"
Add component (AddParameter): Name = "Power"; Value = "1/16 W"; VariantName = "[No Variations]"
Add component (AddParameter): Name = "SAP"; Value = "T501348102129"; VariantName = "[No Variations]"
Add component (AddParameter): Name = "TOL"; Value = "0.1%"; VariantName = "[No Variations]"
Add component (AddParameter): Name = "Type"; Value = "Resistor"; VariantName = "[No Variations]"
Add component (AddParameter): Name = "Value"; Value = "4.7R"; VariantName = "[No Variations]"
Add component (AddParameter): Name = "Vendor Code"; Value = ""; VariantName = "[No Variations]"
Add component (AddParameter): Name = "Vendor Name"; Value = ""; VariantName = "[No Variations]"
Added Component: Designator=R15(0603-RW)
Add component (AddParameter): Name = "CREATE_NAME"; Value = "Tom"; VariantName = "[No Variations]"
Add component (AddParameter): Name = "CREATE_TIME"; Value = "12-Apr-2016"; VariantName = "[No Variations]"
Add component (AddParameter): Name = "Customer Specific"; Value = "N/A"; VariantName = "[No Variations]"
Add component (AddParameter): Name = "DIP&SMD"; Value = "SMD"; VariantName = "[No Variations]"
Add component (AddParameter): Name = "MFG"; Value = "WALSIN"; VariantName = "[No Variations]"
Add component (AddParameter): Name = "MFG Part"; Value = "WF06T3481BTL"; VariantName = "[No Variations]"
Add component (AddParameter): Name = "Package"; Value = "0603"; VariantName = "[No Variations]"
Add component (AddParameter): Name = "Power"; Value = "1/16 W"; VariantName = "[No Variations]"
Add component (AddParameter): Name = "SAP"; Value = "T501348102129"; VariantName = "[No Variations]"
Add component (AddParameter): Name = "TOL"; Value = "0.1%"; VariantName = "[No Variations]"
Add component (AddParameter): Name = "Type"; Value = "Resistor"; VariantName = "[No Variations]"
Add component (AddParameter): Name = "Value"; Value = "100R"; VariantName = "[No Variations]"
Add component (AddParameter): Name = "Vendor Code"; Value = ""; VariantName = "[No Variations]"
Add component (AddParameter): Name = "Vendor Name"; Value = ""; VariantName = "[No Variations]"
Added Component: Designator=R16(0603-RW)
Add component (AddParameter): Name = "CREATE_NAME"; Value = "Tom"; VariantName = "[No Variations]"
Add component (AddParameter): Name = "CREATE_TIME"; Value = "12-Apr-2016"; VariantName = "[No Variations]"
Add component (AddParameter): Name = "Customer Specific"; Value = "N/A"; VariantName = "[No Variations]"
Add component (AddParameter): Name = "DIP&SMD"; Value = "SMD"; VariantName = "[No Variations]"
Add component (AddParameter): Name = "MFG"; Value = "WALSIN"; VariantName = "[No Variations]"
Add component (AddParameter): Name = "MFG Part"; Value = "WF06T3481BTL"; VariantName = "[No Variations]"
Add component (AddParameter): Name = "Package"; Value = "0603"; VariantName = "[No Variations]"
Add component (AddParameter): Name = "Power"; Value = "1/16 W"; VariantName = "[No Variations]"
Add component (AddParameter): Name = "SAP"; Value = "T501348102129"; VariantName = "[No Variations]"
Add component (AddParameter): Name = "TOL"; Value = "0.1%"; VariantName = "[No Variations]"
Add component (AddParameter): Name = "Type"; Value = "Resistor"; VariantName = "[No Variations]"
Add component (AddParameter): Name = "Value"; Value = "10K"; VariantName = "[No Variations]"
Add component (AddParameter): Name = "Vendor Code"; Value = ""; VariantName = "[No Variations]"
Add component (AddParameter): Name = "Vendor Name"; Value = ""; VariantName = "[No Variations]"
Added Component: Designator=R17(0603-RW)
Add component (AddParameter): Name = "CREATE_NAME"; Value = "Tom"; VariantName = "[No Variations]"
Add component (AddParameter): Name = "CREATE_TIME"; Value = "12-Apr-2016"; VariantName = "[No Variations]"
Add component (AddParameter): Name = "Customer Specific"; Value = "N/A"; VariantName = "[No Variations]"
Add component (AddParameter): Name = "DIP&SMD"; Value = "SMD"; VariantName = "[No Variations]"
Add component (AddParameter): Name = "MFG"; Value = "WALSIN"; VariantName = "[No Variations]"
Add component (AddParameter): Name = "MFG Part"; Value = "WF06T3481BTL"; VariantName = "[No Variations]"
Add component (AddParameter): Name = "Package"; Value = "0603"; VariantName = "[No Variations]"
Add component (AddParameter): Name = "Power"; Value = "1/16 W"; VariantName = "[No Variations]"
Add component (AddParameter): Name = "SAP"; Value = "T501348102129"; VariantName = "[No Variations]"
Add component (AddParameter): Name = "TOL"; Value = "0.1%"; VariantName = "[No Variations]"
Add component (AddParameter): Name = "Type"; Value = "Resistor"; VariantName = "[No Variations]"
Add component (AddParameter): Name = "Value"; Value = "102"; VariantName = "[No Variations]"
Add component (AddParameter): Name = "Vendor Code"; Value = ""; VariantName = "[No Variations]"
Add component (AddParameter): Name = "Vendor Name"; Value = ""; VariantName = "[No Variations]"
Added Component: Designator=R18(0603-RW)
Add component (AddParameter): Name = "CREATE_NAME"; Value = "Tom"; VariantName = "[No Variations]"
Add component (AddParameter): Name = "CREATE_TIME"; Value = "12-Apr-2016"; VariantName = "[No Variations]"
Add component (AddParameter): Name = "Customer Specific"; Value = "N/A"; VariantName = "[No Variations]"
Add component (AddParameter): Name = "DIP&SMD"; Value = "SMD"; VariantName = "[No Variations]"
Add component (AddParameter): Name = "MFG"; Value = "WALSIN"; VariantName = "[No Variations]"
Add component (AddParameter): Name = "MFG Part"; Value = "WF06T3481BTL"; VariantName = "[No Variations]"
Add component (AddParameter): Name = "Package"; Value = "0603"; VariantName = "[No Variations]"
Add component (AddParameter): Name = "Power"; Value = "1/16 W"; VariantName = "[No Variations]"
Add component (AddParameter): Name = "SAP"; Value = "T501348102129"; VariantName = "[No Variations]"
Add component (AddParameter): Name = "TOL"; Value = "0.1%"; VariantName = "[No Variations]"
Add component (AddParameter): Name = "Type"; Value = "Resistor"; VariantName = "[No Variations]"
Add component (AddParameter): Name = "Value"; Value = "1K"; VariantName = "[No Variations]"
Add component (AddParameter): Name = "Vendor Code"; Value = ""; VariantName = "[No Variations]"
Add component (AddParameter): Name = "Vendor Name"; Value = ""; VariantName = "[No Variations]"
Added Component: Designator=R19(5W-22X10-H)
Add component (AddParameter): Name = "Customer Specific"; Value = "N/A"; VariantName = "[No Variations]"
Add component (AddParameter): Name = "DIP&SMD"; Value = "DIP"; VariantName = "[No Variations]"
Add component (AddParameter): Name = "MFG"; Value = "Xingdacheng"; VariantName = "[No Variations]"
Add component (AddParameter): Name = "MFG Part"; Value = "RES 5W 5% 5.1 OHM W10D9.5L22H22 QHE"; VariantName = "[No Variations]"
Add component (AddParameter): Name = "Package"; Value = "5W"; VariantName = "[No Variations]"
Add component (AddParameter): Name = "Power"; Value = "2W"; VariantName = "[No Variations]"
Add component (AddParameter): Name = "SAP"; Value = "T710600010200"; VariantName = "[No Variations]"
Add component (AddParameter): Name = "TOL"; Value = "5%"; VariantName = "[No Variations]"
Add component (AddParameter): Name = "Type"; Value = "Resistor"; VariantName = "[No Variations]"
Add component (AddParameter): Name = "Value"; Value = "5mR"; VariantName = "[No Variations]"
Add component (AddParameter): Name = "Vendor Code"; Value = "10008495"; VariantName = "[No Variations]"
Add component (AddParameter): Name = "Vendor Name"; Value = "深圳市兴达诚电子有限公司"; VariantName = "[No Variations]"
Added Component: Designator=R20(0603-RW)
Add component (AddParameter): Name = "CREATE_NAME"; Value = "Tom"; VariantName = "[No Variations]"
Add component (AddParameter): Name = "CREATE_TIME"; Value = "12-Apr-2016"; VariantName = "[No Variations]"
Add component (AddParameter): Name = "Customer Specific"; Value = "N/A"; VariantName = "[No Variations]"
Add component (AddParameter): Name = "DIP&SMD"; Value = "SMD"; VariantName = "[No Variations]"
Add component (AddParameter): Name = "MFG"; Value = "WALSIN"; VariantName = "[No Variations]"
Add component (AddParameter): Name = "MFG Part"; Value = "WF06T3481BTL"; VariantName = "[No Variations]"
Add component (AddParameter): Name = "Package"; Value = "0603"; VariantName = "[No Variations]"
Add component (AddParameter): Name = "Power"; Value = "1/16 W"; VariantName = "[No Variations]"
Add component (AddParameter): Name = "SAP"; Value = "T501348102129"; VariantName = "[No Variations]"
Add component (AddParameter): Name = "TOL"; Value = "0.1%"; VariantName = "[No Variations]"
Add component (AddParameter): Name = "Type"; Value = "Resistor"; VariantName = "[No Variations]"
Add component (AddParameter): Name = "Value"; Value = "21K"; VariantName = "[No Variations]"
Add component (AddParameter): Name = "Vendor Code"; Value = ""; VariantName = "[No Variations]"
Add component (AddParameter): Name = "Vendor Name"; Value = ""; VariantName = "[No Variations]"
Added Component: Designator=R21(0603-RW)
Add component (AddParameter): Name = "CREATE_NAME"; Value = "Tom"; VariantName = "[No Variations]"
Add component (AddParameter): Name = "CREATE_TIME"; Value = "12-Apr-2016"; VariantName = "[No Variations]"
Add component (AddParameter): Name = "Customer Specific"; Value = "N/A"; VariantName = "[No Variations]"
Add component (AddParameter): Name = "DIP&SMD"; Value = "SMD"; VariantName = "[No Variations]"
Add component (AddParameter): Name = "MFG"; Value = "WALSIN"; VariantName = "[No Variations]"
Add component (AddParameter): Name = "MFG Part"; Value = "WF06T3481BTL"; VariantName = "[No Variations]"
Add component (AddParameter): Name = "Package"; Value = "0603"; VariantName = "[No Variations]"
Add component (AddParameter): Name = "Power"; Value = "1/16 W"; VariantName = "[No Variations]"
Add component (AddParameter): Name = "SAP"; Value = "T501348102129"; VariantName = "[No Variations]"
Add component (AddParameter): Name = "TOL"; Value = "0.1%"; VariantName = "[No Variations]"
Add component (AddParameter): Name = "Type"; Value = "Resistor"; VariantName = "[No Variations]"
Add component (AddParameter): Name = "Value"; Value = "1K"; VariantName = "[No Variations]"
Add component (AddParameter): Name = "Vendor Code"; Value = ""; VariantName = "[No Variations]"
Add component (AddParameter): Name = "Vendor Name"; Value = ""; VariantName = "[No Variations]"
Added Component: Designator=R22(0603-RW)
Add component (AddParameter): Name = "CREATE_NAME"; Value = "Tom"; VariantName = "[No Variations]"
Add component (AddParameter): Name = "CREATE_TIME"; Value = "12-Apr-2016"; VariantName = "[No Variations]"
Add component (AddParameter): Name = "Customer Specific"; Value = "N/A"; VariantName = "[No Variations]"
Add component (AddParameter): Name = "DIP&SMD"; Value = "SMD"; VariantName = "[No Variations]"
Add component (AddParameter): Name = "MFG"; Value = "WALSIN"; VariantName = "[No Variations]"
Add component (AddParameter): Name = "MFG Part"; Value = "WF06T3481BTL"; VariantName = "[No Variations]"
Add component (AddParameter): Name = "Package"; Value = "0603"; VariantName = "[No Variations]"
Add component (AddParameter): Name = "Power"; Value = "1/16 W"; VariantName = "[No Variations]"
Add component (AddParameter): Name = "SAP"; Value = "T501348102129"; VariantName = "[No Variations]"
Add component (AddParameter): Name = "TOL"; Value = "0.1%"; VariantName = "[No Variations]"
Add component (AddParameter): Name = "Type"; Value = "Resistor"; VariantName = "[No Variations]"
Add component (AddParameter): Name = "Value"; Value = "2.2k"; VariantName = "[No Variations]"
Add component (AddParameter): Name = "Vendor Code"; Value = ""; VariantName = "[No Variations]"
Add component (AddParameter): Name = "Vendor Name"; Value = ""; VariantName = "[No Variations]"
Added Component: Designator=R23(0603-RW)
Add component (AddParameter): Name = "CREATE_NAME"; Value = "Tom"; VariantName = "[No Variations]"
Add component (AddParameter): Name = "CREATE_TIME"; Value = "12-Apr-2016"; VariantName = "[No Variations]"
Add component (AddParameter): Name = "Customer Specific"; Value = "N/A"; VariantName = "[No Variations]"
Add component (AddParameter): Name = "DIP&SMD"; Value = "SMD"; VariantName = "[No Variations]"
Add component (AddParameter): Name = "MFG"; Value = "WALSIN"; VariantName = "[No Variations]"
Add component (AddParameter): Name = "MFG Part"; Value = "WF06T3481BTL"; VariantName = "[No Variations]"
Add component (AddParameter): Name = "Package"; Value = "0603"; VariantName = "[No Variations]"
Add component (AddParameter): Name = "Power"; Value = "1/16 W"; VariantName = "[No Variations]"
Add component (AddParameter): Name = "SAP"; Value = "T501348102129"; VariantName = "[No Variations]"
Add component (AddParameter): Name = "TOL"; Value = "0.1%"; VariantName = "[No Variations]"
Add component (AddParameter): Name = "Type"; Value = "Resistor"; VariantName = "[No Variations]"
Add component (AddParameter): Name = "Value"; Value = "2.2k"; VariantName = "[No Variations]"
Add component (AddParameter): Name = "Vendor Code"; Value = ""; VariantName = "[No Variations]"
Add component (AddParameter): Name = "Vendor Name"; Value = ""; VariantName = "[No Variations]"
Added Component: Designator=SW1(TS_6X6X8_DIP)
Add component (AddParameter): Name = "Current"; Value = ""; VariantName = "[No Variations]"
Add component (AddParameter): Name = "DIP&SMD"; Value = "DIP"; VariantName = "[No Variations]"
Add component (AddParameter): Name = "Force"; Value = "250gf"; VariantName = "[No Variations]"
Add component (AddParameter): Name = "MFG"; Value = "ShenZhen GanHad"; VariantName = "[No Variations]"
Add component (AddParameter): Name = "MFG Part"; Value = "TS-06V-8HM"; VariantName = "[No Variations]"
Add component (AddParameter): Name = "SAP"; Value = "T670200001500"; VariantName = "[No Variations]"
Add component (AddParameter): Name = "Type"; Value = "Switch"; VariantName = "[No Variations]"
Add component (AddParameter): Name = "Value"; Value = "TACT"; VariantName = "[No Variations]"
Add component (AddParameter): Name = "Vendor Code"; Value = ""; VariantName = "[No Variations]"
Add component (AddParameter): Name = "Vendor Name"; Value = ""; VariantName = "[No Variations]"
Add component (AddParameter): Name = "Voltage"; Value = ""; VariantName = "[No Variations]"
Added Component: Designator=U1(SO8-EP)
Added Component: Designator=U3(TSSOP20)
Add component (AddParameter): Name = "CREATE_NAME"; Value = "GordonL@Deftronics"; VariantName = "[No Variations]"
Add component (AddParameter): Name = "CREATE_TIME"; Value = "23-Mar-2014"; VariantName = "[No Variations]"
Add component (AddParameter): Name = "Customer Specific"; Value = "N/A"; VariantName = "[No Variations]"
Add component (AddParameter): Name = "DIP&SMD"; Value = "SMD"; VariantName = "[No Variations]"
Add component (AddParameter): Name = "MFG"; Value = "ST"; VariantName = "[No Variations]"
Add component (AddParameter): Name = "MFG Part"; Value = "STM8S003F3P6"; VariantName = "[No Variations]"
Add component (AddParameter): Name = "SAP"; Value = "T610300083725"; VariantName = "[No Variations]"
Add component (AddParameter): Name = "Type"; Value = "IC"; VariantName = "[No Variations]"
Add component (AddParameter): Name = "Vendor Code"; Value = ""; VariantName = "[No Variations]"
Add component (AddParameter): Name = "Vendor Name"; Value = ""; VariantName = "[No Variations]"
Added Component: Designator=U4(SO8)
Add component (AddParameter): Name = "CREATE_NAME"; Value = "Nathan"; VariantName = "[No Variations]"
Add component (AddParameter): Name = "CREATE_TIME"; Value = "14-Apr-2020"; VariantName = "[No Variations]"
Add component (AddParameter): Name = "Customer Specific"; Value = "N/A"; VariantName = "[No Variations]"
Add component (AddParameter): Name = "DIP&SMD"; Value = "SMD"; VariantName = "[No Variations]"
Add component (AddParameter): Name = "MFG"; Value = "Infineon"; VariantName = "[No Variations]"
Add component (AddParameter): Name = "MFG Part"; Value = "EG2106"; VariantName = "[No Variations]"
Add component (AddParameter): Name = "SAP"; Value = "T610900027257"; VariantName = "[No Variations]"
Add component (AddParameter): Name = "Type"; Value = "IC"; VariantName = "[No Variations]"
Add component (AddParameter): Name = "Vendor Code"; Value = ""; VariantName = "[No Variations]"
Add component (AddParameter): Name = "Vendor Name"; Value = ""; VariantName = "[No Variations]"
Added Component: Designator=U5(SO8)
Add component (AddParameter): Name = "Customer Specific"; Value = "N/A"; VariantName = "[No Variations]"
Add component (AddParameter): Name = "DIP&SMD"; Value = "SMD"; VariantName = "[No Variations]"
Add component (AddParameter): Name = "MFG"; Value = "National SEMI"; VariantName = "[No Variations]"
Add component (AddParameter): Name = "MFG Part"; Value = "LM358AM"; VariantName = "[No Variations]"
Add component (AddParameter): Name = "SAP"; Value = "T610500008001"; VariantName = "[No Variations]"
Add component (AddParameter): Name = "Type"; Value = "IC AMP"; VariantName = "[No Variations]"
Add component (AddParameter): Name = "Vendor Code"; Value = "10020355"; VariantName = "[No Variations]"
Add component (AddParameter): Name = "Vendor Name"; Value = "SERIAL MICROELECTRONICS (HK) LIMITE"; VariantName = "[No Variations]"
Added Component: Designator=UVLO1(0603-RW)
Add component (AddParameter): Name = "CREATE_NAME"; Value = "Tom"; VariantName = "[No Variations]"
Add component (AddParameter): Name = "CREATE_TIME"; Value = "12-Apr-2016"; VariantName = "[No Variations]"
Add component (AddParameter): Name = "Customer Specific"; Value = "N/A"; VariantName = "[No Variations]"
Add component (AddParameter): Name = "DIP&SMD"; Value = "SMD"; VariantName = "[No Variations]"
Add component (AddParameter): Name = "MFG"; Value = "WALSIN"; VariantName = "[No Variations]"
Add component (AddParameter): Name = "MFG Part"; Value = "WF06T3481BTL"; VariantName = "[No Variations]"
Add component (AddParameter): Name = "Package"; Value = "0603"; VariantName = "[No Variations]"
Add component (AddParameter): Name = "Power"; Value = "1/16 W"; VariantName = "[No Variations]"
Add component (AddParameter): Name = "SAP"; Value = "T501348102129"; VariantName = "[No Variations]"
Add component (AddParameter): Name = "TOL"; Value = "0.1%"; VariantName = "[No Variations]"
Add component (AddParameter): Name = "Type"; Value = "Resistor"; VariantName = "[No Variations]"
Add component (AddParameter): Name = "Value"; Value = "1.676M"; VariantName = "[No Variations]"
Add component (AddParameter): Name = "Vendor Code"; Value = ""; VariantName = "[No Variations]"
Add component (AddParameter): Name = "Vendor Name"; Value = ""; VariantName = "[No Variations]"
Added Component: Designator=UVLO2(0603-RW)
Add component (AddParameter): Name = "CREATE_NAME"; Value = "Tom"; VariantName = "[No Variations]"
Add component (AddParameter): Name = "CREATE_TIME"; Value = "12-Apr-2016"; VariantName = "[No Variations]"
Add component (AddParameter): Name = "Customer Specific"; Value = "N/A"; VariantName = "[No Variations]"
Add component (AddParameter): Name = "DIP&SMD"; Value = "SMD"; VariantName = "[No Variations]"
Add component (AddParameter): Name = "MFG"; Value = "WALSIN"; VariantName = "[No Variations]"
Add component (AddParameter): Name = "MFG Part"; Value = "WF06T3481BTL"; VariantName = "[No Variations]"
Add component (AddParameter): Name = "Package"; Value = "0603"; VariantName = "[No Variations]"
Add component (AddParameter): Name = "Power"; Value = "1/16 W"; VariantName = "[No Variations]"
Add component (AddParameter): Name = "SAP"; Value = "T501348102129"; VariantName = "[No Variations]"
Add component (AddParameter): Name = "TOL"; Value = "0.1%"; VariantName = "[No Variations]"
Add component (AddParameter): Name = "Type"; Value = "Resistor"; VariantName = "[No Variations]"
Add component (AddParameter): Name = "Value"; Value = "60K"; VariantName = "[No Variations]"
Add component (AddParameter): Name = "Vendor Code"; Value = ""; VariantName = "[No Variations]"
Add component (AddParameter): Name = "Vendor Name"; Value = ""; VariantName = "[No Variations]"
Added Pin To Net: NetName=15V Pin=C2-1
Added Pin To Net: NetName=15V Pin=C10-1
Added Pin To Net: NetName=15V Pin=D4-1
Added Pin To Net: NetName=15V Pin=L1-2
Added Pin To Net: NetName=15V Pin=R4-1
Added Pin To Net: NetName=15V Pin=R5-1
Added Pin To Net: NetName=15V Pin=R12-2
Added Net: Name=15V
Added Pin To Net: NetName=A_SEN Pin=C13-1
Added Pin To Net: NetName=A_SEN Pin=R18-2
Added Pin To Net: NetName=A_SEN Pin=U3-1
Added Net: Name=A_SEN
Added Pin To Net: NetName=B Pin=D7-1
Added Pin To Net: NetName=B Pin=K2-4
Added Pin To Net: NetName=B Pin=Q6-3
Added Net: Name=B
Added Pin To Net: NetName=BW Pin=R23-1
Added Pin To Net: NetName=BW Pin=U3-15
Added Net: Name=BW
Added Pin To Net: NetName=Err_IDC Pin=LED1-1
Added Pin To Net: NetName=Err_IDC Pin=U3-13
Added Net: Name=Err_IDC
Added Pin To Net: NetName=F Pin=D6-1
Added Pin To Net: NetName=F Pin=K1-4
Added Pin To Net: NetName=F Pin=Q7-3
Added Net: Name=F
Added Pin To Net: NetName=FW Pin=R22-1
Added Pin To Net: NetName=FW Pin=U3-16
Added Net: Name=FW
Added Pin To Net: NetName=GND Pin=C2-2
Added Pin To Net: NetName=GND Pin=C3-2
Added Pin To Net: NetName=GND Pin=C4-2
Added Pin To Net: NetName=GND Pin=C5-1
Added Pin To Net: NetName=GND Pin=C6-1
Added Pin To Net: NetName=GND Pin=C7-2
Added Pin To Net: NetName=GND Pin=C8-2
Added Pin To Net: NetName=GND Pin=C10-2
Added Pin To Net: NetName=GND Pin=C12-2
Added Pin To Net: NetName=GND Pin=C13-2
Added Pin To Net: NetName=GND Pin=D2-1
Added Pin To Net: NetName=GND Pin=J1-2
Added Pin To Net: NetName=GND Pin=J2-1
Added Pin To Net: NetName=GND Pin=J2-4
Added Pin To Net: NetName=GND Pin=J3-4
Added Pin To Net: NetName=GND Pin=J4-5
Added Pin To Net: NetName=GND Pin=P1-2
Added Pin To Net: NetName=GND Pin=Q1-2
Added Pin To Net: NetName=GND Pin=Q6-2
Added Pin To Net: NetName=GND Pin=Q7-2
Added Pin To Net: NetName=GND Pin=R6-1
Added Pin To Net: NetName=GND Pin=R8-1
Added Pin To Net: NetName=GND Pin=R9-2
Added Pin To Net: NetName=GND Pin=R19-1
Added Pin To Net: NetName=GND Pin=R21-1
Added Pin To Net: NetName=GND Pin=SW1-4
Added Pin To Net: NetName=GND Pin=U1-0
Added Pin To Net: NetName=GND Pin=U1-7
Added Pin To Net: NetName=GND Pin=U3-7
Added Pin To Net: NetName=GND Pin=U4-4
Added Pin To Net: NetName=GND Pin=U5-4
Added Pin To Net: NetName=GND Pin=UVLO2-1
Added Net: Name=GND
Added Pin To Net: NetName=H/L/BRK Pin=J2-5
Added Pin To Net: NetName=H/L/BRK Pin=U3-5
Added Net: Name=H/L/BRK
Added Pin To Net: NetName=Hall Pin=J2-2
Added Pin To Net: NetName=Hall Pin=U3-6
Added Net: Name=Hall
Added Pin To Net: NetName=HI Pin=U3-17
Added Pin To Net: NetName=HI Pin=U4-2
Added Net: Name=HI
Added Pin To Net: NetName=HO Pin=D3-2
Added Pin To Net: NetName=HO Pin=R11-1
Added Pin To Net: NetName=HO Pin=U4-7
Added Net: Name=HO
Added Pin To Net: NetName=LI Pin=U3-19
Added Pin To Net: NetName=LI Pin=U4-3
Added Net: Name=LI
Added Pin To Net: NetName=LO Pin=D5-2
Added Pin To Net: NetName=LO Pin=R15-1
Added Pin To Net: NetName=LO Pin=U4-5
Added Net: Name=LO
Added Pin To Net: NetName=MOS_DET Pin=U3-20
Added Net: Name=MOS_DET
Added Pin To Net: NetName=NetC1_1 Pin=C1-1
Added Pin To Net: NetName=NetC1_1 Pin=U1-1
Added Net: Name=NetC1_1
Added Pin To Net: NetName=NetC1_2 Pin=C1-2
Added Pin To Net: NetName=NetC1_2 Pin=D2-2
Added Pin To Net: NetName=NetC1_2 Pin=L1-1
Added Pin To Net: NetName=NetC1_2 Pin=U1-8
Added Net: Name=NetC1_2
Added Pin To Net: NetName=NetC5_2 Pin=C5-2
Added Pin To Net: NetName=NetC5_2 Pin=R5-2
Added Net: Name=NetC5_2
Added Pin To Net: NetName=NetC7_1 Pin=C7-1
Added Pin To Net: NetName=NetC7_1 Pin=R7-1
Added Pin To Net: NetName=NetC7_1 Pin=U1-6
Added Net: Name=NetC7_1
Added Pin To Net: NetName=NetC8_1 Pin=C8-1
Added Pin To Net: NetName=NetC8_1 Pin=R7-2
Added Net: Name=NetC8_1
Added Pin To Net: NetName=NetC9_1 Pin=C9-1
Added Pin To Net: NetName=NetC9_1 Pin=K2-5
Added Pin To Net: NetName=NetC9_1 Pin=K2-6
Added Pin To Net: NetName=NetC9_1 Pin=K2-7
Added Pin To Net: NetName=NetC9_1 Pin=P2-1
Added Net: Name=NetC9_1
Added Pin To Net: NetName=NetC9_2 Pin=C9-2
Added Pin To Net: NetName=NetC9_2 Pin=R10-2
Added Net: Name=NetC9_2
Added Pin To Net: NetName=NetC11_1 Pin=C11-1
Added Pin To Net: NetName=NetC11_1 Pin=D4-2
Added Pin To Net: NetName=NetC11_1 Pin=U4-8
Added Net: Name=NetC11_1
Added Pin To Net: NetName=NetC11_2 Pin=C11-2
Added Pin To Net: NetName=NetC11_2 Pin=R14-1
Added Pin To Net: NetName=NetC11_2 Pin=U4-6
Added Net: Name=NetC11_2
Added Pin To Net: NetName=NetD1_1 Pin=D1-1
Added Pin To Net: NetName=NetD1_1 Pin=J1-1
Added Pin To Net: NetName=NetD1_1 Pin=R1-2
Added Net: Name=NetD1_1
Added Pin To Net: NetName=NetD3_1 Pin=D3-1
Added Pin To Net: NetName=NetD3_1 Pin=Q2-1
Added Pin To Net: NetName=NetD3_1 Pin=Q3-1
Added Pin To Net: NetName=NetD3_1 Pin=R11-2
Added Pin To Net: NetName=NetD3_1 Pin=R13-2
Added Net: Name=NetD3_1
Added Pin To Net: NetName=NetD5_1 Pin=D5-1
Added Pin To Net: NetName=NetD5_1 Pin=Q4-1
Added Pin To Net: NetName=NetD5_1 Pin=Q5-1
Added Pin To Net: NetName=NetD5_1 Pin=R15-2
Added Pin To Net: NetName=NetD5_1 Pin=R16-2
Added Net: Name=NetD5_1
Added Pin To Net: NetName=NetJ2_3 Pin=J2-3
Added Pin To Net: NetName=NetJ2_3 Pin=R3-1
Added Net: Name=NetJ2_3
Added Pin To Net: NetName=NetK1_2 Pin=K1-2
Added Pin To Net: NetName=NetK1_2 Pin=K2-2
Added Pin To Net: NetName=NetK1_2 Pin=Q2-3
Added Pin To Net: NetName=NetK1_2 Pin=Q3-3
Added Pin To Net: NetName=NetK1_2 Pin=Q4-2
Added Pin To Net: NetName=NetK1_2 Pin=Q5-2
Added Pin To Net: NetName=NetK1_2 Pin=R13-1
Added Pin To Net: NetName=NetK1_2 Pin=R14-2
Added Net: Name=NetK1_2
Added Pin To Net: NetName=NetK1_5 Pin=K1-5
Added Pin To Net: NetName=NetK1_5 Pin=K1-6
Added Pin To Net: NetName=NetK1_5 Pin=K1-7
Added Pin To Net: NetName=NetK1_5 Pin=P2-2
Added Pin To Net: NetName=NetK1_5 Pin=R10-1
Added Net: Name=NetK1_5
Added Pin To Net: NetName=NetLED1_2 Pin=LED1-2
Added Pin To Net: NetName=NetLED1_2 Pin=R2-1
Added Net: Name=NetLED1_2
Added Pin To Net: NetName=NetQ1_1 Pin=Q1-1
Added Pin To Net: NetName=NetQ1_1 Pin=R1-1
Added Pin To Net: NetName=NetQ1_1 Pin=R6-2
Added Net: Name=NetQ1_1
Added Pin To Net: NetName=NetQ4_3 Pin=Q4-3
Added Pin To Net: NetName=NetQ4_3 Pin=Q5-3
Added Pin To Net: NetName=NetQ4_3 Pin=R16-1
Added Pin To Net: NetName=NetQ4_3 Pin=R17-2
Added Pin To Net: NetName=NetQ4_3 Pin=R19-2
Added Net: Name=NetQ4_3
Added Pin To Net: NetName=NetQ6_1 Pin=Q6-1
Added Pin To Net: NetName=NetQ6_1 Pin=R23-2
Added Net: Name=NetQ6_1
Added Pin To Net: NetName=NetQ7_1 Pin=Q7-1
Added Pin To Net: NetName=NetQ7_1 Pin=R22-2
Added Net: Name=NetQ7_1
Added Pin To Net: NetName=NetR4_2 Pin=R4-2
Added Pin To Net: NetName=NetR4_2 Pin=R9-1
Added Pin To Net: NetName=NetR4_2 Pin=U1-5
Added Net: Name=NetR4_2
Added Pin To Net: NetName=NetR8_2 Pin=R8-2
Added Pin To Net: NetName=NetR8_2 Pin=U1-4
Added Net: Name=NetR8_2
Added Pin To Net: NetName=NetR12_1 Pin=R12-1
Added Pin To Net: NetName=NetR12_1 Pin=U4-1
Added Net: Name=NetR12_1
Added Pin To Net: NetName=NetR17_1 Pin=R17-1
Added Pin To Net: NetName=NetR17_1 Pin=U5-3
Added Net: Name=NetR17_1
Added Pin To Net: NetName=NetR18_1 Pin=R18-1
Added Pin To Net: NetName=NetR18_1 Pin=R20-2
Added Pin To Net: NetName=NetR18_1 Pin=U5-1
Added Net: Name=NetR18_1
Added Pin To Net: NetName=NetR20_1 Pin=R20-1
Added Pin To Net: NetName=NetR20_1 Pin=R21-2
Added Pin To Net: NetName=NetR20_1 Pin=U5-2
Added Net: Name=NetR20_1
Added Pin To Net: NetName=NetU1_3 Pin=U1-3
Added Pin To Net: NetName=NetU1_3 Pin=UVLO1-1
Added Pin To Net: NetName=NetU1_3 Pin=UVLO2-2
Added Net: Name=NetU1_3
Added Pin To Net: NetName=OCP/TX Pin=J3-3
Added Pin To Net: NetName=OCP/TX Pin=U3-2
Added Net: Name=OCP/TX
Added Pin To Net: NetName=PLC Pin=U3-11
Added Net: Name=PLC
Added Pin To Net: NetName=RST Pin=J4-4
Added Pin To Net: NetName=RST Pin=U3-4
Added Net: Name=RST
Added Pin To Net: NetName=RX Pin=J3-2
Added Pin To Net: NetName=RX Pin=U3-3
Added Net: Name=RX
Added Pin To Net: NetName=SCL Pin=J4-3
Added Pin To Net: NetName=SCL Pin=Q1-3
Added Pin To Net: NetName=SCL Pin=U3-18
Added Net: Name=SCL
Added Pin To Net: NetName=SDA Pin=J4-2
Added Pin To Net: NetName=SDA Pin=U3-8
Added Net: Name=SDA
Added Pin To Net: NetName=SW Pin=SW1-2
Added Pin To Net: NetName=SW Pin=U3-12
Added Net: Name=SW
Added Pin To Net: NetName=V_Bat Pin=C3-1
Added Pin To Net: NetName=V_Bat Pin=C4-1
Added Pin To Net: NetName=V_Bat Pin=D1-2
Added Pin To Net: NetName=V_Bat Pin=D6-2
Added Pin To Net: NetName=V_Bat Pin=D7-2
Added Pin To Net: NetName=V_Bat Pin=K1-1
Added Pin To Net: NetName=V_Bat Pin=K1-3
Added Pin To Net: NetName=V_Bat Pin=K2-1
Added Pin To Net: NetName=V_Bat Pin=K2-3
Added Pin To Net: NetName=V_Bat Pin=P1-1
Added Pin To Net: NetName=V_Bat Pin=Q2-2
Added Pin To Net: NetName=V_Bat Pin=Q3-2
Added Pin To Net: NetName=V_Bat Pin=U1-2
Added Pin To Net: NetName=V_Bat Pin=UVLO1-2
Added Net: Name=V_Bat
Added Pin To Net: NetName=V_DET Pin=U3-14
Added Net: Name=V_DET
Added Pin To Net: NetName=VDD Pin=C6-2
Added Pin To Net: NetName=VDD Pin=C12-1
Added Pin To Net: NetName=VDD Pin=J2-6
Added Pin To Net: NetName=VDD Pin=J3-1
Added Pin To Net: NetName=VDD Pin=J4-1
Added Pin To Net: NetName=VDD Pin=R2-2
Added Pin To Net: NetName=VDD Pin=R3-2
Added Pin To Net: NetName=VDD Pin=U3-9
Added Pin To Net: NetName=VDD Pin=U5-8
Added Net: Name=VDD
Added Class: Name=Single motor monitoring Beta
Added Room: Name=Single motor monitoring Beta
