Added Component: Designator=K1(RELAY SLB4119)
Added Component: Designator=K2(RELAY SLB4119)
Added Pin To Net: NetName=V_Bat Pin=K1-1
Added Pin To Net: NetName=NetK1_2 Pin=K1-2
Added Pin To Net: NetName=V_Bat Pin=K1-3
Added Pin To Net: NetName=F Pin=K1-4
Added Pin To Net: NetName=M1 Pin=K1-6
Added Pin To Net: NetName=V_Bat Pin=K2-1
Added Pin To Net: NetName=NetK1_2 Pin=K2-2
Added Pin To Net: NetName=V_Bat Pin=K2-3
Added Pin To Net: NetName=B Pin=K2-4
Added Pin To Net: NetName=M2 Pin=K2-6
Added Pin To Net: NetName=NetK1_5 Pin=K1-5
Added Pin To Net: NetName=NetK1_5 Pin=K1-7
Added Net: Name=NetK1_5
Added Pin To Net: NetName=NetK2_5 Pin=K2-5
Added Pin To Net: NetName=NetK2_5 Pin=K2-7
Added Net: Name=NetK2_5
Added Member To Class: ClassName=Single motor monitoring Beta Member=Component K1 SLB4119
Added Member To Class: ClassName=Single motor monitoring Beta Member=Component K2 SLB4119
