Change Component Footprint: Designator=D3 Old Footprint=SMB New Footprint=SMA
Change Component Footprint: Designator=D5 Old Footprint=SMB New Footprint=SMA
Change Component Footprint: Designator=D6 Old Footprint=SMB New Footprint=SMA
Change Component Footprint: Designator=D7 Old Footprint=SMB New Footprint=SMA
Change Component Comment : Designator=D3 Old Comment=T571002930249 New Comment=SMAJ36A-13-F
Change Component Comment : Designator=D5 Old Comment=T571002930249 New Comment=SMAJ36A-13-F
Change Component Comment : Designator=D6 Old Comment=T571002930249 New Comment=SMAJ36A-13-F
Change Component Comment : Designator=D7 Old Comment=T571002930249 New Comment=SMAJ36A-13-F
Change component parameters: Designator = "D3" ("D3"); Footprint = "SMB"; UniqueID = "\HLYSBPXP" ("\HLYSBPXP")
Change component parameters (AddParameter): Name = "CREATE_NAME"; Value = "Nathan"; VariantName = "[No Variations]"
Change component parameters (AddParameter): Name = "CREATE_TIME"; Value = "16-Oct-2020"; VariantName = "[No Variations]"
Change component parameters (AddParameter): Name = "Customer Specific"; Value = "N/A"; VariantName = "[No Variations]"
Change component parameters (AddParameter): Name = "DIP&SMD"; Value = "SMD"; VariantName = "[No Variations]"
Change component parameters (AddParameter): Name = "Ippm"; Value = ""; VariantName = "[No Variations]"
Change component parameters (AddParameter): Name = "MFG"; Value = "DIODE"; VariantName = "[No Variations]"
Change component parameters (AddParameter): Name = "MFG Part"; Value = "SMAJ36A-13-F"; VariantName = "[No Variations]"
Change component parameters (AddParameter): Name = "Package"; Value = "SMA"; VariantName = "[No Variations]"
Change component parameters (AddParameter): Name = "SAP"; Value = ""; VariantName = "[No Variations]"
Change component parameters (AddParameter): Name = "Type"; Value = "DIODE"; VariantName = "[No Variations]"
Change component parameters (AddParameter): Name = "Vendor Code"; Value = ""; VariantName = "[No Variations]"
Change component parameters (AddParameter): Name = "Vendor Name"; Value = ""; VariantName = "[No Variations]"
Change component parameters (AddParameter): Name = "Voltage"; Value = ""; VariantName = "[No Variations]"
Change component parameters: Designator = "D5" ("D5"); Footprint = "SMB"; UniqueID = "\QRQFRYAF" ("\QRQFRYAF")
Change component parameters (AddParameter): Name = "CREATE_NAME"; Value = "Nathan"; VariantName = "[No Variations]"
Change component parameters (AddParameter): Name = "CREATE_TIME"; Value = "16-Oct-2020"; VariantName = "[No Variations]"
Change component parameters (AddParameter): Name = "Customer Specific"; Value = "N/A"; VariantName = "[No Variations]"
Change component parameters (AddParameter): Name = "DIP&SMD"; Value = "SMD"; VariantName = "[No Variations]"
Change component parameters (AddParameter): Name = "Ippm"; Value = ""; VariantName = "[No Variations]"
Change component parameters (AddParameter): Name = "MFG"; Value = "DIODE"; VariantName = "[No Variations]"
Change component parameters (AddParameter): Name = "MFG Part"; Value = "SMAJ36A-13-F"; VariantName = "[No Variations]"
Change component parameters (AddParameter): Name = "Package"; Value = "SMA"; VariantName = "[No Variations]"
Change component parameters (AddParameter): Name = "SAP"; Value = ""; VariantName = "[No Variations]"
Change component parameters (AddParameter): Name = "Type"; Value = "DIODE"; VariantName = "[No Variations]"
Change component parameters (AddParameter): Name = "Vendor Code"; Value = ""; VariantName = "[No Variations]"
Change component parameters (AddParameter): Name = "Vendor Name"; Value = ""; VariantName = "[No Variations]"
Change component parameters (AddParameter): Name = "Voltage"; Value = ""; VariantName = "[No Variations]"
Change component parameters: Designator = "D6" ("D6"); Footprint = "SMB"; UniqueID = "\ZOABIBDF" ("\ZOABIBDF")
Change component parameters (AddParameter): Name = "CREATE_NAME"; Value = "Nathan"; VariantName = "[No Variations]"
Change component parameters (AddParameter): Name = "CREATE_TIME"; Value = "16-Oct-2020"; VariantName = "[No Variations]"
Change component parameters (AddParameter): Name = "Customer Specific"; Value = "N/A"; VariantName = "[No Variations]"
Change component parameters (AddParameter): Name = "DIP&SMD"; Value = "SMD"; VariantName = "[No Variations]"
Change component parameters (AddParameter): Name = "Ippm"; Value = ""; VariantName = "[No Variations]"
Change component parameters (AddParameter): Name = "MFG"; Value = "DIODE"; VariantName = "[No Variations]"
Change component parameters (AddParameter): Name = "MFG Part"; Value = "SMAJ36A-13-F"; VariantName = "[No Variations]"
Change component parameters (AddParameter): Name = "Package"; Value = "SMA"; VariantName = "[No Variations]"
Change component parameters (AddParameter): Name = "SAP"; Value = ""; VariantName = "[No Variations]"
Change component parameters (AddParameter): Name = "Type"; Value = "DIODE"; VariantName = "[No Variations]"
Change component parameters (AddParameter): Name = "Vendor Code"; Value = ""; VariantName = "[No Variations]"
Change component parameters (AddParameter): Name = "Vendor Name"; Value = ""; VariantName = "[No Variations]"
Change component parameters (AddParameter): Name = "Voltage"; Value = ""; VariantName = "[No Variations]"
Change component parameters: Designator = "D7" ("D7"); Footprint = "SMB"; UniqueID = "\FEGJFZUK" ("\FEGJFZUK")
Change component parameters (AddParameter): Name = "CREATE_NAME"; Value = "Nathan"; VariantName = "[No Variations]"
Change component parameters (AddParameter): Name = "CREATE_TIME"; Value = "16-Oct-2020"; VariantName = "[No Variations]"
Change component parameters (AddParameter): Name = "Customer Specific"; Value = "N/A"; VariantName = "[No Variations]"
Change component parameters (AddParameter): Name = "DIP&SMD"; Value = "SMD"; VariantName = "[No Variations]"
Change component parameters (AddParameter): Name = "Ippm"; Value = ""; VariantName = "[No Variations]"
Change component parameters (AddParameter): Name = "MFG"; Value = "DIODE"; VariantName = "[No Variations]"
Change component parameters (AddParameter): Name = "MFG Part"; Value = "SMAJ36A-13-F"; VariantName = "[No Variations]"
Change component parameters (AddParameter): Name = "Package"; Value = "SMA"; VariantName = "[No Variations]"
Change component parameters (AddParameter): Name = "SAP"; Value = ""; VariantName = "[No Variations]"
Change component parameters (AddParameter): Name = "Type"; Value = "DIODE"; VariantName = "[No Variations]"
Change component parameters (AddParameter): Name = "Vendor Code"; Value = ""; VariantName = "[No Variations]"
Change component parameters (AddParameter): Name = "Vendor Name"; Value = ""; VariantName = "[No Variations]"
Change component parameters (AddParameter): Name = "Voltage"; Value = ""; VariantName = "[No Variations]"
Added Component: Designator=R19(5W-22X10-H)
Add component (AddParameter): Name = "Customer Specific"; Value = "N/A"; VariantName = "[No Variations]"
Add component (AddParameter): Name = "DIP&SMD"; Value = "DIP"; VariantName = "[No Variations]"
Add component (AddParameter): Name = "MFG"; Value = "Xingdacheng"; VariantName = "[No Variations]"
Add component (AddParameter): Name = "MFG Part"; Value = "RES 5W 5% 5.1 OHM W10D9.5L22H22 QHE"; VariantName = "[No Variations]"
Add component (AddParameter): Name = "Package"; Value = "5W"; VariantName = "[No Variations]"
Add component (AddParameter): Name = "Power"; Value = "2W"; VariantName = "[No Variations]"
Add component (AddParameter): Name = "SAP"; Value = "T710600010200"; VariantName = "[No Variations]"
Add component (AddParameter): Name = "TOL"; Value = "5%"; VariantName = "[No Variations]"
Add component (AddParameter): Name = "Type"; Value = "Resistor"; VariantName = "[No Variations]"
Add component (AddParameter): Name = "Value"; Value = "5mR"; VariantName = "[No Variations]"
Add component (AddParameter): Name = "Vendor Code"; Value = "10008495"; VariantName = "[No Variations]"
Add component (AddParameter): Name = "Vendor Name"; Value = "深圳市兴达诚电子有限公司"; VariantName = "[No Variations]"
Added Pin To Net: NetName=GND Pin=R19-1
Added Pin To Net: NetName=NetQ4_3 Pin=R19-2
Added Member To Class: ClassName=Single motor monitoring Beta Member=Component R19 QHE505000-5190
Added Room: Name=Single motor monitoring Beta
