Removed Pin From Net: NetName=GND Pin=C3-1
Removed Pin From Net: NetName=V_Bat Pin=C3-2
Removed Pin From Net: NetName=GND Pin=C6-1
Removed Pin From Net: NetName=NetC6_2 Pin=C6-2
Removed Pin From Net: NetName=GND Pin=C7-1
Removed Pin From Net: NetName=NetC7_2 Pin=C7-2
Removed Pin From Net: NetName=GND Pin=C10-1
Removed Pin From Net: NetName=15V Pin=C10-2
Removed Pin From Net: NetName=GND Pin=C11-1
Removed Pin From Net: NetName=VDD Pin=C11-2
Removed Pin From Net: NetName=GND Pin=C12-1
Removed Pin From Net: NetName=NetC12_2 Pin=C12-2
Removed Pin From Net: NetName=NetC12_2 Pin=Q4-3
Removed Pin From Net: NetName=NetC12_2 Pin=Q5-3
Removed Pin From Net: NetName=NetC6_2 Pin=U1-6
Change Component Footprint: Designator=C1 Old Footprint=CAPC0201 New Footprint=CAPC0603-RW
Change Component Footprint: Designator=C3 Old Footprint=CAPC0201 New Footprint=CAPC0603-RW
Change Component Footprint: Designator=C6 Old Footprint=CAPC0201 New Footprint=CAPC0603-RW
Change Component Footprint: Designator=C7 Old Footprint=CAPC0201 New Footprint=CAPC0603-RW
Change Component Footprint: Designator=C10 Old Footprint=CAPC0201 New Footprint=CAPC0603-RW
Change Component Footprint: Designator=C11 Old Footprint=CAPC0201 New Footprint=CAPC0603-RW
Change Component Footprint: Designator=C12 Old Footprint=CAPC0201 New Footprint=CAPC0603-RW
Change Component Comment : Designator=C7 Old Comment=3V New Comment=PXL456470-1530
Change Component Comment : Designator=C10 Old Comment=3V New Comment=PXL456470-1530
Change Component Comment : Designator=C11 Old Comment=3V New Comment=PXL456470-1530
Change Component Comment : Designator=C12 Old Comment=3V New Comment=PXL456470-1530
Change Component Comment : Designator=C1 Old Comment=10V New Comment=PXL456470-1530
Change Component Comment : Designator=C3 Old Comment=10V New Comment=PXL456470-1530
Change Component Comment : Designator=C6 Old Comment=10V New Comment=PXL456470-1530
Change component parameters: Designator = "C1" ("C1"); Footprint = "CAPC0201"; UniqueID = "\MSVNBPDN" ("\MSVNBPDN")
Change component parameters (AddParameter): Name = "Customer Specific"; Value = "N/A"; VariantName = "[No Variations]"
Change component parameters (AddParameter): Name = "DIP&SMD"; Value = "SMD"; VariantName = "[No Variations]"
Change component parameters (AddParameter): Name = "MFG"; Value = ""; VariantName = "[No Variations]"
Change component parameters (AddParameter): Name = "MFG Part"; Value = ""; VariantName = "[No Variations]"
Change component parameters (AddParameter): Name = "Other"; Value = "X7R"; VariantName = "[No Variations]"
Change component parameters (AddParameter): Name = "PACKAGE"; Value = "CAPC0603"; VariantName = "[No Variations]"
Change component parameters (AddParameter): Name = "SAP"; Value = "T542021537508"; VariantName = "[No Variations]"
Change component parameters (AddParameter): Name = "Tolerance"; Value = "10%"; VariantName = "[No Variations]"
Change component parameters (AddParameter): Name = "Type"; Value = "Capacitor"; VariantName = "[No Variations]"
Change component parameters (AddParameter): Name = "Value"; Value = "0.1uF"; VariantName = "[No Variations]"
Change component parameters (AddParameter): Name = "Vendor Code"; Value = "10010262"; VariantName = "[No Variations]"
Change component parameters (AddParameter): Name = "Vendor Name"; Value = "东莞市晴远电子有限公司"; VariantName = "[No Variations]"
Change component parameters (AddParameter): Name = "Voltage"; Value = "10V"; VariantName = "[No Variations]"
Change component parameters: Designator = "C3" ("C3"); Footprint = "CAPC0201"; UniqueID = "\ONTKIQMH" ("\ONTKIQMH")
Change component parameters (AddParameter): Name = "Customer Specific"; Value = "N/A"; VariantName = "[No Variations]"
Change component parameters (AddParameter): Name = "DIP&SMD"; Value = "SMD"; VariantName = "[No Variations]"
Change component parameters (AddParameter): Name = "MFG"; Value = ""; VariantName = "[No Variations]"
Change component parameters (AddParameter): Name = "MFG Part"; Value = ""; VariantName = "[No Variations]"
Change component parameters (AddParameter): Name = "Other"; Value = "X7R"; VariantName = "[No Variations]"
Change component parameters (AddParameter): Name = "PACKAGE"; Value = "CAPC0603"; VariantName = "[No Variations]"
Change component parameters (AddParameter): Name = "SAP"; Value = "T542021537508"; VariantName = "[No Variations]"
Change component parameters (AddParameter): Name = "Tolerance"; Value = "10%"; VariantName = "[No Variations]"
Change component parameters (AddParameter): Name = "Type"; Value = "Capacitor"; VariantName = "[No Variations]"
Change component parameters (AddParameter): Name = "Value"; Value = "4.7uF"; VariantName = "[No Variations]"
Change component parameters (AddParameter): Name = "Vendor Code"; Value = "10010262"; VariantName = "[No Variations]"
Change component parameters (AddParameter): Name = "Vendor Name"; Value = "东莞市晴远电子有限公司"; VariantName = "[No Variations]"
Change component parameters (AddParameter): Name = "Voltage"; Value = "50V"; VariantName = "[No Variations]"
Change component parameters: Designator = "C7" ("C7"); Footprint = "CAPC0201"; UniqueID = "\FPANXSGR" ("\FPANXSGR")
Change component parameters (AddParameter): Name = "Customer Specific"; Value = "N/A"; VariantName = "[No Variations]"
Change component parameters (AddParameter): Name = "DIP&SMD"; Value = "SMD"; VariantName = "[No Variations]"
Change component parameters (AddParameter): Name = "MFG"; Value = ""; VariantName = "[No Variations]"
Change component parameters (AddParameter): Name = "MFG Part"; Value = ""; VariantName = "[No Variations]"
Change component parameters (AddParameter): Name = "Other"; Value = "X7R"; VariantName = "[No Variations]"
Change component parameters (AddParameter): Name = "PACKAGE"; Value = "CAPC0603"; VariantName = "[No Variations]"
Change component parameters (AddParameter): Name = "SAP"; Value = "T542021537508"; VariantName = "[No Variations]"
Change component parameters (AddParameter): Name = "Tolerance"; Value = "10%"; VariantName = "[No Variations]"
Change component parameters (AddParameter): Name = "Type"; Value = "Capacitor"; VariantName = "[No Variations]"
Change component parameters (AddParameter): Name = "Value"; Value = "6.8nF"; VariantName = "[No Variations]"
Change component parameters (AddParameter): Name = "Vendor Code"; Value = "10010262"; VariantName = "[No Variations]"
Change component parameters (AddParameter): Name = "Vendor Name"; Value = "东莞市晴远电子有限公司"; VariantName = "[No Variations]"
Change component parameters (AddParameter): Name = "Voltage"; Value = "3V"; VariantName = "[No Variations]"
Change component parameters: Designator = "C12" ("C12"); Footprint = "CAPC0201"; UniqueID = "\DLSKSEJV" ("\DLSKSEJV")
Change component parameters (AddParameter): Name = "Customer Specific"; Value = "N/A"; VariantName = "[No Variations]"
Change component parameters (AddParameter): Name = "DIP&SMD"; Value = "SMD"; VariantName = "[No Variations]"
Change component parameters (AddParameter): Name = "MFG"; Value = ""; VariantName = "[No Variations]"
Change component parameters (AddParameter): Name = "MFG Part"; Value = ""; VariantName = "[No Variations]"
Change component parameters (AddParameter): Name = "Other"; Value = "X7R"; VariantName = "[No Variations]"
Change component parameters (AddParameter): Name = "PACKAGE"; Value = "CAPC0603"; VariantName = "[No Variations]"
Change component parameters (AddParameter): Name = "SAP"; Value = "T542021537508"; VariantName = "[No Variations]"
Change component parameters (AddParameter): Name = "Tolerance"; Value = "10%"; VariantName = "[No Variations]"
Change component parameters (AddParameter): Name = "Type"; Value = "Capacitor"; VariantName = "[No Variations]"
Change component parameters (AddParameter): Name = "Value"; Value = "103"; VariantName = "[No Variations]"
Change component parameters (AddParameter): Name = "Vendor Code"; Value = "10010262"; VariantName = "[No Variations]"
Change component parameters (AddParameter): Name = "Vendor Name"; Value = "东莞市晴远电子有限公司"; VariantName = "[No Variations]"
Change component parameters (AddParameter): Name = "Voltage"; Value = "6V"; VariantName = "[No Variations]"
Change component parameters: Designator = "C6" ("C6"); Footprint = "CAPC0201"; UniqueID = "\YHFHOYEI" ("\YHFHOYEI")
Change component parameters (AddParameter): Name = "Customer Specific"; Value = "N/A"; VariantName = "[No Variations]"
Change component parameters (AddParameter): Name = "DIP&SMD"; Value = "SMD"; VariantName = "[No Variations]"
Change component parameters (AddParameter): Name = "MFG"; Value = ""; VariantName = "[No Variations]"
Change component parameters (AddParameter): Name = "MFG Part"; Value = ""; VariantName = "[No Variations]"
Change component parameters (AddParameter): Name = "Other"; Value = "X7R"; VariantName = "[No Variations]"
Change component parameters (AddParameter): Name = "PACKAGE"; Value = "CAPC0603"; VariantName = "[No Variations]"
Change component parameters (AddParameter): Name = "SAP"; Value = "T542021537508"; VariantName = "[No Variations]"
Change component parameters (AddParameter): Name = "Tolerance"; Value = "10%"; VariantName = "[No Variations]"
Change component parameters (AddParameter): Name = "Type"; Value = "Capacitor"; VariantName = "[No Variations]"
Change component parameters (AddParameter): Name = "Value"; Value = "6.8nF"; VariantName = "[No Variations]"
Change component parameters (AddParameter): Name = "Vendor Code"; Value = "10010262"; VariantName = "[No Variations]"
Change component parameters (AddParameter): Name = "Vendor Name"; Value = "东莞市晴远电子有限公司"; VariantName = "[No Variations]"
Change component parameters (AddParameter): Name = "Voltage"; Value = "3V"; VariantName = "[No Variations]"
Change component parameters: Designator = "C10" ("C10"); Footprint = "CAPC0201"; UniqueID = "\XQPKPSSC" ("\XQPKPSSC")
Change component parameters (AddParameter): Name = "Customer Specific"; Value = "N/A"; VariantName = "[No Variations]"
Change component parameters (AddParameter): Name = "DIP&SMD"; Value = "SMD"; VariantName = "[No Variations]"
Change component parameters (AddParameter): Name = "MFG"; Value = ""; VariantName = "[No Variations]"
Change component parameters (AddParameter): Name = "MFG Part"; Value = ""; VariantName = "[No Variations]"
Change component parameters (AddParameter): Name = "Other"; Value = "X7R"; VariantName = "[No Variations]"
Change component parameters (AddParameter): Name = "PACKAGE"; Value = "CAPC0603"; VariantName = "[No Variations]"
Change component parameters (AddParameter): Name = "SAP"; Value = "T542021537508"; VariantName = "[No Variations]"
Change component parameters (AddParameter): Name = "Tolerance"; Value = "10%"; VariantName = "[No Variations]"
Change component parameters (AddParameter): Name = "Type"; Value = "Capacitor"; VariantName = "[No Variations]"
Change component parameters (AddParameter): Name = "Value"; Value = "1uF"; VariantName = "[No Variations]"
Change component parameters (AddParameter): Name = "Vendor Code"; Value = "10010262"; VariantName = "[No Variations]"
Change component parameters (AddParameter): Name = "Vendor Name"; Value = "东莞市晴远电子有限公司"; VariantName = "[No Variations]"
Change component parameters (AddParameter): Name = "Voltage"; Value = "16V"; VariantName = "[No Variations]"
Change component parameters: Designator = "C11" ("C11"); Footprint = "CAPC0201"; UniqueID = "\QTOEAENE" ("\QTOEAENE")
Change component parameters (AddParameter): Name = "Customer Specific"; Value = "N/A"; VariantName = "[No Variations]"
Change component parameters (AddParameter): Name = "DIP&SMD"; Value = "SMD"; VariantName = "[No Variations]"
Change component parameters (AddParameter): Name = "MFG"; Value = ""; VariantName = "[No Variations]"
Change component parameters (AddParameter): Name = "MFG Part"; Value = ""; VariantName = "[No Variations]"
Change component parameters (AddParameter): Name = "Other"; Value = "X7R"; VariantName = "[No Variations]"
Change component parameters (AddParameter): Name = "PACKAGE"; Value = "CAPC0603"; VariantName = "[No Variations]"
Change component parameters (AddParameter): Name = "SAP"; Value = "T542021537508"; VariantName = "[No Variations]"
Change component parameters (AddParameter): Name = "Tolerance"; Value = "10%"; VariantName = "[No Variations]"
Change component parameters (AddParameter): Name = "Type"; Value = "Capacitor"; VariantName = "[No Variations]"
Change component parameters (AddParameter): Name = "Value"; Value = "4.7uF"; VariantName = "[No Variations]"
Change component parameters (AddParameter): Name = "Vendor Code"; Value = "10010262"; VariantName = "[No Variations]"
Change component parameters (AddParameter): Name = "Vendor Name"; Value = "东莞市晴远电子有限公司"; VariantName = "[No Variations]"
Change component parameters (AddParameter): Name = "Voltage"; Value = "6V"; VariantName = "[No Variations]"
Added Component: Designator=R2(0603-RW)
Add component (AddParameter): Name = "CREATE_NAME"; Value = "Tom"; VariantName = "[No Variations]"
Add component (AddParameter): Name = "CREATE_TIME"; Value = "12-Apr-2016"; VariantName = "[No Variations]"
Add component (AddParameter): Name = "Customer Specific"; Value = "N/A"; VariantName = "[No Variations]"
Add component (AddParameter): Name = "DIP&SMD"; Value = "SMD"; VariantName = "[No Variations]"
Add component (AddParameter): Name = "MFG"; Value = "WALSIN"; VariantName = "[No Variations]"
Add component (AddParameter): Name = "MFG Part"; Value = "WF06T3481BTL"; VariantName = "[No Variations]"
Add component (AddParameter): Name = "Package"; Value = "0603"; VariantName = "[No Variations]"
Add component (AddParameter): Name = "Power"; Value = "1/16 W"; VariantName = "[No Variations]"
Add component (AddParameter): Name = "SAP"; Value = "T501348102129"; VariantName = "[No Variations]"
Add component (AddParameter): Name = "TOL"; Value = "0.1%"; VariantName = "[No Variations]"
Add component (AddParameter): Name = "Type"; Value = "Resistor"; VariantName = "[No Variations]"
Add component (AddParameter): Name = "Value"; Value = "1K"; VariantName = "[No Variations]"
Add component (AddParameter): Name = "Vendor Code"; Value = ""; VariantName = "[No Variations]"
Add component (AddParameter): Name = "Vendor Name"; Value = ""; VariantName = "[No Variations]"
Added Component: Designator=R3(0603-RW)
Add component (AddParameter): Name = "CREATE_NAME"; Value = "Tom"; VariantName = "[No Variations]"
Add component (AddParameter): Name = "CREATE_TIME"; Value = "12-Apr-2016"; VariantName = "[No Variations]"
Add component (AddParameter): Name = "Customer Specific"; Value = "N/A"; VariantName = "[No Variations]"
Add component (AddParameter): Name = "DIP&SMD"; Value = "SMD"; VariantName = "[No Variations]"
Add component (AddParameter): Name = "MFG"; Value = "WALSIN"; VariantName = "[No Variations]"
Add component (AddParameter): Name = "MFG Part"; Value = "WF06T3481BTL"; VariantName = "[No Variations]"
Add component (AddParameter): Name = "Package"; Value = "0603"; VariantName = "[No Variations]"
Add component (AddParameter): Name = "Power"; Value = "1/16 W"; VariantName = "[No Variations]"
Add component (AddParameter): Name = "SAP"; Value = "T501348102129"; VariantName = "[No Variations]"
Add component (AddParameter): Name = "TOL"; Value = "0.1%"; VariantName = "[No Variations]"
Add component (AddParameter): Name = "Type"; Value = "Resistor"; VariantName = "[No Variations]"
Add component (AddParameter): Name = "Value"; Value = "101"; VariantName = "[No Variations]"
Add component (AddParameter): Name = "Vendor Code"; Value = ""; VariantName = "[No Variations]"
Add component (AddParameter): Name = "Vendor Name"; Value = ""; VariantName = "[No Variations]"
Added Component: Designator=R4(0603-RW)
Add component (AddParameter): Name = "CREATE_NAME"; Value = "Tom"; VariantName = "[No Variations]"
Add component (AddParameter): Name = "CREATE_TIME"; Value = "12-Apr-2016"; VariantName = "[No Variations]"
Add component (AddParameter): Name = "Customer Specific"; Value = "N/A"; VariantName = "[No Variations]"
Add component (AddParameter): Name = "DIP&SMD"; Value = "SMD"; VariantName = "[No Variations]"
Add component (AddParameter): Name = "MFG"; Value = "WALSIN"; VariantName = "[No Variations]"
Add component (AddParameter): Name = "MFG Part"; Value = "WF06T3481BTL"; VariantName = "[No Variations]"
Add component (AddParameter): Name = "Package"; Value = "0603"; VariantName = "[No Variations]"
Add component (AddParameter): Name = "Power"; Value = "1/16 W"; VariantName = "[No Variations]"
Add component (AddParameter): Name = "SAP"; Value = "T501348102129"; VariantName = "[No Variations]"
Add component (AddParameter): Name = "TOL"; Value = "0.1%"; VariantName = "[No Variations]"
Add component (AddParameter): Name = "Type"; Value = "Resistor"; VariantName = "[No Variations]"
Add component (AddParameter): Name = "Value"; Value = "182K"; VariantName = "[No Variations]"
Add component (AddParameter): Name = "Vendor Code"; Value = ""; VariantName = "[No Variations]"
Add component (AddParameter): Name = "Vendor Name"; Value = ""; VariantName = "[No Variations]"
Added Component: Designator=R5(0603-RW)
Add component (AddParameter): Name = "CREATE_NAME"; Value = "Tom"; VariantName = "[No Variations]"
Add component (AddParameter): Name = "CREATE_TIME"; Value = "12-Apr-2016"; VariantName = "[No Variations]"
Add component (AddParameter): Name = "Customer Specific"; Value = "N/A"; VariantName = "[No Variations]"
Add component (AddParameter): Name = "DIP&SMD"; Value = "SMD"; VariantName = "[No Variations]"
Add component (AddParameter): Name = "MFG"; Value = "WALSIN"; VariantName = "[No Variations]"
Add component (AddParameter): Name = "MFG Part"; Value = "WF06T3481BTL"; VariantName = "[No Variations]"
Add component (AddParameter): Name = "Package"; Value = "0603"; VariantName = "[No Variations]"
Add component (AddParameter): Name = "Power"; Value = "1/16 W"; VariantName = "[No Variations]"
Add component (AddParameter): Name = "SAP"; Value = "T501348102129"; VariantName = "[No Variations]"
Add component (AddParameter): Name = "TOL"; Value = "0.1%"; VariantName = "[No Variations]"
Add component (AddParameter): Name = "Type"; Value = "Resistor"; VariantName = "[No Variations]"
Add component (AddParameter): Name = "Value"; Value = "101"; VariantName = "[No Variations]"
Add component (AddParameter): Name = "Vendor Code"; Value = ""; VariantName = "[No Variations]"
Add component (AddParameter): Name = "Vendor Name"; Value = ""; VariantName = "[No Variations]"
Added Component: Designator=R7(0603-RW)
Add component (AddParameter): Name = "CREATE_NAME"; Value = "Tom"; VariantName = "[No Variations]"
Add component (AddParameter): Name = "CREATE_TIME"; Value = "12-Apr-2016"; VariantName = "[No Variations]"
Add component (AddParameter): Name = "Customer Specific"; Value = "N/A"; VariantName = "[No Variations]"
Add component (AddParameter): Name = "DIP&SMD"; Value = "SMD"; VariantName = "[No Variations]"
Add component (AddParameter): Name = "MFG"; Value = "WALSIN"; VariantName = "[No Variations]"
Add component (AddParameter): Name = "MFG Part"; Value = "WF06T3481BTL"; VariantName = "[No Variations]"
Add component (AddParameter): Name = "Package"; Value = "0603"; VariantName = "[No Variations]"
Add component (AddParameter): Name = "Power"; Value = "1/16 W"; VariantName = "[No Variations]"
Add component (AddParameter): Name = "SAP"; Value = "T501348102129"; VariantName = "[No Variations]"
Add component (AddParameter): Name = "TOL"; Value = "0.1%"; VariantName = "[No Variations]"
Add component (AddParameter): Name = "Type"; Value = "Resistor"; VariantName = "[No Variations]"
Add component (AddParameter): Name = "Value"; Value = "10.5K"; VariantName = "[No Variations]"
Add component (AddParameter): Name = "Vendor Code"; Value = ""; VariantName = "[No Variations]"
Add component (AddParameter): Name = "Vendor Name"; Value = ""; VariantName = "[No Variations]"
Added Component: Designator=R8(0603-RW)
Add component (AddParameter): Name = "CREATE_NAME"; Value = "Tom"; VariantName = "[No Variations]"
Add component (AddParameter): Name = "CREATE_TIME"; Value = "12-Apr-2016"; VariantName = "[No Variations]"
Add component (AddParameter): Name = "Customer Specific"; Value = "N/A"; VariantName = "[No Variations]"
Add component (AddParameter): Name = "DIP&SMD"; Value = "SMD"; VariantName = "[No Variations]"
Add component (AddParameter): Name = "MFG"; Value = "WALSIN"; VariantName = "[No Variations]"
Add component (AddParameter): Name = "MFG Part"; Value = "WF06T3481BTL"; VariantName = "[No Variations]"
Add component (AddParameter): Name = "Package"; Value = "0603"; VariantName = "[No Variations]"
Add component (AddParameter): Name = "Power"; Value = "1/16 W"; VariantName = "[No Variations]"
Add component (AddParameter): Name = "SAP"; Value = "T501348102129"; VariantName = "[No Variations]"
Add component (AddParameter): Name = "TOL"; Value = "0.1%"; VariantName = "[No Variations]"
Add component (AddParameter): Name = "Type"; Value = "Resistor"; VariantName = "[No Variations]"
Add component (AddParameter): Name = "Value"; Value = "243K"; VariantName = "[No Variations]"
Add component (AddParameter): Name = "Vendor Code"; Value = ""; VariantName = "[No Variations]"
Add component (AddParameter): Name = "Vendor Name"; Value = ""; VariantName = "[No Variations]"
Added Component: Designator=R9(0603-RW)
Add component (AddParameter): Name = "CREATE_NAME"; Value = "Tom"; VariantName = "[No Variations]"
Add component (AddParameter): Name = "CREATE_TIME"; Value = "12-Apr-2016"; VariantName = "[No Variations]"
Add component (AddParameter): Name = "Customer Specific"; Value = "N/A"; VariantName = "[No Variations]"
Add component (AddParameter): Name = "DIP&SMD"; Value = "SMD"; VariantName = "[No Variations]"
Add component (AddParameter): Name = "MFG"; Value = "WALSIN"; VariantName = "[No Variations]"
Add component (AddParameter): Name = "MFG Part"; Value = "WF06T3481BTL"; VariantName = "[No Variations]"
Add component (AddParameter): Name = "Package"; Value = "0603"; VariantName = "[No Variations]"
Add component (AddParameter): Name = "Power"; Value = "1/16 W"; VariantName = "[No Variations]"
Add component (AddParameter): Name = "SAP"; Value = "T501348102129"; VariantName = "[No Variations]"
Add component (AddParameter): Name = "TOL"; Value = "0.1%"; VariantName = "[No Variations]"
Add component (AddParameter): Name = "Type"; Value = "Resistor"; VariantName = "[No Variations]"
Add component (AddParameter): Name = "Value"; Value = "10.2K"; VariantName = "[No Variations]"
Add component (AddParameter): Name = "Vendor Code"; Value = ""; VariantName = "[No Variations]"
Add component (AddParameter): Name = "Vendor Name"; Value = ""; VariantName = "[No Variations]"
Added Component: Designator=R10(0603-RW)
Add component (AddParameter): Name = "CREATE_NAME"; Value = "Tom"; VariantName = "[No Variations]"
Add component (AddParameter): Name = "CREATE_TIME"; Value = "12-Apr-2016"; VariantName = "[No Variations]"
Add component (AddParameter): Name = "Customer Specific"; Value = "N/A"; VariantName = "[No Variations]"
Add component (AddParameter): Name = "DIP&SMD"; Value = "SMD"; VariantName = "[No Variations]"
Add component (AddParameter): Name = "MFG"; Value = "WALSIN"; VariantName = "[No Variations]"
Add component (AddParameter): Name = "MFG Part"; Value = "WF06T3481BTL"; VariantName = "[No Variations]"
Add component (AddParameter): Name = "Package"; Value = "0603"; VariantName = "[No Variations]"
Add component (AddParameter): Name = "Power"; Value = "1/16 W"; VariantName = "[No Variations]"
Add component (AddParameter): Name = "SAP"; Value = "T501348102129"; VariantName = "[No Variations]"
Add component (AddParameter): Name = "TOL"; Value = "0.1%"; VariantName = "[No Variations]"
Add component (AddParameter): Name = "Type"; Value = "Resistor"; VariantName = "[No Variations]"
Add component (AddParameter): Name = "Value"; Value = "10R"; VariantName = "[No Variations]"
Add component (AddParameter): Name = "Vendor Code"; Value = ""; VariantName = "[No Variations]"
Add component (AddParameter): Name = "Vendor Name"; Value = ""; VariantName = "[No Variations]"
Added Component: Designator=R11(0603-RW)
Add component (AddParameter): Name = "CREATE_NAME"; Value = "Tom"; VariantName = "[No Variations]"
Add component (AddParameter): Name = "CREATE_TIME"; Value = "12-Apr-2016"; VariantName = "[No Variations]"
Add component (AddParameter): Name = "Customer Specific"; Value = "N/A"; VariantName = "[No Variations]"
Add component (AddParameter): Name = "DIP&SMD"; Value = "SMD"; VariantName = "[No Variations]"
Add component (AddParameter): Name = "MFG"; Value = "WALSIN"; VariantName = "[No Variations]"
Add component (AddParameter): Name = "MFG Part"; Value = "WF06T3481BTL"; VariantName = "[No Variations]"
Add component (AddParameter): Name = "Package"; Value = "0603"; VariantName = "[No Variations]"
Add component (AddParameter): Name = "Power"; Value = "1/16 W"; VariantName = "[No Variations]"
Add component (AddParameter): Name = "SAP"; Value = "T501348102129"; VariantName = "[No Variations]"
Add component (AddParameter): Name = "TOL"; Value = "0.1%"; VariantName = "[No Variations]"
Add component (AddParameter): Name = "Type"; Value = "Resistor"; VariantName = "[No Variations]"
Add component (AddParameter): Name = "Value"; Value = "100R"; VariantName = "[No Variations]"
Add component (AddParameter): Name = "Vendor Code"; Value = ""; VariantName = "[No Variations]"
Add component (AddParameter): Name = "Vendor Name"; Value = ""; VariantName = "[No Variations]"
Added Component: Designator=R12(0603-RW)
Add component (AddParameter): Name = "CREATE_NAME"; Value = "Tom"; VariantName = "[No Variations]"
Add component (AddParameter): Name = "CREATE_TIME"; Value = "12-Apr-2016"; VariantName = "[No Variations]"
Add component (AddParameter): Name = "Customer Specific"; Value = "N/A"; VariantName = "[No Variations]"
Add component (AddParameter): Name = "DIP&SMD"; Value = "SMD"; VariantName = "[No Variations]"
Add component (AddParameter): Name = "MFG"; Value = "WALSIN"; VariantName = "[No Variations]"
Add component (AddParameter): Name = "MFG Part"; Value = "WF06T3481BTL"; VariantName = "[No Variations]"
Add component (AddParameter): Name = "Package"; Value = "0603"; VariantName = "[No Variations]"
Add component (AddParameter): Name = "Power"; Value = "1/16 W"; VariantName = "[No Variations]"
Add component (AddParameter): Name = "SAP"; Value = "T501348102129"; VariantName = "[No Variations]"
Add component (AddParameter): Name = "TOL"; Value = "0.1%"; VariantName = "[No Variations]"
Add component (AddParameter): Name = "Type"; Value = "Resistor"; VariantName = "[No Variations]"
Add component (AddParameter): Name = "Value"; Value = "10K"; VariantName = "[No Variations]"
Add component (AddParameter): Name = "Vendor Code"; Value = ""; VariantName = "[No Variations]"
Add component (AddParameter): Name = "Vendor Name"; Value = ""; VariantName = "[No Variations]"
Added Component: Designator=R13(0603-RW)
Add component (AddParameter): Name = "CREATE_NAME"; Value = "Tom"; VariantName = "[No Variations]"
Add component (AddParameter): Name = "CREATE_TIME"; Value = "12-Apr-2016"; VariantName = "[No Variations]"
Add component (AddParameter): Name = "Customer Specific"; Value = "N/A"; VariantName = "[No Variations]"
Add component (AddParameter): Name = "DIP&SMD"; Value = "SMD"; VariantName = "[No Variations]"
Add component (AddParameter): Name = "MFG"; Value = "WALSIN"; VariantName = "[No Variations]"
Add component (AddParameter): Name = "MFG Part"; Value = "WF06T3481BTL"; VariantName = "[No Variations]"
Add component (AddParameter): Name = "Package"; Value = "0603"; VariantName = "[No Variations]"
Add component (AddParameter): Name = "Power"; Value = "1/16 W"; VariantName = "[No Variations]"
Add component (AddParameter): Name = "SAP"; Value = "T501348102129"; VariantName = "[No Variations]"
Add component (AddParameter): Name = "TOL"; Value = "0.1%"; VariantName = "[No Variations]"
Add component (AddParameter): Name = "Type"; Value = "Resistor"; VariantName = "[No Variations]"
Add component (AddParameter): Name = "Value"; Value = "4.7R"; VariantName = "[No Variations]"
Add component (AddParameter): Name = "Vendor Code"; Value = ""; VariantName = "[No Variations]"
Add component (AddParameter): Name = "Vendor Name"; Value = ""; VariantName = "[No Variations]"
Added Component: Designator=R14(0603-RW)
Add component (AddParameter): Name = "CREATE_NAME"; Value = "Tom"; VariantName = "[No Variations]"
Add component (AddParameter): Name = "CREATE_TIME"; Value = "12-Apr-2016"; VariantName = "[No Variations]"
Add component (AddParameter): Name = "Customer Specific"; Value = "N/A"; VariantName = "[No Variations]"
Add component (AddParameter): Name = "DIP&SMD"; Value = "SMD"; VariantName = "[No Variations]"
Add component (AddParameter): Name = "MFG"; Value = "WALSIN"; VariantName = "[No Variations]"
Add component (AddParameter): Name = "MFG Part"; Value = "WF06T3481BTL"; VariantName = "[No Variations]"
Add component (AddParameter): Name = "Package"; Value = "0603"; VariantName = "[No Variations]"
Add component (AddParameter): Name = "Power"; Value = "1/16 W"; VariantName = "[No Variations]"
Add component (AddParameter): Name = "SAP"; Value = "T501348102129"; VariantName = "[No Variations]"
Add component (AddParameter): Name = "TOL"; Value = "0.1%"; VariantName = "[No Variations]"
Add component (AddParameter): Name = "Type"; Value = "Resistor"; VariantName = "[No Variations]"
Add component (AddParameter): Name = "Value"; Value = "100R"; VariantName = "[No Variations]"
Add component (AddParameter): Name = "Vendor Code"; Value = ""; VariantName = "[No Variations]"
Add component (AddParameter): Name = "Vendor Name"; Value = ""; VariantName = "[No Variations]"
Added Component: Designator=R15(0603-RW)
Add component (AddParameter): Name = "CREATE_NAME"; Value = "Tom"; VariantName = "[No Variations]"
Add component (AddParameter): Name = "CREATE_TIME"; Value = "12-Apr-2016"; VariantName = "[No Variations]"
Add component (AddParameter): Name = "Customer Specific"; Value = "N/A"; VariantName = "[No Variations]"
Add component (AddParameter): Name = "DIP&SMD"; Value = "SMD"; VariantName = "[No Variations]"
Add component (AddParameter): Name = "MFG"; Value = "WALSIN"; VariantName = "[No Variations]"
Add component (AddParameter): Name = "MFG Part"; Value = "WF06T3481BTL"; VariantName = "[No Variations]"
Add component (AddParameter): Name = "Package"; Value = "0603"; VariantName = "[No Variations]"
Add component (AddParameter): Name = "Power"; Value = "1/16 W"; VariantName = "[No Variations]"
Add component (AddParameter): Name = "SAP"; Value = "T501348102129"; VariantName = "[No Variations]"
Add component (AddParameter): Name = "TOL"; Value = "0.1%"; VariantName = "[No Variations]"
Add component (AddParameter): Name = "Type"; Value = "Resistor"; VariantName = "[No Variations]"
Add component (AddParameter): Name = "Value"; Value = "10K"; VariantName = "[No Variations]"
Add component (AddParameter): Name = "Vendor Code"; Value = ""; VariantName = "[No Variations]"
Add component (AddParameter): Name = "Vendor Name"; Value = ""; VariantName = "[No Variations]"
Added Component: Designator=R16(0603-RW)
Add component (AddParameter): Name = "CREATE_NAME"; Value = "Tom"; VariantName = "[No Variations]"
Add component (AddParameter): Name = "CREATE_TIME"; Value = "12-Apr-2016"; VariantName = "[No Variations]"
Add component (AddParameter): Name = "Customer Specific"; Value = "N/A"; VariantName = "[No Variations]"
Add component (AddParameter): Name = "DIP&SMD"; Value = "SMD"; VariantName = "[No Variations]"
Add component (AddParameter): Name = "MFG"; Value = "WALSIN"; VariantName = "[No Variations]"
Add component (AddParameter): Name = "MFG Part"; Value = "WF06T3481BTL"; VariantName = "[No Variations]"
Add component (AddParameter): Name = "Package"; Value = "0603"; VariantName = "[No Variations]"
Add component (AddParameter): Name = "Power"; Value = "1/16 W"; VariantName = "[No Variations]"
Add component (AddParameter): Name = "SAP"; Value = "T501348102129"; VariantName = "[No Variations]"
Add component (AddParameter): Name = "TOL"; Value = "0.1%"; VariantName = "[No Variations]"
Add component (AddParameter): Name = "Type"; Value = "Resistor"; VariantName = "[No Variations]"
Add component (AddParameter): Name = "Value"; Value = "102"; VariantName = "[No Variations]"
Add component (AddParameter): Name = "Vendor Code"; Value = ""; VariantName = "[No Variations]"
Add component (AddParameter): Name = "Vendor Name"; Value = ""; VariantName = "[No Variations]"
Added Component: Designator=R17(0603-RW)
Add component (AddParameter): Name = "CREATE_NAME"; Value = "Tom"; VariantName = "[No Variations]"
Add component (AddParameter): Name = "CREATE_TIME"; Value = "12-Apr-2016"; VariantName = "[No Variations]"
Add component (AddParameter): Name = "Customer Specific"; Value = "N/A"; VariantName = "[No Variations]"
Add component (AddParameter): Name = "DIP&SMD"; Value = "SMD"; VariantName = "[No Variations]"
Add component (AddParameter): Name = "MFG"; Value = "WALSIN"; VariantName = "[No Variations]"
Add component (AddParameter): Name = "MFG Part"; Value = "WF06T3481BTL"; VariantName = "[No Variations]"
Add component (AddParameter): Name = "Package"; Value = "0603"; VariantName = "[No Variations]"
Add component (AddParameter): Name = "Power"; Value = "1/16 W"; VariantName = "[No Variations]"
Add component (AddParameter): Name = "SAP"; Value = "T501348102129"; VariantName = "[No Variations]"
Add component (AddParameter): Name = "TOL"; Value = "0.1%"; VariantName = "[No Variations]"
Add component (AddParameter): Name = "Type"; Value = "Resistor"; VariantName = "[No Variations]"
Add component (AddParameter): Name = "Value"; Value = "1K"; VariantName = "[No Variations]"
Add component (AddParameter): Name = "Vendor Code"; Value = ""; VariantName = "[No Variations]"
Add component (AddParameter): Name = "Vendor Name"; Value = ""; VariantName = "[No Variations]"
Added Component: Designator=R18(5W-22X10-H)
Add component (AddParameter): Name = "Customer Specific"; Value = "N/A"; VariantName = "[No Variations]"
Add component (AddParameter): Name = "DIP&SMD"; Value = "DIP"; VariantName = "[No Variations]"
Add component (AddParameter): Name = "MFG"; Value = "Xingdacheng"; VariantName = "[No Variations]"
Add component (AddParameter): Name = "MFG Part"; Value = "RES 5W 5% 5.1 OHM W10D9.5L22H22 QHE"; VariantName = "[No Variations]"
Add component (AddParameter): Name = "Package"; Value = "5W"; VariantName = "[No Variations]"
Add component (AddParameter): Name = "Power"; Value = "2W"; VariantName = "[No Variations]"
Add component (AddParameter): Name = "SAP"; Value = "T710600010200"; VariantName = "[No Variations]"
Add component (AddParameter): Name = "TOL"; Value = "5%"; VariantName = "[No Variations]"
Add component (AddParameter): Name = "Type"; Value = "Resistor"; VariantName = "[No Variations]"
Add component (AddParameter): Name = "Value"; Value = "5mR"; VariantName = "[No Variations]"
Add component (AddParameter): Name = "Vendor Code"; Value = "10008495"; VariantName = "[No Variations]"
Add component (AddParameter): Name = "Vendor Name"; Value = "深圳市兴达诚电子有限公司"; VariantName = "[No Variations]"
Added Component: Designator=R19(5W-22X10-H)
Add component (AddParameter): Name = "Customer Specific"; Value = "N/A"; VariantName = "[No Variations]"
Add component (AddParameter): Name = "DIP&SMD"; Value = "DIP"; VariantName = "[No Variations]"
Add component (AddParameter): Name = "MFG"; Value = "Xingdacheng"; VariantName = "[No Variations]"
Add component (AddParameter): Name = "MFG Part"; Value = "RES 5W 5% 5.1 OHM W10D9.5L22H22 QHE"; VariantName = "[No Variations]"
Add component (AddParameter): Name = "Package"; Value = "5W"; VariantName = "[No Variations]"
Add component (AddParameter): Name = "Power"; Value = "2W"; VariantName = "[No Variations]"
Add component (AddParameter): Name = "SAP"; Value = "T710600010200"; VariantName = "[No Variations]"
Add component (AddParameter): Name = "TOL"; Value = "5%"; VariantName = "[No Variations]"
Add component (AddParameter): Name = "Type"; Value = "Resistor"; VariantName = "[No Variations]"
Add component (AddParameter): Name = "Value"; Value = "5mR"; VariantName = "[No Variations]"
Add component (AddParameter): Name = "Vendor Code"; Value = "10008495"; VariantName = "[No Variations]"
Add component (AddParameter): Name = "Vendor Name"; Value = "深圳市兴达诚电子有限公司"; VariantName = "[No Variations]"
Added Component: Designator=R20(0603-RW)
Add component (AddParameter): Name = "CREATE_NAME"; Value = "Tom"; VariantName = "[No Variations]"
Add component (AddParameter): Name = "CREATE_TIME"; Value = "12-Apr-2016"; VariantName = "[No Variations]"
Add component (AddParameter): Name = "Customer Specific"; Value = "N/A"; VariantName = "[No Variations]"
Add component (AddParameter): Name = "DIP&SMD"; Value = "SMD"; VariantName = "[No Variations]"
Add component (AddParameter): Name = "MFG"; Value = "WALSIN"; VariantName = "[No Variations]"
Add component (AddParameter): Name = "MFG Part"; Value = "WF06T3481BTL"; VariantName = "[No Variations]"
Add component (AddParameter): Name = "Package"; Value = "0603"; VariantName = "[No Variations]"
Add component (AddParameter): Name = "Power"; Value = "1/16 W"; VariantName = "[No Variations]"
Add component (AddParameter): Name = "SAP"; Value = "T501348102129"; VariantName = "[No Variations]"
Add component (AddParameter): Name = "TOL"; Value = "0.1%"; VariantName = "[No Variations]"
Add component (AddParameter): Name = "Type"; Value = "Resistor"; VariantName = "[No Variations]"
Add component (AddParameter): Name = "Value"; Value = "21K"; VariantName = "[No Variations]"
Add component (AddParameter): Name = "Vendor Code"; Value = ""; VariantName = "[No Variations]"
Add component (AddParameter): Name = "Vendor Name"; Value = ""; VariantName = "[No Variations]"
Added Component: Designator=R21(0603-RW)
Add component (AddParameter): Name = "CREATE_NAME"; Value = "Tom"; VariantName = "[No Variations]"
Add component (AddParameter): Name = "CREATE_TIME"; Value = "12-Apr-2016"; VariantName = "[No Variations]"
Add component (AddParameter): Name = "Customer Specific"; Value = "N/A"; VariantName = "[No Variations]"
Add component (AddParameter): Name = "DIP&SMD"; Value = "SMD"; VariantName = "[No Variations]"
Add component (AddParameter): Name = "MFG"; Value = "WALSIN"; VariantName = "[No Variations]"
Add component (AddParameter): Name = "MFG Part"; Value = "WF06T3481BTL"; VariantName = "[No Variations]"
Add component (AddParameter): Name = "Package"; Value = "0603"; VariantName = "[No Variations]"
Add component (AddParameter): Name = "Power"; Value = "1/16 W"; VariantName = "[No Variations]"
Add component (AddParameter): Name = "SAP"; Value = "T501348102129"; VariantName = "[No Variations]"
Add component (AddParameter): Name = "TOL"; Value = "0.1%"; VariantName = "[No Variations]"
Add component (AddParameter): Name = "Type"; Value = "Resistor"; VariantName = "[No Variations]"
Add component (AddParameter): Name = "Value"; Value = "1K"; VariantName = "[No Variations]"
Add component (AddParameter): Name = "Vendor Code"; Value = ""; VariantName = "[No Variations]"
Add component (AddParameter): Name = "Vendor Name"; Value = ""; VariantName = "[No Variations]"
Added Component: Designator=R22(0603-RW)
Add component (AddParameter): Name = "CREATE_NAME"; Value = "Tom"; VariantName = "[No Variations]"
Add component (AddParameter): Name = "CREATE_TIME"; Value = "12-Apr-2016"; VariantName = "[No Variations]"
Add component (AddParameter): Name = "Customer Specific"; Value = "N/A"; VariantName = "[No Variations]"
Add component (AddParameter): Name = "DIP&SMD"; Value = "SMD"; VariantName = "[No Variations]"
Add component (AddParameter): Name = "MFG"; Value = "WALSIN"; VariantName = "[No Variations]"
Add component (AddParameter): Name = "MFG Part"; Value = "WF06T3481BTL"; VariantName = "[No Variations]"
Add component (AddParameter): Name = "Package"; Value = "0603"; VariantName = "[No Variations]"
Add component (AddParameter): Name = "Power"; Value = "1/16 W"; VariantName = "[No Variations]"
Add component (AddParameter): Name = "SAP"; Value = "T501348102129"; VariantName = "[No Variations]"
Add component (AddParameter): Name = "TOL"; Value = "0.1%"; VariantName = "[No Variations]"
Add component (AddParameter): Name = "Type"; Value = "Resistor"; VariantName = "[No Variations]"
Add component (AddParameter): Name = "Value"; Value = "2.2k"; VariantName = "[No Variations]"
Add component (AddParameter): Name = "Vendor Code"; Value = ""; VariantName = "[No Variations]"
Add component (AddParameter): Name = "Vendor Name"; Value = ""; VariantName = "[No Variations]"
Added Component: Designator=R23(0603-RW)
Add component (AddParameter): Name = "CREATE_NAME"; Value = "Tom"; VariantName = "[No Variations]"
Add component (AddParameter): Name = "CREATE_TIME"; Value = "12-Apr-2016"; VariantName = "[No Variations]"
Add component (AddParameter): Name = "Customer Specific"; Value = "N/A"; VariantName = "[No Variations]"
Add component (AddParameter): Name = "DIP&SMD"; Value = "SMD"; VariantName = "[No Variations]"
Add component (AddParameter): Name = "MFG"; Value = "WALSIN"; VariantName = "[No Variations]"
Add component (AddParameter): Name = "MFG Part"; Value = "WF06T3481BTL"; VariantName = "[No Variations]"
Add component (AddParameter): Name = "Package"; Value = "0603"; VariantName = "[No Variations]"
Add component (AddParameter): Name = "Power"; Value = "1/16 W"; VariantName = "[No Variations]"
Add component (AddParameter): Name = "SAP"; Value = "T501348102129"; VariantName = "[No Variations]"
Add component (AddParameter): Name = "TOL"; Value = "0.1%"; VariantName = "[No Variations]"
Add component (AddParameter): Name = "Type"; Value = "Resistor"; VariantName = "[No Variations]"
Add component (AddParameter): Name = "Value"; Value = "2.2k"; VariantName = "[No Variations]"
Add component (AddParameter): Name = "Vendor Code"; Value = ""; VariantName = "[No Variations]"
Add component (AddParameter): Name = "Vendor Name"; Value = ""; VariantName = "[No Variations]"
Added Component: Designator=SW1(TS_6X6X8_DIP)
Add component (AddParameter): Name = "Current"; Value = ""; VariantName = "[No Variations]"
Add component (AddParameter): Name = "DIP&SMD"; Value = "DIP"; VariantName = "[No Variations]"
Add component (AddParameter): Name = "Force"; Value = "250gf"; VariantName = "[No Variations]"
Add component (AddParameter): Name = "MFG"; Value = "ShenZhen GanHad"; VariantName = "[No Variations]"
Add component (AddParameter): Name = "MFG Part"; Value = "TS-06V-8HM"; VariantName = "[No Variations]"
Add component (AddParameter): Name = "SAP"; Value = "T670200001500"; VariantName = "[No Variations]"
Add component (AddParameter): Name = "Type"; Value = "Switch"; VariantName = "[No Variations]"
Add component (AddParameter): Name = "Value"; Value = "TACT"; VariantName = "[No Variations]"
Add component (AddParameter): Name = "Vendor Code"; Value = ""; VariantName = "[No Variations]"
Add component (AddParameter): Name = "Vendor Name"; Value = ""; VariantName = "[No Variations]"
Add component (AddParameter): Name = "Voltage"; Value = ""; VariantName = "[No Variations]"
Added Component: Designator=U3(TSSOP20)
Add component (AddParameter): Name = "CREATE_NAME"; Value = "GordonL@Deftronics"; VariantName = "[No Variations]"
Add component (AddParameter): Name = "CREATE_TIME"; Value = "23-Mar-2014"; VariantName = "[No Variations]"
Add component (AddParameter): Name = "Customer Specific"; Value = "N/A"; VariantName = "[No Variations]"
Add component (AddParameter): Name = "DIP&SMD"; Value = "SMD"; VariantName = "[No Variations]"
Add component (AddParameter): Name = "MFG"; Value = "ST"; VariantName = "[No Variations]"
Add component (AddParameter): Name = "MFG Part"; Value = "STM8S003F3P6"; VariantName = "[No Variations]"
Add component (AddParameter): Name = "SAP"; Value = "T610300083725"; VariantName = "[No Variations]"
Add component (AddParameter): Name = "Type"; Value = "IC"; VariantName = "[No Variations]"
Add component (AddParameter): Name = "Vendor Code"; Value = ""; VariantName = "[No Variations]"
Add component (AddParameter): Name = "Vendor Name"; Value = ""; VariantName = "[No Variations]"
Added Component: Designator=U4(SO8)
Add component (AddParameter): Name = "CREATE_NAME"; Value = "Nathan"; VariantName = "[No Variations]"
Add component (AddParameter): Name = "CREATE_TIME"; Value = "14-Apr-2020"; VariantName = "[No Variations]"
Add component (AddParameter): Name = "Customer Specific"; Value = "N/A"; VariantName = "[No Variations]"
Add component (AddParameter): Name = "DIP&SMD"; Value = "SMD"; VariantName = "[No Variations]"
Add component (AddParameter): Name = "MFG"; Value = "Infineon"; VariantName = "[No Variations]"
Add component (AddParameter): Name = "MFG Part"; Value = "EG2106"; VariantName = "[No Variations]"
Add component (AddParameter): Name = "SAP"; Value = "T610900027257"; VariantName = "[No Variations]"
Add component (AddParameter): Name = "Type"; Value = "IC"; VariantName = "[No Variations]"
Add component (AddParameter): Name = "Vendor Code"; Value = ""; VariantName = "[No Variations]"
Add component (AddParameter): Name = "Vendor Name"; Value = ""; VariantName = "[No Variations]"
Added Pin To Net: NetName=V_Bat Pin=C3-1
Added Pin To Net: NetName=GND Pin=C3-2
Added Pin To Net: NetName=NetC12_2 Pin=C6-1
Added Pin To Net: NetName=GND Pin=C6-2
Added Pin To Net: NetName=NetC7_2 Pin=C7-1
Added Pin To Net: NetName=GND Pin=C7-2
Added Pin To Net: NetName=15V Pin=C10-1
Added Pin To Net: NetName=GND Pin=C10-2
Added Pin To Net: NetName=VDD Pin=C11-1
Added Pin To Net: NetName=GND Pin=C11-2
Added Pin To Net: NetName=NetC6_2 Pin=C12-1
Added Pin To Net: NetName=GND Pin=C12-2
Added Pin To Net: NetName=NetC6_2 Pin=Q4-3
Added Pin To Net: NetName=NetC6_2 Pin=Q5-3
Added Pin To Net: NetName=NetLED1_2 Pin=R2-1
Added Pin To Net: NetName=VDD Pin=R2-2
Added Pin To Net: NetName=NetJ2_3 Pin=R3-1
Added Pin To Net: NetName=VDD Pin=R3-2
Added Pin To Net: NetName=15V Pin=R4-1
Added Pin To Net: NetName=NetR4_2 Pin=R4-2
Added Pin To Net: NetName=15V Pin=R5-1
Added Pin To Net: NetName=NetC4_2 Pin=R5-2
Added Pin To Net: NetName=NetC12_2 Pin=R7-1
Added Pin To Net: NetName=NetC7_2 Pin=R7-2
Added Pin To Net: NetName=GND Pin=R8-1
Added Pin To Net: NetName=NetR8_2 Pin=R8-2
Added Pin To Net: NetName=NetR4_2 Pin=R9-1
Added Pin To Net: NetName=GND Pin=R9-2
Added Pin To Net: NetName=NetK1_6 Pin=R10-1
Added Pin To Net: NetName=NetC8_2 Pin=R10-2
Added Pin To Net: NetName=HO Pin=R11-1
Added Pin To Net: NetName=NetQ2_1 Pin=R11-2
Added Pin To Net: NetName=NetK1_2 Pin=R12-1
Added Pin To Net: NetName=NetQ2_1 Pin=R12-2
Added Pin To Net: NetName=NetC9_2 Pin=R13-1
Added Pin To Net: NetName=NetK1_2 Pin=R13-2
Added Pin To Net: NetName=LO Pin=R14-1
Added Pin To Net: NetName=NetQ4_1 Pin=R14-2
Added Pin To Net: NetName=NetC6_2 Pin=R15-1
Added Pin To Net: NetName=NetQ4_1 Pin=R15-2
Added Pin To Net: NetName=NetR16_1 Pin=R16-1
Added Pin To Net: NetName=NetC6_2 Pin=R16-2
Added Pin To Net: NetName=NetR17_1 Pin=R17-1
Added Pin To Net: NetName=A_SEN Pin=R17-2
Added Pin To Net: NetName=GND Pin=R18-1
Added Pin To Net: NetName=NetC6_2 Pin=R18-2
Added Pin To Net: NetName=GND Pin=R19-1
Added Pin To Net: NetName=NetC6_2 Pin=R19-2
Added Pin To Net: NetName=NetR20_1 Pin=R20-1
Added Pin To Net: NetName=NetR17_1 Pin=R20-2
Added Pin To Net: NetName=GND Pin=R21-1
Added Pin To Net: NetName=NetR20_1 Pin=R21-2
Added Pin To Net: NetName=FW Pin=R22-1
Added Pin To Net: NetName=NetQ7_1 Pin=R22-2
Added Pin To Net: NetName=BW Pin=R23-1
Added Pin To Net: NetName=NetQ6_1 Pin=R23-2
Added Pin To Net: NetName=SW Pin=SW1-2
Added Pin To Net: NetName=GND Pin=SW1-4
Added Pin To Net: NetName=NetC12_2 Pin=U1-6
Added Pin To Net: NetName=A_SEN Pin=U3-1
Added Pin To Net: NetName=OCP/TX Pin=U3-2
Added Pin To Net: NetName=RX Pin=U3-3
Added Pin To Net: NetName=RST Pin=U3-4
Added Pin To Net: NetName=H/L/BRK Pin=U3-5
Added Pin To Net: NetName=Hall Pin=U3-6
Added Pin To Net: NetName=GND Pin=U3-7
Added Pin To Net: NetName=SDA Pin=U3-8
Added Pin To Net: NetName=VDD Pin=U3-9
Added Pin To Net: NetName=PLC Pin=U3-11
Added Pin To Net: NetName=SW Pin=U3-12
Added Pin To Net: NetName=Err_IDC Pin=U3-13
Added Pin To Net: NetName=V_DET Pin=U3-14
Added Pin To Net: NetName=BW Pin=U3-15
Added Pin To Net: NetName=FW Pin=U3-16
Added Pin To Net: NetName=HI Pin=U3-17
Added Pin To Net: NetName=SCL Pin=U3-18
Added Pin To Net: NetName=LI Pin=U3-19
Added Pin To Net: NetName=MOS_DET Pin=U3-20
Added Pin To Net: NetName=15V Pin=U4-1
Added Pin To Net: NetName=HI Pin=U4-2
Added Pin To Net: NetName=LI Pin=U4-3
Added Pin To Net: NetName=GND Pin=U4-4
Added Pin To Net: NetName=LO Pin=U4-5
Added Pin To Net: NetName=NetC9_2 Pin=U4-6
Added Pin To Net: NetName=HO Pin=U4-7
Added Pin To Net: NetName=NetC9_1 Pin=U4-8
Change Net Name : Old Net Name=NetC6_2 New Net Name=NetC12_1
Change Net Name : Old Net Name=NetC7_2 New Net Name=NetC7_1
Change Net Name : Old Net Name=NetC12_2 New Net Name=NetC6_1
Added Member To Class: ClassName=Single motor monitoring Beta Member=Component R2 T501348102129
Added Member To Class: ClassName=Single motor monitoring Beta Member=Component R3 T501348102129
Added Member To Class: ClassName=Single motor monitoring Beta Member=Component R4 T501348102129
Added Member To Class: ClassName=Single motor monitoring Beta Member=Component R5 T501348102129
Added Member To Class: ClassName=Single motor monitoring Beta Member=Component R7 T501348102129
Added Member To Class: ClassName=Single motor monitoring Beta Member=Component R8 T501348102129
Added Member To Class: ClassName=Single motor monitoring Beta Member=Component R9 T501348102129
Added Member To Class: ClassName=Single motor monitoring Beta Member=Component R10 T501348102129
Added Member To Class: ClassName=Single motor monitoring Beta Member=Component R11 T501348102129
Added Member To Class: ClassName=Single motor monitoring Beta Member=Component R12 T501348102129
Added Member To Class: ClassName=Single motor monitoring Beta Member=Component R13 T501348102129
Added Member To Class: ClassName=Single motor monitoring Beta Member=Component R14 T501348102129
Added Member To Class: ClassName=Single motor monitoring Beta Member=Component R15 T501348102129
Added Member To Class: ClassName=Single motor monitoring Beta Member=Component R16 T501348102129
Added Member To Class: ClassName=Single motor monitoring Beta Member=Component R17 T501348102129
Added Member To Class: ClassName=Single motor monitoring Beta Member=Component R18 QHE505000-5190
Added Member To Class: ClassName=Single motor monitoring Beta Member=Component R19 QHE505000-5190
Added Member To Class: ClassName=Single motor monitoring Beta Member=Component R20 T501348102129
Added Member To Class: ClassName=Single motor monitoring Beta Member=Component R21 T501348102129
Added Member To Class: ClassName=Single motor monitoring Beta Member=Component R22 T501348102129
Added Member To Class: ClassName=Single motor monitoring Beta Member=Component R23 T501348102129
Added Member To Class: ClassName=Single motor monitoring Beta Member=Component SW1 MSWA06012-0010
Added Member To Class: ClassName=Single motor monitoring Beta Member=Component U3 RCI800336-0001
Added Member To Class: ClassName=Single motor monitoring Beta Member=Component U4 T610900027257
Added Room: Name=Single motor monitoring Beta
