Removed Pin From Net: NetName=A_SEN Pin=U3-1
Removed Pin From Net: NetName=OCP/TX Pin=U3-2
Removed Pin From Net: NetName=RX Pin=U3-3
Removed Pin From Net: NetName=RST Pin=U3-4
Removed Pin From Net: NetName=H/L/BRK Pin=U3-5
Removed Pin From Net: NetName=Hall Pin=U3-6
Removed Pin From Net: NetName=GND Pin=U3-7
Removed Pin From Net: NetName=SDA Pin=U3-8
Removed Pin From Net: NetName=VDD Pin=U3-9
Removed Pin From Net: NetName=PLC Pin=U3-11
Removed Pin From Net: NetName=SW Pin=U3-12
Removed Pin From Net: NetName=Err_IDC Pin=U3-13
Removed Pin From Net: NetName=V_DET Pin=U3-14
Removed Pin From Net: NetName=BW Pin=U3-15
Removed Pin From Net: NetName=FW Pin=U3-16
Removed Pin From Net: NetName=HI Pin=U3-17
Removed Pin From Net: NetName=SCL Pin=U3-18
Removed Pin From Net: NetName=LI Pin=U3-19
Removed Pin From Net: NetName=MOS_DET Pin=U3-20
Removed Member From Class: ClassName=Single motor monitoring Beta Member=U3
Added Component: Designator=C?(CAP_Radial_D18L28P7.5)
Add component (AddParameter): Name = "Customer Specific"; Value = "N/A"; VariantName = "[No Variations]"
Add component (AddParameter): Name = "DIP&SMD"; Value = "DIP"; VariantName = "[No Variations]"
Add component (AddParameter): Name = "MFG"; Value = "NORMAL"; VariantName = "[No Variations]"
Add component (AddParameter): Name = "MFG Part"; Value = "KM222M1HBKJ1828VBK"; VariantName = "[No Variations]"
Add component (AddParameter): Name = "Other"; Value = ""; VariantName = "[No Variations]"
Add component (AddParameter): Name = "PACKAGE"; Value = "2200uF/50V"; VariantName = "[No Variations]"
Add component (AddParameter): Name = "SAP"; Value = "T552222464010"; VariantName = "[No Variations]"
Add component (AddParameter): Name = "Tolerance"; Value = "20%"; VariantName = "[No Variations]"
Add component (AddParameter): Name = "Type"; Value = "Capacitor"; VariantName = "[No Variations]"
Add component (AddParameter): Name = "Value"; Value = "2200uF"; VariantName = "[No Variations]"
Add component (AddParameter): Name = "Vendor Code"; Value = "10020154"; VariantName = "[No Variations]"
Add component (AddParameter): Name = "Vendor Name"; Value = "惠州市佳维诚电子有限公司"; VariantName = "[No Variations]"
Add component (AddParameter): Name = "Voltage"; Value = "50V"; VariantName = "[No Variations]"
Added Component: Designator=U?(TSSOP20)
Add component (AddParameter): Name = "CREATE_NAME"; Value = "GordonL@Deftronics"; VariantName = "[No Variations]"
Add component (AddParameter): Name = "CREATE_TIME"; Value = "23-Mar-2014"; VariantName = "[No Variations]"
Add component (AddParameter): Name = "Customer Specific"; Value = "N/A"; VariantName = "[No Variations]"
Add component (AddParameter): Name = "DIP&SMD"; Value = "SMD"; VariantName = "[No Variations]"
Add component (AddParameter): Name = "MFG"; Value = "ST"; VariantName = "[No Variations]"
Add component (AddParameter): Name = "MFG Part"; Value = "STM8S003F3P6"; VariantName = "[No Variations]"
Add component (AddParameter): Name = "SAP"; Value = "T610300083725"; VariantName = "[No Variations]"
Add component (AddParameter): Name = "Type"; Value = "IC"; VariantName = "[No Variations]"
Add component (AddParameter): Name = "Vendor Code"; Value = ""; VariantName = "[No Variations]"
Add component (AddParameter): Name = "Vendor Name"; Value = ""; VariantName = "[No Variations]"
Added Pin To Net: NetName=V_Bat Pin=C?-1
Added Pin To Net: NetName=GND Pin=C?-2
Added Pin To Net: NetName=A_SEN Pin=U?-1
Added Pin To Net: NetName=OCP/TX Pin=U?-2
Added Pin To Net: NetName=RX Pin=U?-3
Added Pin To Net: NetName=RST Pin=U?-4
Added Pin To Net: NetName=H/L/BRK Pin=U?-5
Added Pin To Net: NetName=Hall Pin=U?-6
Added Pin To Net: NetName=GND Pin=U?-7
Added Pin To Net: NetName=SDA Pin=U?-8
Added Pin To Net: NetName=VDD Pin=U?-9
Added Pin To Net: NetName=PLC Pin=U?-11
Added Pin To Net: NetName=SW Pin=U?-12
Added Pin To Net: NetName=Err_IDC Pin=U?-13
Added Pin To Net: NetName=V_DET Pin=U?-14
Added Pin To Net: NetName=BW Pin=U?-15
Added Pin To Net: NetName=FW Pin=U?-16
Added Pin To Net: NetName=HI Pin=U?-17
Added Pin To Net: NetName=SCL Pin=U?-18
Added Pin To Net: NetName=LI Pin=U?-19
Added Pin To Net: NetName=MOS_DET Pin=U?-20
Added Member To Class: ClassName=Single motor monitoring Beta Member=Component C? PVE099570-2220
Added Member To Class: ClassName=Single motor monitoring Beta Member=Component U? RCI800336-0001
Added Room: Name=Single motor monitoring Beta
