Removed Pin From Net: NetName=WS_DI Pin=U1-16
Added Component: Designator=R1(0402-RW)
Add component (AddParameter): Name = "CREATE_NAME"; Value = "TOM@Deftronics"; VariantName = "[No Variations]"
Add component (AddParameter): Name = "CREATE_TIME"; Value = "05-Jun-2014"; VariantName = "[No Variations]"
Add component (AddParameter): Name = "Customer Specific"; Value = "N/A"; VariantName = "[No Variations]"
Add component (AddParameter): Name = "DIP&SMD"; Value = "SMD"; VariantName = "[No Variations]"
Add component (AddParameter): Name = "MFG"; Value = ""; VariantName = "[No Variations]"
Add component (AddParameter): Name = "MFG Part"; Value = ""; VariantName = "[No Variations]"
Add component (AddParameter): Name = "Package"; Value = "0402"; VariantName = "[No Variations]"
Add component (AddParameter): Name = "Power"; Value = "1/16W"; VariantName = "[No Variations]"
Add component (AddParameter): Name = "SAP"; Value = "T501100001129"; VariantName = "[No Variations]"
Add component (AddParameter): Name = "Type"; Value = "Resistor"; VariantName = "[No Variations]"
Add component (AddParameter): Name = "Value"; Value = "33R"; VariantName = "[No Variations]"
Add component (AddParameter): Name = "Vendor Code"; Value = ""; VariantName = "[No Variations]"
Add component (AddParameter): Name = "Vendor Name"; Value = ""; VariantName = "[No Variations]"
Added Pin To Net: NetName=WS_DI Pin=R1-2
Added Pin To Net: NetName=NetR1_1 Pin=R1-1
Added Pin To Net: NetName=NetR1_1 Pin=U1-16
Added Net: Name=NetR1_1
Added Member To Class: ClassName=LED strip driver Member=Component R1 QCF167240-1000
