Removed Pin From Net: NetName=GND Pin=J1-0
Removed Pin From Net: NetName=GND Pin=J1-0
Removed Pin From Net: NetName=POT13 Pin=J1-1
Removed Pin From Net: NetName=POT12 Pin=J1-2
Removed Pin From Net: NetName=GND Pin=J1-3
Removed Pin From Net: NetName=POT16 Pin=J1-4
Removed Pin From Net: NetName=POT15 Pin=J1-5
Removed Pin From Net: NetName=POT25 Pin=J1-6
Removed Pin From Net: NetName=POT26 Pin=J1-7
Removed Pin From Net: NetName=GND Pin=J1-8
Removed Pin From Net: NetName=POT22 Pin=J1-9
Removed Pin From Net: NetName=POT23 Pin=J1-10
Removed Pin From Net: NetName=NetJD1_6 Pin=JD1-6
Removed Pin From Net: NetName=AUXIN_VOL1 Pin=JD1-7
Removed Pin From Net: NetName=D1.2V Pin=JD1-8
Removed Pin From Net: NetName=M3V3 Pin=JD1-9
Removed Pin From Net: NetName=GND Pin=JD1-10
Removed Pin From Net: NetName=GND Pin=JD1-11
Removed Member From Class: ClassName=Bullseye Volume Board Rev 0.0.2 Member=J1
Removed Member From Class: ClassName=Bullseye Volume Board Rev 0.0.2 Member=JD1
Change Component Designator: OldDesignator=J? NewDesignator=JD1
Added Pin To Net: NetName=GND Pin=JD1-1
Added Pin To Net: NetName=GND Pin=JD1-2
Added Pin To Net: NetName=M3V3 Pin=JD1-3
Added Pin To Net: NetName=D1.2V Pin=JD1-4
Added Pin To Net: NetName=AUXIN_VOL1 Pin=JD1-5
Added Pin To Net: NetName=NetJD1_6 Pin=JD1-6
Added Pin To Net: NetName=GND Pin=JD1-12
Added Pin To Net: NetName=POT23 Pin=JD1-13
Added Pin To Net: NetName=POT22 Pin=JD1-14
Added Pin To Net: NetName=GND Pin=JD1-15
Added Pin To Net: NetName=POT25 Pin=JD1-16
Added Pin To Net: NetName=POT26 Pin=JD1-17
Added Pin To Net: NetName=POT16 Pin=JD1-18
Added Pin To Net: NetName=POT15 Pin=JD1-19
Added Pin To Net: NetName=GND Pin=JD1-20
Added Pin To Net: NetName=POT12 Pin=JD1-21
Added Pin To Net: NetName=POT13 Pin=JD1-22
Added Pin To Net: NetName=NetJD1_7 Pin=JD1-7
Added Pin To Net: NetName=NetJD1_7 Pin=R15-2
Added Pin To Net: NetName=NetJD1_7 Pin=TP24-1
Added Net: Name=NetJD1_7
Added Pin To Net: NetName=NetJD1_8 Pin=JD1-8
Added Pin To Net: NetName=NetJD1_8 Pin=R10-2
Added Pin To Net: NetName=NetJD1_8 Pin=TP18-1
Added Net: Name=NetJD1_8
Added Pin To Net: NetName=NetJD1_9 Pin=JD1-9
Added Pin To Net: NetName=NetJD1_9 Pin=R9-2
Added Pin To Net: NetName=NetJD1_9 Pin=TP16-1
Added Net: Name=NetJD1_9
Added Pin To Net: NetName=NetJD1_10 Pin=JD1-10
Added Pin To Net: NetName=NetJD1_10 Pin=R5-2
Added Pin To Net: NetName=NetJD1_10 Pin=TP9-1
Added Net: Name=NetJD1_10
Added Pin To Net: NetName=NetJD1_11 Pin=JD1-11
Added Pin To Net: NetName=NetJD1_11 Pin=R3-2
Added Pin To Net: NetName=NetJD1_11 Pin=TP2-1
Added Net: Name=NetJD1_11
Added Room: Name=Bullseye Volume Board Rev 0.0.2
