Added Component: Designator=DCIN1(KF/WJ/DG 301-2p-5.0mm)
Added Component: Designator=DCIN2(KF/WJ/DG 301-2p-5.0mm)
Added Component: Designator=MOTOR1(KF/WJ/DG 301-3p-5.0mm)
Added Component: Designator=SW1(HDR2X5)
Add component (AddParameter): Name = "LatestRevisionDate"; Value = "17-Jul-2002"; VariantName = "[No Variations]"
Add component (AddParameter): Name = "LatestRevisionNote"; Value = "Re-released for DXP Platform."; VariantName = "[No Variations]"
Add component (AddParameter): Name = "Price(RMB)"; Value = "0.00"; VariantName = "[No Variations]"
Add component (AddParameter): Name = "Publisher"; Value = "Altium Limited"; VariantName = "[No Variations]"
Added Pin To Net: NetName=GND Pin=DCIN1-1
Added Pin To Net: NetName=V_Bat Pin=DCIN1-2
Added Pin To Net: NetName=GND Pin=DCIN2-1
Added Pin To Net: NetName=NetD4_1 Pin=DCIN2-2
Added Pin To Net: NetName=PC Pin=MOTOR1-1
Added Pin To Net: NetName=PB Pin=MOTOR1-2
Added Pin To Net: NetName=PA Pin=MOTOR1-3
Added Pin To Net: NetName=5V Pin=SW1-2
Added Pin To Net: NetName=RST Pin=SW1-3
Added Pin To Net: NetName=I2C1_SCL Pin=SW1-5
Added Pin To Net: NetName=I2C1_SDA Pin=SW1-6
Added Pin To Net: NetName=GND Pin=SW1-7
Added Pin To Net: NetName=SWDIO Pin=SW1-8
Added Pin To Net: NetName=GND Pin=SW1-9
Added Pin To Net: NetName=SWCLK Pin=SW1-10
Add Pin To Net: Unknown Pin: Pin U1-0
Add Pin To Net: Unknown Pin: Pin U1-2
Added Member To Class: ClassName=E-scooter Member=Component DCIN1 KF/WJ/DG 30x connecter
Added Member To Class: ClassName=Connector Member=Component DCIN2 KF/WJ/DG 30x connecter
Added Member To Class: ClassName=Connector Member=Component MOTOR1 KF/WJ/DG 30x connecter
Added Member To Class: ClassName=Connector Member=Component SW1 Header 5X2
