Removed Pin From Net: NetName=LO1 Pin=U3-5
Removed Pin From Net: NetName=HO1 Pin=U3-7
Removed Pin From Net: NetName=LO2 Pin=U5-5
Removed Pin From Net: NetName=HO2 Pin=U5-7
Removed Pin From Net: NetName=LO3 Pin=U6-5
Removed Pin From Net: NetName=HO3 Pin=U6-7
Added Component: Designator=R47(0603)
Add component (AddParameter): Name = "CREATE_NAME"; Value = "Nathan"; VariantName = "[No Variations]"
Add component (AddParameter): Name = "CREATE_TIME"; Value = "23-July-2019"; VariantName = "[No Variations]"
Add component (AddParameter): Name = "Customer Specific"; Value = "N/A"; VariantName = "[No Variations]"
Add component (AddParameter): Name = "DIP&SMD"; Value = "SMD"; VariantName = "[No Variations]"
Add component (AddParameter): Name = "MFG"; Value = "WALSIN (A新)"; VariantName = "[No Variations]"
Add component (AddParameter): Name = "MFG Part"; Value = "WR02X4421FAL"; VariantName = "[No Variations]"
Add component (AddParameter): Name = "PACKAGE"; Value = "0603"; VariantName = "[No Variations]"
Add component (AddParameter): Name = "Power"; Value = "1/20W"; VariantName = "[No Variations]"
Add component (AddParameter): Name = "SAP"; Value = "T5024421083A9"; VariantName = "[No Variations]"
Add component (AddParameter): Name = "TOL"; Value = "1%"; VariantName = "[No Variations]"
Add component (AddParameter): Name = "Type"; Value = "Resistor"; VariantName = "[No Variations]"
Add component (AddParameter): Name = "Value"; Value = "100"; VariantName = "[No Variations]"
Add component (AddParameter): Name = "Vendor Code"; Value = ""; VariantName = "[No Variations]"
Add component (AddParameter): Name = "Vendor Name"; Value = ""; VariantName = "[No Variations]"
Added Component: Designator=R48(0603)
Add component (AddParameter): Name = "CREATE_NAME"; Value = "Nathan"; VariantName = "[No Variations]"
Add component (AddParameter): Name = "CREATE_TIME"; Value = "23-July-2019"; VariantName = "[No Variations]"
Add component (AddParameter): Name = "Customer Specific"; Value = "N/A"; VariantName = "[No Variations]"
Add component (AddParameter): Name = "DIP&SMD"; Value = "SMD"; VariantName = "[No Variations]"
Add component (AddParameter): Name = "MFG"; Value = "WALSIN (A新)"; VariantName = "[No Variations]"
Add component (AddParameter): Name = "MFG Part"; Value = "WR02X4421FAL"; VariantName = "[No Variations]"
Add component (AddParameter): Name = "PACKAGE"; Value = "0603"; VariantName = "[No Variations]"
Add component (AddParameter): Name = "Power"; Value = "1/20W"; VariantName = "[No Variations]"
Add component (AddParameter): Name = "SAP"; Value = "T5024421083A9"; VariantName = "[No Variations]"
Add component (AddParameter): Name = "TOL"; Value = "1%"; VariantName = "[No Variations]"
Add component (AddParameter): Name = "Type"; Value = "Resistor"; VariantName = "[No Variations]"
Add component (AddParameter): Name = "Value"; Value = "100"; VariantName = "[No Variations]"
Add component (AddParameter): Name = "Vendor Code"; Value = ""; VariantName = "[No Variations]"
Add component (AddParameter): Name = "Vendor Name"; Value = ""; VariantName = "[No Variations]"
Added Component: Designator=R49(0603)
Add component (AddParameter): Name = "CREATE_NAME"; Value = "Nathan"; VariantName = "[No Variations]"
Add component (AddParameter): Name = "CREATE_TIME"; Value = "23-July-2019"; VariantName = "[No Variations]"
Add component (AddParameter): Name = "Customer Specific"; Value = "N/A"; VariantName = "[No Variations]"
Add component (AddParameter): Name = "DIP&SMD"; Value = "SMD"; VariantName = "[No Variations]"
Add component (AddParameter): Name = "MFG"; Value = "WALSIN (A新)"; VariantName = "[No Variations]"
Add component (AddParameter): Name = "MFG Part"; Value = "WR02X4421FAL"; VariantName = "[No Variations]"
Add component (AddParameter): Name = "PACKAGE"; Value = "0603"; VariantName = "[No Variations]"
Add component (AddParameter): Name = "Power"; Value = "1/20W"; VariantName = "[No Variations]"
Add component (AddParameter): Name = "SAP"; Value = "T5024421083A9"; VariantName = "[No Variations]"
Add component (AddParameter): Name = "TOL"; Value = "1%"; VariantName = "[No Variations]"
Add component (AddParameter): Name = "Type"; Value = "Resistor"; VariantName = "[No Variations]"
Add component (AddParameter): Name = "Value"; Value = "100"; VariantName = "[No Variations]"
Add component (AddParameter): Name = "Vendor Code"; Value = ""; VariantName = "[No Variations]"
Add component (AddParameter): Name = "Vendor Name"; Value = ""; VariantName = "[No Variations]"
Added Component: Designator=R50(0603)
Add component (AddParameter): Name = "CREATE_NAME"; Value = "Nathan"; VariantName = "[No Variations]"
Add component (AddParameter): Name = "CREATE_TIME"; Value = "23-July-2019"; VariantName = "[No Variations]"
Add component (AddParameter): Name = "Customer Specific"; Value = "N/A"; VariantName = "[No Variations]"
Add component (AddParameter): Name = "DIP&SMD"; Value = "SMD"; VariantName = "[No Variations]"
Add component (AddParameter): Name = "MFG"; Value = "WALSIN (A新)"; VariantName = "[No Variations]"
Add component (AddParameter): Name = "MFG Part"; Value = "WR02X4421FAL"; VariantName = "[No Variations]"
Add component (AddParameter): Name = "PACKAGE"; Value = "0603"; VariantName = "[No Variations]"
Add component (AddParameter): Name = "Power"; Value = "1/20W"; VariantName = "[No Variations]"
Add component (AddParameter): Name = "SAP"; Value = "T5024421083A9"; VariantName = "[No Variations]"
Add component (AddParameter): Name = "TOL"; Value = "1%"; VariantName = "[No Variations]"
Add component (AddParameter): Name = "Type"; Value = "Resistor"; VariantName = "[No Variations]"
Add component (AddParameter): Name = "Value"; Value = "100"; VariantName = "[No Variations]"
Add component (AddParameter): Name = "Vendor Code"; Value = ""; VariantName = "[No Variations]"
Add component (AddParameter): Name = "Vendor Name"; Value = ""; VariantName = "[No Variations]"
Added Component: Designator=R51(0603)
Add component (AddParameter): Name = "CREATE_NAME"; Value = "Nathan"; VariantName = "[No Variations]"
Add component (AddParameter): Name = "CREATE_TIME"; Value = "23-July-2019"; VariantName = "[No Variations]"
Add component (AddParameter): Name = "Customer Specific"; Value = "N/A"; VariantName = "[No Variations]"
Add component (AddParameter): Name = "DIP&SMD"; Value = "SMD"; VariantName = "[No Variations]"
Add component (AddParameter): Name = "MFG"; Value = "WALSIN (A新)"; VariantName = "[No Variations]"
Add component (AddParameter): Name = "MFG Part"; Value = "WR02X4421FAL"; VariantName = "[No Variations]"
Add component (AddParameter): Name = "PACKAGE"; Value = "0603"; VariantName = "[No Variations]"
Add component (AddParameter): Name = "Power"; Value = "1/20W"; VariantName = "[No Variations]"
Add component (AddParameter): Name = "SAP"; Value = "T5024421083A9"; VariantName = "[No Variations]"
Add component (AddParameter): Name = "TOL"; Value = "1%"; VariantName = "[No Variations]"
Add component (AddParameter): Name = "Type"; Value = "Resistor"; VariantName = "[No Variations]"
Add component (AddParameter): Name = "Value"; Value = "100"; VariantName = "[No Variations]"
Add component (AddParameter): Name = "Vendor Code"; Value = ""; VariantName = "[No Variations]"
Add component (AddParameter): Name = "Vendor Name"; Value = ""; VariantName = "[No Variations]"
Added Component: Designator=R52(0603)
Add component (AddParameter): Name = "CREATE_NAME"; Value = "Nathan"; VariantName = "[No Variations]"
Add component (AddParameter): Name = "CREATE_TIME"; Value = "23-July-2019"; VariantName = "[No Variations]"
Add component (AddParameter): Name = "Customer Specific"; Value = "N/A"; VariantName = "[No Variations]"
Add component (AddParameter): Name = "DIP&SMD"; Value = "SMD"; VariantName = "[No Variations]"
Add component (AddParameter): Name = "MFG"; Value = "WALSIN (A新)"; VariantName = "[No Variations]"
Add component (AddParameter): Name = "MFG Part"; Value = "WR02X4421FAL"; VariantName = "[No Variations]"
Add component (AddParameter): Name = "PACKAGE"; Value = "0603"; VariantName = "[No Variations]"
Add component (AddParameter): Name = "Power"; Value = "1/20W"; VariantName = "[No Variations]"
Add component (AddParameter): Name = "SAP"; Value = "T5024421083A9"; VariantName = "[No Variations]"
Add component (AddParameter): Name = "TOL"; Value = "1%"; VariantName = "[No Variations]"
Add component (AddParameter): Name = "Type"; Value = "Resistor"; VariantName = "[No Variations]"
Add component (AddParameter): Name = "Value"; Value = "100"; VariantName = "[No Variations]"
Add component (AddParameter): Name = "Vendor Code"; Value = ""; VariantName = "[No Variations]"
Add component (AddParameter): Name = "Vendor Name"; Value = ""; VariantName = "[No Variations]"
Added Pin To Net: NetName=HO1 Pin=R47-1
Added Pin To Net: NetName=LO1 Pin=R48-1
Added Pin To Net: NetName=HO2 Pin=R49-1
Added Pin To Net: NetName=LO2 Pin=R50-1
Added Pin To Net: NetName=HO3 Pin=R51-1
Added Pin To Net: NetName=LO3 Pin=R52-1
Add Pin To Net: Unknown Pin: Pin U1-0
Add Pin To Net: Unknown Pin: Pin U1-2
Added Pin To Net: NetName=NetR47_2 Pin=R47-2
Added Pin To Net: NetName=NetR47_2 Pin=U3-7
Added Net: Name=NetR47_2
Added Pin To Net: NetName=NetR48_2 Pin=R48-2
Added Pin To Net: NetName=NetR48_2 Pin=U3-5
Added Net: Name=NetR48_2
Added Pin To Net: NetName=NetR49_2 Pin=R49-2
Added Pin To Net: NetName=NetR49_2 Pin=U5-7
Added Net: Name=NetR49_2
Added Pin To Net: NetName=NetR50_2 Pin=R50-2
Added Pin To Net: NetName=NetR50_2 Pin=U5-5
Added Net: Name=NetR50_2
Added Pin To Net: NetName=NetR51_2 Pin=R51-2
Added Pin To Net: NetName=NetR51_2 Pin=U6-7
Added Net: Name=NetR51_2
Added Pin To Net: NetName=NetR52_2 Pin=R52-2
Added Pin To Net: NetName=NetR52_2 Pin=U6-5
Added Net: Name=NetR52_2
Added Member To Class: ClassName=E-scooter Member=Component R47 T5024421083A9
Added Member To Class: ClassName=E-scooter Member=Component R48 T5024421083A9
Added Member To Class: ClassName=E-scooter Member=Component R49 T5024421083A9
Added Member To Class: ClassName=E-scooter Member=Component R50 T5024421083A9
Added Member To Class: ClassName=E-scooter Member=Component R51 T5024421083A9
Added Member To Class: ClassName=E-scooter Member=Component R52 T5024421083A9
Added Room: Name=Connector
Added Room: Name=E-scooter
Added Room: Name=MCU
