Added Component: Designator=R61(0603)
Add component (AddParameter): Name = "CREATE_NAME"; Value = "Nathan"; VariantName = "[No Variations]"
Add component (AddParameter): Name = "CREATE_TIME"; Value = "23-July-2019"; VariantName = "[No Variations]"
Add component (AddParameter): Name = "Customer Specific"; Value = "N/A"; VariantName = "[No Variations]"
Add component (AddParameter): Name = "DIP&SMD"; Value = "SMD"; VariantName = "[No Variations]"
Add component (AddParameter): Name = "MFG"; Value = "WALSIN (ÈAÐÂ)"; VariantName = "[No Variations]"
Add component (AddParameter): Name = "MFG Part"; Value = "WR02X4421FAL"; VariantName = "[No Variations]"
Add component (AddParameter): Name = "PACKAGE"; Value = "0603"; VariantName = "[No Variations]"
Add component (AddParameter): Name = "Power"; Value = "1/20W"; VariantName = "[No Variations]"
Add component (AddParameter): Name = "SAP"; Value = "T5024421083A9"; VariantName = "[No Variations]"
Add component (AddParameter): Name = "TOL"; Value = "1%"; VariantName = "[No Variations]"
Add component (AddParameter): Name = "Type"; Value = "Resistor"; VariantName = "[No Variations]"
Add component (AddParameter): Name = "Value"; Value = "4.7k"; VariantName = "[No Variations]"
Add component (AddParameter): Name = "Vendor Code"; Value = ""; VariantName = "[No Variations]"
Add component (AddParameter): Name = "Vendor Name"; Value = ""; VariantName = "[No Variations]"
Added Component: Designator=R62(0603)
Add component (AddParameter): Name = "CREATE_NAME"; Value = "Nathan"; VariantName = "[No Variations]"
Add component (AddParameter): Name = "CREATE_TIME"; Value = "23-July-2019"; VariantName = "[No Variations]"
Add component (AddParameter): Name = "Customer Specific"; Value = "N/A"; VariantName = "[No Variations]"
Add component (AddParameter): Name = "DIP&SMD"; Value = "SMD"; VariantName = "[No Variations]"
Add component (AddParameter): Name = "MFG"; Value = "WALSIN (ÈAÐÂ)"; VariantName = "[No Variations]"
Add component (AddParameter): Name = "MFG Part"; Value = "WR02X4421FAL"; VariantName = "[No Variations]"
Add component (AddParameter): Name = "PACKAGE"; Value = "0603"; VariantName = "[No Variations]"
Add component (AddParameter): Name = "Power"; Value = "1/20W"; VariantName = "[No Variations]"
Add component (AddParameter): Name = "SAP"; Value = "T5024421083A9"; VariantName = "[No Variations]"
Add component (AddParameter): Name = "TOL"; Value = "1%"; VariantName = "[No Variations]"
Add component (AddParameter): Name = "Type"; Value = "Resistor"; VariantName = "[No Variations]"
Add component (AddParameter): Name = "Value"; Value = "4.7k"; VariantName = "[No Variations]"
Add component (AddParameter): Name = "Vendor Code"; Value = ""; VariantName = "[No Variations]"
Add component (AddParameter): Name = "Vendor Name"; Value = ""; VariantName = "[No Variations]"
Added Pin To Net: NetName=A10 Pin=R61-1
Added Pin To Net: NetName=MCU_5V Pin=R61-2
Added Pin To Net: NetName=A9 Pin=R62-1
Added Pin To Net: NetName=MCU_5V Pin=R62-2
Added Member To Class: ClassName=Connector Member=Component R61 T5024421083A9
Added Member To Class: ClassName=Connector Member=Component R62 T5024421083A9
